{"D:\\Working Folder\\ecommerce-platform\\backend\\src\\app.js": {"path":"D:\\Working Folder\\ecommerce-platform\\backend\\src\\app.js","statementMap":{"0":{"start":{"line":12,"column":0},"end":{"line":12,"column":16}},"1":{"start":{"line":37,"column":12},"end":{"line":37,"column":21}},"2":{"start":{"line":38,"column":0},"end":{"line":38,"column":16}},"3":{"start":{"line":41,"column":0},"end":{"line":44,"column":4}},"4":{"start":{"line":47,"column":0},"end":{"line":47,"column":18}},"5":{"start":{"line":50,"column":0},"end":{"line":52,"column":1}},"6":{"start":{"line":51,"column":2},"end":{"line":51,"column":25}},"7":{"start":{"line":55,"column":0},"end":{"line":55,"column":83}},"8":{"start":{"line":58,"column":0},"end":{"line":58,"column":24}},"9":{"start":{"line":59,"column":0},"end":{"line":59,"column":48}},"10":{"start":{"line":60,"column":0},"end":{"line":60,"column":24}},"11":{"start":{"line":63,"column":0},"end":{"line":63,"column":25}},"12":{"start":{"line":67,"column":0},"end":{"line":67,"column":15}},"13":{"start":{"line":70,"column":19},"end":{"line":79,"column":2}},"14":{"start":{"line":81,"column":20},"end":{"line":88,"column":2}},"15":{"start":{"line":90,"column":23},"end":{"line":97,"column":2}},"16":{"start":{"line":99,"column":0},"end":{"line":99,"column":40}},"17":{"start":{"line":100,"column":0},"end":{"line":100,"column":42}},"18":{"start":{"line":101,"column":0},"end":{"line":101,"column":50}},"19":{"start":{"line":102,"column":0},"end":{"line":102,"column":37}},"20":{"start":{"line":103,"column":0},"end":{"line":103,"column":40}},"21":{"start":{"line":106,"column":0},"end":{"line":106,"column":68}},"22":{"start":{"line":109,"column":0},"end":{"line":109,"column":33}},"23":{"start":{"line":110,"column":0},"end":{"line":110,"column":40}},"24":{"start":{"line":111,"column":0},"end":{"line":111,"column":43}},"25":{"start":{"line":112,"column":0},"end":{"line":112,"column":36}},"26":{"start":{"line":113,"column":0},"end":{"line":113,"column":33}},"27":{"start":{"line":114,"column":0},"end":{"line":114,"column":41}},"28":{"start":{"line":115,"column":0},"end":{"line":115,"column":38}},"29":{"start":{"line":116,"column":0},"end":{"line":116,"column":36}},"30":{"start":{"line":117,"column":0},"end":{"line":117,"column":40}},"31":{"start":{"line":118,"column":0},"end":{"line":118,"column":35}},"32":{"start":{"line":119,"column":0},"end":{"line":119,"column":45}},"33":{"start":{"line":120,"column":0},"end":{"line":120,"column":41}},"34":{"start":{"line":121,"column":0},"end":{"line":121,"column":43}},"35":{"start":{"line":122,"column":0},"end":{"line":122,"column":50}},"36":{"start":{"line":123,"column":0},"end":{"line":123,"column":38}},"37":{"start":{"line":124,"column":0},"end":{"line":124,"column":39}},"38":{"start":{"line":127,"column":0},"end":{"line":129,"column":3}},"39":{"start":{"line":128,"column":2},"end":{"line":128,"column":57}},"40":{"start":{"line":132,"column":0},"end":{"line":132,"column":18}},"41":{"start":{"line":133,"column":0},"end":{"line":133,"column":22}}},"fnMap":{"0":{"name":"(anonymous_0)","decl":{"start":{"line":127,"column":19},"end":{"line":127,"column":20}},"loc":{"start":{"line":127,"column":33},"end":{"line":129,"column":1}},"line":127}},"branchMap":{"0":{"loc":{"start":{"line":42,"column":10},"end":{"line":42,"column":88}},"type":"binary-expr","locations":[{"start":{"line":42,"column":10},"end":{"line":42,"column":34}},{"start":{"line":42,"column":38},"end":{"line":42,"column":88}}],"line":42},"1":{"loc":{"start":{"line":50,"column":0},"end":{"line":52,"column":1}},"type":"if","locations":[{"start":{"line":50,"column":0},"end":{"line":52,"column":1}},{"start":{},"end":{}}],"line":50}},"s":{"0":4,"1":4,"2":4,"3":4,"4":4,"5":4,"6":0,"7":4,"8":4,"9":4,"10":4,"11":4,"12":4,"13":4,"14":4,"15":4,"16":4,"17":4,"18":4,"19":4,"20":4,"21":4,"22":4,"23":4,"24":4,"25":4,"26":4,"27":4,"28":4,"29":4,"30":4,"31":4,"32":4,"33":4,"34":4,"35":4,"36":4,"37":4,"38":4,"39":0,"40":4,"41":4},"f":{"0":0},"b":{"0":[4,0],"1":[0,4]},"inputSourceMap":null,"_coverageSchema":"1a1c01bbd47fc00a2c39e90264f33305004495a9","hash":"16dbbf0cfcf89ec2c3480186eb61f08931050873"}
,"D:\\Working Folder\\ecommerce-platform\\backend\\src\\server.js": {"path":"D:\\Working Folder\\ecommerce-platform\\backend\\src\\server.js","statementMap":{"0":{"start":{"line":7,"column":0},"end":{"line":7,"column":16}},"1":{"start":{"line":10,"column":0},"end":{"line":10,"column":12}},"2":{"start":{"line":12,"column":21},"end":{"line":12,"column":45}},"3":{"start":{"line":13,"column":25},"end":{"line":13,"column":27}},"4":{"start":{"line":15,"column":13},"end":{"line":15,"column":17}},"5":{"start":{"line":21,"column":2},"end":{"line":54,"column":5}},"6":{"start":{"line":22,"column":22},"end":{"line":22,"column":31}},"7":{"start":{"line":23,"column":19},"end":{"line":23,"column":20}},"8":{"start":{"line":25,"column":20},"end":{"line":51,"column":5}},"9":{"start":{"line":26,"column":6},"end":{"line":29,"column":7}},"10":{"start":{"line":27,"column":8},"end":{"line":27,"column":94}},"11":{"start":{"line":28,"column":8},"end":{"line":28,"column":15}},"12":{"start":{"line":31,"column":25},"end":{"line":31,"column":39}},"13":{"start":{"line":33,"column":6},"end":{"line":43,"column":9}},"14":{"start":{"line":34,"column":8},"end":{"line":42,"column":9}},"15":{"start":{"line":35,"column":10},"end":{"line":35,"column":103}},"16":{"start":{"line":36,"column":10},"end":{"line":36,"column":24}},"17":{"start":{"line":37,"column":10},"end":{"line":37,"column":21}},"18":{"start":{"line":38,"column":10},"end":{"line":38,"column":29}},"19":{"start":{"line":39,"column":10},"end":{"line":39,"column":20}},"20":{"start":{"line":41,"column":10},"end":{"line":41,"column":22}},"21":{"start":{"line":45,"column":6},"end":{"line":48,"column":9}},"22":{"start":{"line":46,"column":8},"end":{"line":46,"column":27}},"23":{"start":{"line":47,"column":8},"end":{"line":47,"column":29}},"24":{"start":{"line":50,"column":6},"end":{"line":50,"column":37}},"25":{"start":{"line":53,"column":4},"end":{"line":53,"column":14}},"26":{"start":{"line":61,"column":2},"end":{"line":87,"column":3}},"27":{"start":{"line":62,"column":26},"end":{"line":62,"column":63}},"28":{"start":{"line":64,"column":4},"end":{"line":70,"column":7}},"29":{"start":{"line":65,"column":6},"end":{"line":65,"column":112}},"30":{"start":{"line":67,"column":6},"end":{"line":69,"column":7}},"31":{"start":{"line":68,"column":8},"end":{"line":68,"column":115}},"32":{"start":{"line":73,"column":4},"end":{"line":82,"column":7}},"33":{"start":{"line":74,"column":6},"end":{"line":81,"column":7}},"34":{"start":{"line":75,"column":8},"end":{"line":75,"column":80}},"35":{"start":{"line":76,"column":8},"end":{"line":76,"column":96}},"36":{"start":{"line":77,"column":8},"end":{"line":77,"column":24}},"37":{"start":{"line":79,"column":8},"end":{"line":79,"column":55}},"38":{"start":{"line":80,"column":8},"end":{"line":80,"column":24}},"39":{"start":{"line":85,"column":4},"end":{"line":85,"column":77}},"40":{"start":{"line":86,"column":4},"end":{"line":86,"column":20}},"41":{"start":{"line":91,"column":0},"end":{"line":91,"column":14}},"42":{"start":{"line":94,"column":25},"end":{"line":111,"column":1}},"43":{"start":{"line":95,"column":2},"end":{"line":95,"column":77}},"44":{"start":{"line":97,"column":2},"end":{"line":110,"column":3}},"45":{"start":{"line":98,"column":4},"end":{"line":101,"column":7}},"46":{"start":{"line":99,"column":6},"end":{"line":99,"column":49}},"47":{"start":{"line":100,"column":6},"end":{"line":100,"column":22}},"48":{"start":{"line":104,"column":4},"end":{"line":107,"column":14}},"49":{"start":{"line":105,"column":6},"end":{"line":105,"column":62}},"50":{"start":{"line":106,"column":6},"end":{"line":106,"column":22}},"51":{"start":{"line":109,"column":4},"end":{"line":109,"column":20}},"52":{"start":{"line":114,"column":0},"end":{"line":114,"column":57}},"53":{"start":{"line":114,"column":28},"end":{"line":114,"column":55}},"54":{"start":{"line":115,"column":0},"end":{"line":115,"column":55}},"55":{"start":{"line":115,"column":27},"end":{"line":115,"column":53}},"56":{"start":{"line":118,"column":0},"end":{"line":126,"column":3}},"57":{"start":{"line":119,"column":2},"end":{"line":119,"column":63}},"58":{"start":{"line":121,"column":2},"end":{"line":125,"column":3}},"59":{"start":{"line":122,"column":4},"end":{"line":122,"column":40}},"60":{"start":{"line":122,"column":23},"end":{"line":122,"column":38}},"61":{"start":{"line":124,"column":4},"end":{"line":124,"column":20}},"62":{"start":{"line":129,"column":0},"end":{"line":138,"column":3}},"63":{"start":{"line":130,"column":2},"end":{"line":130,"column":62}},"64":{"start":{"line":131,"column":2},"end":{"line":131,"column":27}},"65":{"start":{"line":133,"column":2},"end":{"line":137,"column":3}},"66":{"start":{"line":134,"column":4},"end":{"line":134,"column":40}},"67":{"start":{"line":134,"column":23},"end":{"line":134,"column":38}},"68":{"start":{"line":136,"column":4},"end":{"line":136,"column":20}}},"fnMap":{"0":{"name":"findAvailablePort","decl":{"start":{"line":20,"column":15},"end":{"line":20,"column":32}},"loc":{"start":{"line":20,"column":44},"end":{"line":55,"column":1}},"line":20},"1":{"name":"(anonymous_1)","decl":{"start":{"line":21,"column":21},"end":{"line":21,"column":22}},"loc":{"start":{"line":21,"column":42},"end":{"line":54,"column":3}},"line":21},"2":{"name":"(anonymous_2)","decl":{"start":{"line":25,"column":20},"end":{"line":25,"column":21}},"loc":{"start":{"line":25,"column":26},"end":{"line":51,"column":5}},"line":25},"3":{"name":"(anonymous_3)","decl":{"start":{"line":33,"column":31},"end":{"line":33,"column":32}},"loc":{"start":{"line":33,"column":40},"end":{"line":43,"column":7}},"line":33},"4":{"name":"(anonymous_4)","decl":{"start":{"line":45,"column":35},"end":{"line":45,"column":36}},"loc":{"start":{"line":45,"column":41},"end":{"line":48,"column":7}},"line":45},"5":{"name":"startServer","decl":{"start":{"line":60,"column":15},"end":{"line":60,"column":26}},"loc":{"start":{"line":60,"column":29},"end":{"line":88,"column":1}},"line":60},"6":{"name":"(anonymous_6)","decl":{"start":{"line":64,"column":39},"end":{"line":64,"column":40}},"loc":{"start":{"line":64,"column":45},"end":{"line":70,"column":5}},"line":64},"7":{"name":"(anonymous_7)","decl":{"start":{"line":73,"column":23},"end":{"line":73,"column":24}},"loc":{"start":{"line":73,"column":32},"end":{"line":82,"column":5}},"line":73},"8":{"name":"(anonymous_8)","decl":{"start":{"line":94,"column":25},"end":{"line":94,"column":26}},"loc":{"start":{"line":94,"column":37},"end":{"line":111,"column":1}},"line":94},"9":{"name":"(anonymous_9)","decl":{"start":{"line":98,"column":17},"end":{"line":98,"column":18}},"loc":{"start":{"line":98,"column":23},"end":{"line":101,"column":5}},"line":98},"10":{"name":"(anonymous_10)","decl":{"start":{"line":104,"column":15},"end":{"line":104,"column":16}},"loc":{"start":{"line":104,"column":21},"end":{"line":107,"column":5}},"line":104},"11":{"name":"(anonymous_11)","decl":{"start":{"line":114,"column":22},"end":{"line":114,"column":23}},"loc":{"start":{"line":114,"column":28},"end":{"line":114,"column":55}},"line":114},"12":{"name":"(anonymous_12)","decl":{"start":{"line":115,"column":21},"end":{"line":115,"column":22}},"loc":{"start":{"line":115,"column":27},"end":{"line":115,"column":53}},"line":115},"13":{"name":"(anonymous_13)","decl":{"start":{"line":118,"column":33},"end":{"line":118,"column":34}},"loc":{"start":{"line":118,"column":51},"end":{"line":126,"column":1}},"line":118},"14":{"name":"(anonymous_14)","decl":{"start":{"line":122,"column":17},"end":{"line":122,"column":18}},"loc":{"start":{"line":122,"column":23},"end":{"line":122,"column":38}},"line":122},"15":{"name":"(anonymous_15)","decl":{"start":{"line":129,"column":32},"end":{"line":129,"column":33}},"loc":{"start":{"line":129,"column":41},"end":{"line":138,"column":1}},"line":129},"16":{"name":"(anonymous_16)","decl":{"start":{"line":134,"column":17},"end":{"line":134,"column":18}},"loc":{"start":{"line":134,"column":23},"end":{"line":134,"column":38}},"line":134}},"branchMap":{"0":{"loc":{"start":{"line":12,"column":21},"end":{"line":12,"column":45}},"type":"binary-expr","locations":[{"start":{"line":12,"column":21},"end":{"line":12,"column":37}},{"start":{"line":12,"column":41},"end":{"line":12,"column":45}}],"line":12},"1":{"loc":{"start":{"line":26,"column":6},"end":{"line":29,"column":7}},"type":"if","locations":[{"start":{"line":26,"column":6},"end":{"line":29,"column":7}},{"start":{},"end":{}}],"line":26},"2":{"loc":{"start":{"line":34,"column":8},"end":{"line":42,"column":9}},"type":"if","locations":[{"start":{"line":34,"column":8},"end":{"line":42,"column":9}},{"start":{"line":40,"column":15},"end":{"line":42,"column":9}}],"line":34},"3":{"loc":{"start":{"line":65,"column":41},"end":{"line":65,"column":78}},"type":"binary-expr","locations":[{"start":{"line":65,"column":41},"end":{"line":65,"column":61}},{"start":{"line":65,"column":65},"end":{"line":65,"column":78}}],"line":65},"4":{"loc":{"start":{"line":67,"column":6},"end":{"line":69,"column":7}},"type":"if","locations":[{"start":{"line":67,"column":6},"end":{"line":69,"column":7}},{"start":{},"end":{}}],"line":67},"5":{"loc":{"start":{"line":74,"column":6},"end":{"line":81,"column":7}},"type":"if","locations":[{"start":{"line":74,"column":6},"end":{"line":81,"column":7}},{"start":{"line":78,"column":13},"end":{"line":81,"column":7}}],"line":74},"6":{"loc":{"start":{"line":97,"column":2},"end":{"line":110,"column":3}},"type":"if","locations":[{"start":{"line":97,"column":2},"end":{"line":110,"column":3}},{"start":{"line":108,"column":9},"end":{"line":110,"column":3}}],"line":97},"7":{"loc":{"start":{"line":121,"column":2},"end":{"line":125,"column":3}},"type":"if","locations":[{"start":{"line":121,"column":2},"end":{"line":125,"column":3}},{"start":{"line":123,"column":9},"end":{"line":125,"column":3}}],"line":121},"8":{"loc":{"start":{"line":133,"column":2},"end":{"line":137,"column":3}},"type":"if","locations":[{"start":{"line":133,"column":2},"end":{"line":137,"column":3}},{"start":{"line":135,"column":9},"end":{"line":137,"column":3}}],"line":133}},"s":{"0":0,"1":0,"2":0,"3":0,"4":0,"5":0,"6":0,"7":0,"8":0,"9":0,"10":0,"11":0,"12":0,"13":0,"14":0,"15":0,"16":0,"17":0,"18":0,"19":0,"20":0,"21":0,"22":0,"23":0,"24":0,"25":0,"26":0,"27":0,"28":0,"29":0,"30":0,"31":0,"32":0,"33":0,"34":0,"35":0,"36":0,"37":0,"38":0,"39":0,"40":0,"41":0,"42":0,"43":0,"44":0,"45":0,"46":0,"47":0,"48":0,"49":0,"50":0,"51":0,"52":0,"53":0,"54":0,"55":0,"56":0,"57":0,"58":0,"59":0,"60":0,"61":0,"62":0,"63":0,"64":0,"65":0,"66":0,"67":0,"68":0},"f":{"0":0,"1":0,"2":0,"3":0,"4":0,"5":0,"6":0,"7":0,"8":0,"9":0,"10":0,"11":0,"12":0,"13":0,"14":0,"15":0,"16":0},"b":{"0":[0,0],"1":[0,0],"2":[0,0],"3":[0,0],"4":[0,0],"5":[0,0],"6":[0,0],"7":[0,0],"8":[0,0]},"inputSourceMap":null}
,"D:\\Working Folder\\ecommerce-platform\\backend\\src\\config\\db.js": {"path":"D:\\Working Folder\\ecommerce-platform\\backend\\src\\config\\db.js","statementMap":{"0":{"start":{"line":4,"column":13},"end":{"line":4,"column":28}},"1":{"start":{"line":6,"column":0},"end":{"line":8,"column":1}},"2":{"start":{"line":7,"column":2},"end":{"line":7,"column":59}},"3":{"start":{"line":10,"column":18},"end":{"line":49,"column":1}},"4":{"start":{"line":11,"column":2},"end":{"line":13,"column":3}},"5":{"start":{"line":12,"column":4},"end":{"line":12,"column":31}},"6":{"start":{"line":16,"column":2},"end":{"line":18,"column":3}},"7":{"start":{"line":17,"column":4},"end":{"line":17,"column":23}},"8":{"start":{"line":20,"column":2},"end":{"line":38,"column":3}},"9":{"start":{"line":21,"column":21},"end":{"line":23,"column":29}},"10":{"start":{"line":25,"column":17},"end":{"line":30,"column":5}},"11":{"start":{"line":32,"column":4},"end":{"line":37,"column":9}},"12":{"start":{"line":35,"column":8},"end":{"line":35,"column":81}},"13":{"start":{"line":36,"column":8},"end":{"line":36,"column":24}},"14":{"start":{"line":40,"column":2},"end":{"line":46,"column":3}},"15":{"start":{"line":41,"column":4},"end":{"line":41,"column":39}},"16":{"start":{"line":43,"column":4},"end":{"line":43,"column":26}},"17":{"start":{"line":44,"column":4},"end":{"line":44,"column":55}},"18":{"start":{"line":45,"column":4},"end":{"line":45,"column":16}},"19":{"start":{"line":48,"column":2},"end":{"line":48,"column":21}}},"fnMap":{"0":{"name":"(anonymous_0)","decl":{"start":{"line":10,"column":18},"end":{"line":10,"column":19}},"loc":{"start":{"line":10,"column":30},"end":{"line":49,"column":1}},"line":10},"1":{"name":"(anonymous_1)","decl":{"start":{"line":34,"column":12},"end":{"line":34,"column":13}},"loc":{"start":{"line":34,"column":26},"end":{"line":37,"column":7}},"line":34}},"branchMap":{"0":{"loc":{"start":{"line":6,"column":0},"end":{"line":8,"column":1}},"type":"if","locations":[{"start":{"line":6,"column":0},"end":{"line":8,"column":1}},{"start":{},"end":{}}],"line":6},"1":{"loc":{"start":{"line":11,"column":2},"end":{"line":13,"column":3}},"type":"if","locations":[{"start":{"line":11,"column":2},"end":{"line":13,"column":3}},{"start":{},"end":{}}],"line":11},"2":{"loc":{"start":{"line":16,"column":2},"end":{"line":18,"column":3}},"type":"if","locations":[{"start":{"line":16,"column":2},"end":{"line":18,"column":3}},{"start":{},"end":{}}],"line":16},"3":{"loc":{"start":{"line":20,"column":2},"end":{"line":38,"column":3}},"type":"if","locations":[{"start":{"line":20,"column":2},"end":{"line":38,"column":3}},{"start":{},"end":{}}],"line":20},"4":{"loc":{"start":{"line":21,"column":21},"end":{"line":23,"column":29}},"type":"cond-expr","locations":[{"start":{"line":22,"column":9},"end":{"line":22,"column":60}},{"start":{"line":23,"column":8},"end":{"line":23,"column":29}}],"line":21},"5":{"loc":{"start":{"line":22,"column":9},"end":{"line":22,"column":60}},"type":"binary-expr","locations":[{"start":{"line":22,"column":9},"end":{"line":22,"column":35}},{"start":{"line":22,"column":39},"end":{"line":22,"column":60}}],"line":22}},"s":{"0":4,"1":4,"2":4,"3":4,"4":105,"5":105,"6":0,"7":0,"8":0,"9":0,"10":0,"11":0,"12":0,"13":0,"14":0,"15":0,"16":0,"17":0,"18":0,"19":0},"f":{"0":105,"1":0},"b":{"0":[4,0],"1":[105,0],"2":[0,0],"3":[0,0],"4":[0,0],"5":[0,0]},"inputSourceMap":null,"_coverageSchema":"1a1c01bbd47fc00a2c39e90264f33305004495a9","hash":"bce660a55c1d1d491181712092f7a9ff5eede259"}
,"D:\\Working Folder\\ecommerce-platform\\backend\\src\\config\\swagger.js": {"path":"D:\\Working Folder\\ecommerce-platform\\backend\\src\\config\\swagger.js","statementMap":{"0":{"start":{"line":3,"column":16},"end":{"line":36,"column":1}},"1":{"start":{"line":38,"column":20},"end":{"line":38,"column":41}}},"fnMap":{},"branchMap":{},"s":{"0":4,"1":4},"f":{},"b":{},"inputSourceMap":null,"_coverageSchema":"1a1c01bbd47fc00a2c39e90264f33305004495a9","hash":"84dda73403021733cde065d585aa3449de529b96"}
,"D:\\Working Folder\\ecommerce-platform\\backend\\src\\controllers\\adminController.js": {"path":"D:\\Working Folder\\ecommerce-platform\\backend\\src\\controllers\\adminController.js","statementMap":{"0":{"start":{"line":10,"column":26},"end":{"line":37,"column":1}},"1":{"start":{"line":11,"column":137},"end":{"line":11,"column":145}},"2":{"start":{"line":12,"column":2},"end":{"line":36,"column":3}},"3":{"start":{"line":13,"column":17},"end":{"line":13,"column":88}},"4":{"start":{"line":16,"column":21},"end":{"line":16,"column":52}},"5":{"start":{"line":17,"column":22},"end":{"line":17,"column":63}},"6":{"start":{"line":19,"column":20},"end":{"line":31,"column":6}},"7":{"start":{"line":33,"column":4},"end":{"line":33,"column":92}},"8":{"start":{"line":35,"column":4},"end":{"line":35,"column":16}},"9":{"start":{"line":40,"column":27},"end":{"line":61,"column":1}},"10":{"start":{"line":41,"column":17},"end":{"line":41,"column":27}},"11":{"start":{"line":42,"column":2},"end":{"line":60,"column":3}},"12":{"start":{"line":43,"column":20},"end":{"line":43,"column":46}},"13":{"start":{"line":44,"column":4},"end":{"line":46,"column":5}},"14":{"start":{"line":45,"column":6},"end":{"line":45,"column":84}},"15":{"start":{"line":48,"column":4},"end":{"line":52,"column":5}},"16":{"start":{"line":49,"column":19},"end":{"line":49,"column":99}},"17":{"start":{"line":50,"column":23},"end":{"line":50,"column":54}},"18":{"start":{"line":51,"column":6},"end":{"line":51,"column":63}},"19":{"start":{"line":54,"column":4},"end":{"line":54,"column":37}},"20":{"start":{"line":55,"column":4},"end":{"line":55,"column":25}},"21":{"start":{"line":57,"column":4},"end":{"line":57,"column":82}},"22":{"start":{"line":59,"column":4},"end":{"line":59,"column":16}},"23":{"start":{"line":64,"column":29},"end":{"line":75,"column":1}},"24":{"start":{"line":65,"column":17},"end":{"line":65,"column":27}},"25":{"start":{"line":66,"column":2},"end":{"line":74,"column":3}},"26":{"start":{"line":67,"column":20},"end":{"line":67,"column":55}},"27":{"start":{"line":68,"column":4},"end":{"line":70,"column":5}},"28":{"start":{"line":69,"column":6},"end":{"line":69,"column":84}},"29":{"start":{"line":71,"column":4},"end":{"line":71,"column":73}},"30":{"start":{"line":73,"column":4},"end":{"line":73,"column":16}},"31":{"start":{"line":78,"column":34},"end":{"line":98,"column":1}},"32":{"start":{"line":79,"column":23},"end":{"line":79,"column":31}},"33":{"start":{"line":80,"column":2},"end":{"line":97,"column":3}},"34":{"start":{"line":81,"column":4},"end":{"line":83,"column":5}},"35":{"start":{"line":82,"column":6},"end":{"line":82,"column":114}},"36":{"start":{"line":85,"column":29},"end":{"line":91,"column":6}},"37":{"start":{"line":86,"column":19},"end":{"line":86,"column":92}},"38":{"start":{"line":87,"column":6},"end":{"line":90,"column":8}},"39":{"start":{"line":93,"column":19},"end":{"line":93,"column":61}},"40":{"start":{"line":94,"column":4},"end":{"line":94,"column":126}},"41":{"start":{"line":96,"column":4},"end":{"line":96,"column":16}},"42":{"start":{"line":103,"column":30},"end":{"line":112,"column":1}},"43":{"start":{"line":104,"column":48},"end":{"line":104,"column":56}},"44":{"start":{"line":105,"column":2},"end":{"line":111,"column":3}},"45":{"start":{"line":106,"column":17},"end":{"line":106,"column":87}},"46":{"start":{"line":107,"column":21},"end":{"line":107,"column":87}},"47":{"start":{"line":108,"column":4},"end":{"line":108,"column":96}},"48":{"start":{"line":110,"column":4},"end":{"line":110,"column":16}},"49":{"start":{"line":115,"column":28},"end":{"line":134,"column":1}},"50":{"start":{"line":116,"column":17},"end":{"line":116,"column":27}},"51":{"start":{"line":117,"column":2},"end":{"line":133,"column":3}},"52":{"start":{"line":118,"column":21},"end":{"line":118,"column":48}},"53":{"start":{"line":119,"column":4},"end":{"line":121,"column":5}},"54":{"start":{"line":120,"column":6},"end":{"line":120,"column":85}},"55":{"start":{"line":123,"column":4},"end":{"line":125,"column":5}},"56":{"start":{"line":124,"column":6},"end":{"line":124,"column":102}},"57":{"start":{"line":127,"column":4},"end":{"line":127,"column":38}},"58":{"start":{"line":128,"column":4},"end":{"line":128,"column":26}},"59":{"start":{"line":130,"column":4},"end":{"line":130,"column":84}},"60":{"start":{"line":132,"column":4},"end":{"line":132,"column":16}},"61":{"start":{"line":137,"column":30},"end":{"line":156,"column":1}},"62":{"start":{"line":138,"column":17},"end":{"line":138,"column":27}},"63":{"start":{"line":139,"column":2},"end":{"line":155,"column":3}},"64":{"start":{"line":141,"column":20},"end":{"line":141,"column":73}},"65":{"start":{"line":142,"column":4},"end":{"line":144,"column":5}},"66":{"start":{"line":143,"column":6},"end":{"line":143,"column":117}},"67":{"start":{"line":146,"column":27},"end":{"line":146,"column":73}},"68":{"start":{"line":147,"column":4},"end":{"line":149,"column":5}},"69":{"start":{"line":148,"column":6},"end":{"line":148,"column":117}},"70":{"start":{"line":151,"column":4},"end":{"line":151,"column":41}},"71":{"start":{"line":152,"column":4},"end":{"line":152,"column":74}},"72":{"start":{"line":154,"column":4},"end":{"line":154,"column":16}},"73":{"start":{"line":161,"column":28},"end":{"line":183,"column":1}},"74":{"start":{"line":162,"column":2},"end":{"line":182,"column":3}},"75":{"start":{"line":163,"column":21},"end":{"line":163,"column":55}},"76":{"start":{"line":164,"column":17},"end":{"line":164,"column":46}},"77":{"start":{"line":166,"column":18},"end":{"line":166,"column":48}},"78":{"start":{"line":167,"column":19},"end":{"line":171,"column":34}},"79":{"start":{"line":173,"column":4},"end":{"line":179,"column":7}},"80":{"start":{"line":181,"column":4},"end":{"line":181,"column":16}},"81":{"start":{"line":186,"column":33},"end":{"line":208,"column":1}},"82":{"start":{"line":187,"column":17},"end":{"line":187,"column":27}},"83":{"start":{"line":188,"column":21},"end":{"line":188,"column":29}},"84":{"start":{"line":190,"column":2},"end":{"line":207,"column":3}},"85":{"start":{"line":191,"column":18},"end":{"line":191,"column":42}},"86":{"start":{"line":192,"column":4},"end":{"line":194,"column":5}},"87":{"start":{"line":193,"column":6},"end":{"line":193,"column":82}},"88":{"start":{"line":196,"column":4},"end":{"line":196,"column":31}},"89":{"start":{"line":198,"column":4},"end":{"line":201,"column":5}},"90":{"start":{"line":199,"column":6},"end":{"line":199,"column":31}},"91":{"start":{"line":200,"column":6},"end":{"line":200,"column":37}},"92":{"start":{"line":203,"column":4},"end":{"line":203,"column":23}},"93":{"start":{"line":204,"column":4},"end":{"line":204,"column":98}},"94":{"start":{"line":206,"column":4},"end":{"line":206,"column":16}},"95":{"start":{"line":211,"column":29},"end":{"line":241,"column":1}},"96":{"start":{"line":212,"column":17},"end":{"line":212,"column":27}},"97":{"start":{"line":213,"column":2},"end":{"line":240,"column":3}},"98":{"start":{"line":214,"column":18},"end":{"line":214,"column":42}},"99":{"start":{"line":215,"column":4},"end":{"line":217,"column":5}},"100":{"start":{"line":216,"column":6},"end":{"line":216,"column":82}},"101":{"start":{"line":219,"column":4},"end":{"line":221,"column":5}},"102":{"start":{"line":220,"column":6},"end":{"line":220,"column":96}},"103":{"start":{"line":223,"column":4},"end":{"line":225,"column":5}},"104":{"start":{"line":224,"column":6},"end":{"line":224,"column":92}},"105":{"start":{"line":228,"column":4},"end":{"line":232,"column":5}},"106":{"start":{"line":229,"column":6},"end":{"line":231,"column":9}},"107":{"start":{"line":234,"column":4},"end":{"line":234,"column":35}},"108":{"start":{"line":235,"column":4},"end":{"line":235,"column":23}},"109":{"start":{"line":237,"column":4},"end":{"line":237,"column":107}},"110":{"start":{"line":239,"column":4},"end":{"line":239,"column":16}},"111":{"start":{"line":246,"column":27},"end":{"line":253,"column":1}},"112":{"start":{"line":247,"column":2},"end":{"line":252,"column":3}},"113":{"start":{"line":248,"column":18},"end":{"line":248,"column":86}},"114":{"start":{"line":249,"column":4},"end":{"line":249,"column":39}},"115":{"start":{"line":251,"column":4},"end":{"line":251,"column":16}},"116":{"start":{"line":258,"column":33},"end":{"line":363,"column":1}},"117":{"start":{"line":259,"column":2},"end":{"line":362,"column":3}},"118":{"start":{"line":261,"column":24},"end":{"line":264,"column":6}},"119":{"start":{"line":265,"column":23},"end":{"line":265,"column":54}},"120":{"start":{"line":268,"column":24},"end":{"line":268,"column":54}},"121":{"start":{"line":269,"column":23},"end":{"line":269,"column":70}},"122":{"start":{"line":270,"column":26},"end":{"line":270,"column":58}},"123":{"start":{"line":273,"column":27},"end":{"line":275,"column":55}},"124":{"start":{"line":278,"column":26},"end":{"line":306,"column":6}},"125":{"start":{"line":309,"column":24},"end":{"line":323,"column":6}},"126":{"start":{"line":326,"column":26},"end":{"line":326,"column":36}},"127":{"start":{"line":327,"column":4},"end":{"line":327,"column":56}},"128":{"start":{"line":329,"column":23},"end":{"line":344,"column":6}},"129":{"start":{"line":346,"column":4},"end":{"line":359,"column":7}},"130":{"start":{"line":361,"column":4},"end":{"line":361,"column":16}},"131":{"start":{"line":367,"column":29},"end":{"line":374,"column":1}},"132":{"start":{"line":368,"column":2},"end":{"line":373,"column":3}},"133":{"start":{"line":369,"column":20},"end":{"line":369,"column":63}},"134":{"start":{"line":370,"column":4},"end":{"line":370,"column":41}},"135":{"start":{"line":372,"column":4},"end":{"line":372,"column":16}},"136":{"start":{"line":376,"column":28},"end":{"line":389,"column":1}},"137":{"start":{"line":377,"column":2},"end":{"line":388,"column":3}},"138":{"start":{"line":378,"column":19},"end":{"line":381,"column":6}},"139":{"start":{"line":382,"column":4},"end":{"line":382,"column":92}},"140":{"start":{"line":384,"column":4},"end":{"line":386,"column":5}},"141":{"start":{"line":385,"column":6},"end":{"line":385,"column":93}},"142":{"start":{"line":387,"column":4},"end":{"line":387,"column":16}},"143":{"start":{"line":391,"column":28},"end":{"line":411,"column":1}},"144":{"start":{"line":392,"column":2},"end":{"line":410,"column":3}},"145":{"start":{"line":393,"column":20},"end":{"line":393,"column":35}},"146":{"start":{"line":394,"column":4},"end":{"line":396,"column":5}},"147":{"start":{"line":395,"column":6},"end":{"line":395,"column":55}},"148":{"start":{"line":398,"column":19},"end":{"line":401,"column":6}},"149":{"start":{"line":403,"column":4},"end":{"line":405,"column":5}},"150":{"start":{"line":404,"column":6},"end":{"line":404,"column":83}},"151":{"start":{"line":407,"column":4},"end":{"line":407,"column":40}},"152":{"start":{"line":409,"column":4},"end":{"line":409,"column":16}},"153":{"start":{"line":413,"column":28},"end":{"line":423,"column":1}},"154":{"start":{"line":414,"column":2},"end":{"line":422,"column":3}},"155":{"start":{"line":415,"column":19},"end":{"line":415,"column":64}},"156":{"start":{"line":416,"column":4},"end":{"line":418,"column":5}},"157":{"start":{"line":417,"column":6},"end":{"line":417,"column":83}},"158":{"start":{"line":419,"column":4},"end":{"line":419,"column":72}},"159":{"start":{"line":421,"column":4},"end":{"line":421,"column":16}}},"fnMap":{"0":{"name":"(anonymous_0)","decl":{"start":{"line":10,"column":26},"end":{"line":10,"column":27}},"loc":{"start":{"line":10,"column":52},"end":{"line":37,"column":1}},"line":10},"1":{"name":"(anonymous_1)","decl":{"start":{"line":40,"column":27},"end":{"line":40,"column":28}},"loc":{"start":{"line":40,"column":53},"end":{"line":61,"column":1}},"line":40},"2":{"name":"(anonymous_2)","decl":{"start":{"line":64,"column":29},"end":{"line":64,"column":30}},"loc":{"start":{"line":64,"column":55},"end":{"line":75,"column":1}},"line":64},"3":{"name":"(anonymous_3)","decl":{"start":{"line":78,"column":34},"end":{"line":78,"column":35}},"loc":{"start":{"line":78,"column":60},"end":{"line":98,"column":1}},"line":78},"4":{"name":"(anonymous_4)","decl":{"start":{"line":85,"column":42},"end":{"line":85,"column":43}},"loc":{"start":{"line":85,"column":47},"end":{"line":91,"column":5}},"line":85},"5":{"name":"(anonymous_5)","decl":{"start":{"line":103,"column":30},"end":{"line":103,"column":31}},"loc":{"start":{"line":103,"column":56},"end":{"line":112,"column":1}},"line":103},"6":{"name":"(anonymous_6)","decl":{"start":{"line":115,"column":28},"end":{"line":115,"column":29}},"loc":{"start":{"line":115,"column":54},"end":{"line":134,"column":1}},"line":115},"7":{"name":"(anonymous_7)","decl":{"start":{"line":137,"column":30},"end":{"line":137,"column":31}},"loc":{"start":{"line":137,"column":56},"end":{"line":156,"column":1}},"line":137},"8":{"name":"(anonymous_8)","decl":{"start":{"line":161,"column":28},"end":{"line":161,"column":29}},"loc":{"start":{"line":161,"column":54},"end":{"line":183,"column":1}},"line":161},"9":{"name":"(anonymous_9)","decl":{"start":{"line":186,"column":33},"end":{"line":186,"column":34}},"loc":{"start":{"line":186,"column":59},"end":{"line":208,"column":1}},"line":186},"10":{"name":"(anonymous_10)","decl":{"start":{"line":211,"column":29},"end":{"line":211,"column":30}},"loc":{"start":{"line":211,"column":55},"end":{"line":241,"column":1}},"line":211},"11":{"name":"(anonymous_11)","decl":{"start":{"line":246,"column":27},"end":{"line":246,"column":28}},"loc":{"start":{"line":246,"column":53},"end":{"line":253,"column":1}},"line":246},"12":{"name":"(anonymous_12)","decl":{"start":{"line":258,"column":33},"end":{"line":258,"column":34}},"loc":{"start":{"line":258,"column":59},"end":{"line":363,"column":1}},"line":258},"13":{"name":"(anonymous_13)","decl":{"start":{"line":367,"column":29},"end":{"line":367,"column":30}},"loc":{"start":{"line":367,"column":55},"end":{"line":374,"column":1}},"line":367},"14":{"name":"(anonymous_14)","decl":{"start":{"line":376,"column":28},"end":{"line":376,"column":29}},"loc":{"start":{"line":376,"column":54},"end":{"line":389,"column":1}},"line":376},"15":{"name":"(anonymous_15)","decl":{"start":{"line":391,"column":28},"end":{"line":391,"column":29}},"loc":{"start":{"line":391,"column":54},"end":{"line":411,"column":1}},"line":391},"16":{"name":"(anonymous_16)","decl":{"start":{"line":413,"column":28},"end":{"line":413,"column":29}},"loc":{"start":{"line":413,"column":54},"end":{"line":423,"column":1}},"line":413}},"branchMap":{"0":{"loc":{"start":{"line":17,"column":22},"end":{"line":17,"column":63}},"type":"cond-expr","locations":[{"start":{"line":17,"column":33},"end":{"line":17,"column":56}},{"start":{"line":17,"column":59},"end":{"line":17,"column":63}}],"line":17},"1":{"loc":{"start":{"line":44,"column":4},"end":{"line":46,"column":5}},"type":"if","locations":[{"start":{"line":44,"column":4},"end":{"line":46,"column":5}},{"start":{},"end":{}}],"line":44},"2":{"loc":{"start":{"line":48,"column":4},"end":{"line":52,"column":5}},"type":"if","locations":[{"start":{"line":48,"column":4},"end":{"line":52,"column":5}},{"start":{},"end":{}}],"line":48},"3":{"loc":{"start":{"line":48,"column":8},"end":{"line":48,"column":58}},"type":"binary-expr","locations":[{"start":{"line":48,"column":8},"end":{"line":48,"column":22}},{"start":{"line":48,"column":26},"end":{"line":48,"column":58}}],"line":48},"4":{"loc":{"start":{"line":51,"column":21},"end":{"line":51,"column":62}},"type":"cond-expr","locations":[{"start":{"line":51,"column":32},"end":{"line":51,"column":55}},{"start":{"line":51,"column":58},"end":{"line":51,"column":62}}],"line":51},"5":{"loc":{"start":{"line":68,"column":4},"end":{"line":70,"column":5}},"type":"if","locations":[{"start":{"line":68,"column":4},"end":{"line":70,"column":5}},{"start":{},"end":{}}],"line":68},"6":{"loc":{"start":{"line":81,"column":4},"end":{"line":83,"column":5}},"type":"if","locations":[{"start":{"line":81,"column":4},"end":{"line":83,"column":5}},{"start":{},"end":{}}],"line":81},"7":{"loc":{"start":{"line":119,"column":4},"end":{"line":121,"column":5}},"type":"if","locations":[{"start":{"line":119,"column":4},"end":{"line":121,"column":5}},{"start":{},"end":{}}],"line":119},"8":{"loc":{"start":{"line":123,"column":4},"end":{"line":125,"column":5}},"type":"if","locations":[{"start":{"line":123,"column":4},"end":{"line":125,"column":5}},{"start":{},"end":{}}],"line":123},"9":{"loc":{"start":{"line":123,"column":8},"end":{"line":123,"column":56}},"type":"binary-expr","locations":[{"start":{"line":123,"column":8},"end":{"line":123,"column":21}},{"start":{"line":123,"column":25},"end":{"line":123,"column":56}}],"line":123},"10":{"loc":{"start":{"line":142,"column":4},"end":{"line":144,"column":5}},"type":"if","locations":[{"start":{"line":142,"column":4},"end":{"line":144,"column":5}},{"start":{},"end":{}}],"line":142},"11":{"loc":{"start":{"line":147,"column":4},"end":{"line":149,"column":5}},"type":"if","locations":[{"start":{"line":147,"column":4},"end":{"line":149,"column":5}},{"start":{},"end":{}}],"line":147},"12":{"loc":{"start":{"line":163,"column":21},"end":{"line":163,"column":55}},"type":"binary-expr","locations":[{"start":{"line":163,"column":21},"end":{"line":163,"column":49}},{"start":{"line":163,"column":53},"end":{"line":163,"column":55}}],"line":163},"13":{"loc":{"start":{"line":164,"column":17},"end":{"line":164,"column":46}},"type":"binary-expr","locations":[{"start":{"line":164,"column":17},"end":{"line":164,"column":41}},{"start":{"line":164,"column":45},"end":{"line":164,"column":46}}],"line":164},"14":{"loc":{"start":{"line":192,"column":4},"end":{"line":194,"column":5}},"type":"if","locations":[{"start":{"line":192,"column":4},"end":{"line":194,"column":5}},{"start":{},"end":{}}],"line":192},"15":{"loc":{"start":{"line":198,"column":4},"end":{"line":201,"column":5}},"type":"if","locations":[{"start":{"line":198,"column":4},"end":{"line":201,"column":5}},{"start":{},"end":{}}],"line":198},"16":{"loc":{"start":{"line":215,"column":4},"end":{"line":217,"column":5}},"type":"if","locations":[{"start":{"line":215,"column":4},"end":{"line":217,"column":5}},{"start":{},"end":{}}],"line":215},"17":{"loc":{"start":{"line":219,"column":4},"end":{"line":221,"column":5}},"type":"if","locations":[{"start":{"line":219,"column":4},"end":{"line":221,"column":5}},{"start":{},"end":{}}],"line":219},"18":{"loc":{"start":{"line":223,"column":4},"end":{"line":225,"column":5}},"type":"if","locations":[{"start":{"line":223,"column":4},"end":{"line":225,"column":5}},{"start":{},"end":{}}],"line":223},"19":{"loc":{"start":{"line":265,"column":23},"end":{"line":265,"column":54}},"type":"binary-expr","locations":[{"start":{"line":265,"column":23},"end":{"line":265,"column":49}},{"start":{"line":265,"column":53},"end":{"line":265,"column":54}}],"line":265},"20":{"loc":{"start":{"line":384,"column":4},"end":{"line":386,"column":5}},"type":"if","locations":[{"start":{"line":384,"column":4},"end":{"line":386,"column":5}},{"start":{},"end":{}}],"line":384},"21":{"loc":{"start":{"line":394,"column":4},"end":{"line":396,"column":5}},"type":"if","locations":[{"start":{"line":394,"column":4},"end":{"line":396,"column":5}},{"start":{},"end":{}}],"line":394},"22":{"loc":{"start":{"line":403,"column":4},"end":{"line":405,"column":5}},"type":"if","locations":[{"start":{"line":403,"column":4},"end":{"line":405,"column":5}},{"start":{},"end":{}}],"line":403},"23":{"loc":{"start":{"line":416,"column":4},"end":{"line":418,"column":5}},"type":"if","locations":[{"start":{"line":416,"column":4},"end":{"line":418,"column":5}},{"start":{},"end":{}}],"line":416}},"s":{"0":4,"1":0,"2":0,"3":0,"4":0,"5":0,"6":0,"7":0,"8":0,"9":4,"10":0,"11":0,"12":0,"13":0,"14":0,"15":0,"16":0,"17":0,"18":0,"19":0,"20":0,"21":0,"22":0,"23":4,"24":0,"25":0,"26":0,"27":0,"28":0,"29":0,"30":0,"31":4,"32":0,"33":0,"34":0,"35":0,"36":0,"37":0,"38":0,"39":0,"40":0,"41":0,"42":4,"43":0,"44":0,"45":0,"46":0,"47":0,"48":0,"49":4,"50":0,"51":0,"52":0,"53":0,"54":0,"55":0,"56":0,"57":0,"58":0,"59":0,"60":0,"61":4,"62":0,"63":0,"64":0,"65":0,"66":0,"67":0,"68":0,"69":0,"70":0,"71":0,"72":0,"73":4,"74":0,"75":0,"76":0,"77":0,"78":0,"79":0,"80":0,"81":4,"82":0,"83":0,"84":0,"85":0,"86":0,"87":0,"88":0,"89":0,"90":0,"91":0,"92":0,"93":0,"94":0,"95":4,"96":0,"97":0,"98":0,"99":0,"100":0,"101":0,"102":0,"103":0,"104":0,"105":0,"106":0,"107":0,"108":0,"109":0,"110":0,"111":4,"112":0,"113":0,"114":0,"115":0,"116":4,"117":0,"118":0,"119":0,"120":0,"121":0,"122":0,"123":0,"124":0,"125":0,"126":0,"127":0,"128":0,"129":0,"130":0,"131":4,"132":0,"133":0,"134":0,"135":0,"136":4,"137":0,"138":0,"139":0,"140":0,"141":0,"142":0,"143":4,"144":0,"145":0,"146":0,"147":0,"148":0,"149":0,"150":0,"151":0,"152":0,"153":4,"154":0,"155":0,"156":0,"157":0,"158":0,"159":0},"f":{"0":0,"1":0,"2":0,"3":0,"4":0,"5":0,"6":0,"7":0,"8":0,"9":0,"10":0,"11":0,"12":0,"13":0,"14":0,"15":0,"16":0},"b":{"0":[0,0],"1":[0,0],"2":[0,0],"3":[0,0],"4":[0,0],"5":[0,0],"6":[0,0],"7":[0,0],"8":[0,0],"9":[0,0],"10":[0,0],"11":[0,0],"12":[0,0],"13":[0,0],"14":[0,0],"15":[0,0],"16":[0,0],"17":[0,0],"18":[0,0],"19":[0,0],"20":[0,0],"21":[0,0],"22":[0,0],"23":[0,0]},"inputSourceMap":null,"_coverageSchema":"1a1c01bbd47fc00a2c39e90264f33305004495a9","hash":"aae53c78d598de63f8312a6a5504fb14e9b87e6e"}
,"D:\\Working Folder\\ecommerce-platform\\backend\\src\\controllers\\authController.js": {"path":"D:\\Working Folder\\ecommerce-platform\\backend\\src\\controllers\\authController.js","statementMap":{"0":{"start":{"line":9,"column":29},"end":{"line":11,"column":1}},"1":{"start":{"line":10,"column":2},"end":{"line":10,"column":48}},"2":{"start":{"line":14,"column":24},"end":{"line":32,"column":1}},"3":{"start":{"line":16,"column":2},"end":{"line":21,"column":5}},"4":{"start":{"line":24,"column":2},"end":{"line":31,"column":3}},"5":{"start":{"line":25,"column":4},"end":{"line":30,"column":7}},"6":{"start":{"line":35,"column":28},"end":{"line":129,"column":1}},"7":{"start":{"line":36,"column":50},"end":{"line":36,"column":58}},"8":{"start":{"line":38,"column":2},"end":{"line":128,"column":3}},"9":{"start":{"line":39,"column":23},"end":{"line":39,"column":52}},"10":{"start":{"line":41,"column":4},"end":{"line":46,"column":5}},"11":{"start":{"line":42,"column":6},"end":{"line":45,"column":9}},"12":{"start":{"line":49,"column":30},"end":{"line":49,"column":68}},"13":{"start":{"line":50,"column":37},"end":{"line":50,"column":69}},"14":{"start":{"line":53,"column":21},"end":{"line":61,"column":5}},"15":{"start":{"line":64,"column":4},"end":{"line":73,"column":5}},"16":{"start":{"line":65,"column":23},"end":{"line":65,"column":59}},"17":{"start":{"line":66,"column":6},"end":{"line":72,"column":7}},"18":{"start":{"line":67,"column":8},"end":{"line":67,"column":43}},"19":{"start":{"line":69,"column":8},"end":{"line":71,"column":11}},"20":{"start":{"line":75,"column":17},"end":{"line":75,"column":44}},"21":{"start":{"line":78,"column":4},"end":{"line":78,"column":32}},"22":{"start":{"line":79,"column":4},"end":{"line":79,"column":22}},"23":{"start":{"line":82,"column":4},"end":{"line":86,"column":5}},"24":{"start":{"line":83,"column":6},"end":{"line":83,"column":89}},"25":{"start":{"line":85,"column":6},"end":{"line":85,"column":71}},"26":{"start":{"line":89,"column":24},"end":{"line":89,"column":47}},"27":{"start":{"line":90,"column":25},"end":{"line":90,"column":47}},"28":{"start":{"line":93,"column":4},"end":{"line":98,"column":7}},"29":{"start":{"line":99,"column":4},"end":{"line":99,"column":22}},"30":{"start":{"line":102,"column":4},"end":{"line":111,"column":7}},"31":{"start":{"line":113,"column":4},"end":{"line":125,"column":7}},"32":{"start":{"line":127,"column":4},"end":{"line":127,"column":16}},"33":{"start":{"line":132,"column":25},"end":{"line":248,"column":1}},"34":{"start":{"line":133,"column":30},"end":{"line":133,"column":38}},"35":{"start":{"line":135,"column":2},"end":{"line":247,"column":3}},"36":{"start":{"line":137,"column":17},"end":{"line":137,"column":66}},"37":{"start":{"line":140,"column":4},"end":{"line":146,"column":5}},"38":{"start":{"line":142,"column":6},"end":{"line":145,"column":9}},"39":{"start":{"line":149,"column":4},"end":{"line":154,"column":5}},"40":{"start":{"line":150,"column":6},"end":{"line":153,"column":9}},"41":{"start":{"line":157,"column":20},"end":{"line":157,"column":54}},"42":{"start":{"line":159,"column":4},"end":{"line":176,"column":5}},"43":{"start":{"line":161,"column":6},"end":{"line":161,"column":36}},"44":{"start":{"line":164,"column":6},"end":{"line":168,"column":9}},"45":{"start":{"line":169,"column":6},"end":{"line":169,"column":24}},"46":{"start":{"line":171,"column":6},"end":{"line":175,"column":9}},"47":{"start":{"line":179,"column":4},"end":{"line":184,"column":5}},"48":{"start":{"line":180,"column":6},"end":{"line":183,"column":9}},"49":{"start":{"line":187,"column":4},"end":{"line":187,"column":36}},"50":{"start":{"line":190,"column":24},"end":{"line":190,"column":47}},"51":{"start":{"line":191,"column":25},"end":{"line":191,"column":47}},"52":{"start":{"line":194,"column":4},"end":{"line":199,"column":7}},"53":{"start":{"line":201,"column":4},"end":{"line":205,"column":7}},"54":{"start":{"line":208,"column":4},"end":{"line":208,"column":32}},"55":{"start":{"line":209,"column":4},"end":{"line":209,"column":22}},"56":{"start":{"line":212,"column":4},"end":{"line":221,"column":7}},"57":{"start":{"line":224,"column":4},"end":{"line":230,"column":5}},"58":{"start":{"line":225,"column":6},"end":{"line":229,"column":9}},"59":{"start":{"line":232,"column":4},"end":{"line":244,"column":7}},"60":{"start":{"line":246,"column":4},"end":{"line":246,"column":16}},"61":{"start":{"line":251,"column":28},"end":{"line":311,"column":1}},"62":{"start":{"line":252,"column":27},"end":{"line":252,"column":35}},"63":{"start":{"line":254,"column":2},"end":{"line":310,"column":3}},"64":{"start":{"line":255,"column":4},"end":{"line":260,"column":5}},"65":{"start":{"line":256,"column":6},"end":{"line":259,"column":9}},"66":{"start":{"line":263,"column":17},"end":{"line":267,"column":6}},"67":{"start":{"line":269,"column":4},"end":{"line":274,"column":5}},"68":{"start":{"line":270,"column":6},"end":{"line":273,"column":9}},"69":{"start":{"line":277,"column":23},"end":{"line":279,"column":5}},"70":{"start":{"line":278,"column":11},"end":{"line":278,"column":35}},"71":{"start":{"line":280,"column":4},"end":{"line":282,"column":5}},"72":{"start":{"line":281,"column":6},"end":{"line":281,"column":54}},"73":{"start":{"line":285,"column":27},"end":{"line":285,"column":50}},"74":{"start":{"line":286,"column":28},"end":{"line":286,"column":50}},"75":{"start":{"line":289,"column":4},"end":{"line":294,"column":7}},"76":{"start":{"line":297,"column":4},"end":{"line":299,"column":5}},"77":{"start":{"line":298,"column":6},"end":{"line":298,"column":56}},"78":{"start":{"line":301,"column":4},"end":{"line":301,"column":22}},"79":{"start":{"line":303,"column":4},"end":{"line":307,"column":7}},"80":{"start":{"line":309,"column":4},"end":{"line":309,"column":16}},"81":{"start":{"line":314,"column":22},"end":{"line":350,"column":1}},"82":{"start":{"line":315,"column":27},"end":{"line":315,"column":35}},"83":{"start":{"line":317,"column":2},"end":{"line":349,"column":3}},"84":{"start":{"line":318,"column":4},"end":{"line":324,"column":5}},"85":{"start":{"line":320,"column":6},"end":{"line":323,"column":8}},"86":{"start":{"line":327,"column":4},"end":{"line":338,"column":5}},"87":{"start":{"line":328,"column":6},"end":{"line":337,"column":9}},"88":{"start":{"line":340,"column":4},"end":{"line":340,"column":35}},"89":{"start":{"line":341,"column":4},"end":{"line":341,"column":36}},"90":{"start":{"line":343,"column":4},"end":{"line":346,"column":7}},"91":{"start":{"line":348,"column":4},"end":{"line":348,"column":16}},"92":{"start":{"line":353,"column":25},"end":{"line":367,"column":1}},"93":{"start":{"line":354,"column":2},"end":{"line":366,"column":3}},"94":{"start":{"line":355,"column":4},"end":{"line":358,"column":6}},"95":{"start":{"line":360,"column":4},"end":{"line":363,"column":7}},"96":{"start":{"line":365,"column":4},"end":{"line":365,"column":16}},"97":{"start":{"line":370,"column":27},"end":{"line":400,"column":1}},"98":{"start":{"line":371,"column":20},"end":{"line":371,"column":29}},"99":{"start":{"line":373,"column":2},"end":{"line":399,"column":3}},"100":{"start":{"line":374,"column":24},"end":{"line":374,"column":79}},"101":{"start":{"line":376,"column":17},"end":{"line":379,"column":6}},"102":{"start":{"line":381,"column":4},"end":{"line":386,"column":5}},"103":{"start":{"line":382,"column":6},"end":{"line":385,"column":9}},"104":{"start":{"line":388,"column":4},"end":{"line":388,"column":27}},"105":{"start":{"line":389,"column":4},"end":{"line":389,"column":39}},"106":{"start":{"line":390,"column":4},"end":{"line":390,"column":46}},"107":{"start":{"line":391,"column":4},"end":{"line":391,"column":22}},"108":{"start":{"line":393,"column":4},"end":{"line":396,"column":7}},"109":{"start":{"line":398,"column":4},"end":{"line":398,"column":16}},"110":{"start":{"line":403,"column":34},"end":{"line":428,"column":1}},"111":{"start":{"line":404,"column":2},"end":{"line":427,"column":3}},"112":{"start":{"line":405,"column":17},"end":{"line":405,"column":50}},"113":{"start":{"line":407,"column":4},"end":{"line":412,"column":5}},"114":{"start":{"line":408,"column":6},"end":{"line":411,"column":9}},"115":{"start":{"line":414,"column":30},"end":{"line":414,"column":68}},"116":{"start":{"line":415,"column":4},"end":{"line":415,"column":97}},"117":{"start":{"line":416,"column":4},"end":{"line":416,"column":69}},"118":{"start":{"line":417,"column":4},"end":{"line":417,"column":22}},"119":{"start":{"line":419,"column":4},"end":{"line":419,"column":87}},"120":{"start":{"line":421,"column":4},"end":{"line":424,"column":7}},"121":{"start":{"line":426,"column":4},"end":{"line":426,"column":16}},"122":{"start":{"line":431,"column":30},"end":{"line":468,"column":1}},"123":{"start":{"line":432,"column":20},"end":{"line":432,"column":28}},"124":{"start":{"line":434,"column":2},"end":{"line":467,"column":3}},"125":{"start":{"line":435,"column":17},"end":{"line":435,"column":46}},"126":{"start":{"line":437,"column":4},"end":{"line":443,"column":5}},"127":{"start":{"line":439,"column":6},"end":{"line":442,"column":9}},"128":{"start":{"line":445,"column":23},"end":{"line":445,"column":54}},"129":{"start":{"line":446,"column":4},"end":{"line":446,"column":22}},"130":{"start":{"line":448,"column":4},"end":{"line":459,"column":5}},"131":{"start":{"line":449,"column":6},"end":{"line":449,"column":83}},"132":{"start":{"line":451,"column":6},"end":{"line":451,"column":42}},"133":{"start":{"line":452,"column":6},"end":{"line":452,"column":44}},"134":{"start":{"line":453,"column":6},"end":{"line":453,"column":24}},"135":{"start":{"line":454,"column":6},"end":{"line":454,"column":65}},"136":{"start":{"line":455,"column":6},"end":{"line":458,"column":9}},"137":{"start":{"line":461,"column":4},"end":{"line":464,"column":7}},"138":{"start":{"line":466,"column":4},"end":{"line":466,"column":16}},"139":{"start":{"line":471,"column":29},"end":{"line":506,"column":1}},"140":{"start":{"line":472,"column":20},"end":{"line":472,"column":29}},"141":{"start":{"line":473,"column":23},"end":{"line":473,"column":31}},"142":{"start":{"line":475,"column":2},"end":{"line":505,"column":3}},"143":{"start":{"line":476,"column":24},"end":{"line":476,"column":79}},"144":{"start":{"line":478,"column":17},"end":{"line":481,"column":6}},"145":{"start":{"line":483,"column":4},"end":{"line":488,"column":5}},"146":{"start":{"line":484,"column":6},"end":{"line":487,"column":9}},"147":{"start":{"line":490,"column":4},"end":{"line":490,"column":29}},"148":{"start":{"line":491,"column":4},"end":{"line":491,"column":40}},"149":{"start":{"line":492,"column":4},"end":{"line":492,"column":42}},"150":{"start":{"line":493,"column":4},"end":{"line":493,"column":40}},"151":{"start":{"line":496,"column":4},"end":{"line":496,"column":28}},"152":{"start":{"line":497,"column":4},"end":{"line":497,"column":22}},"153":{"start":{"line":499,"column":4},"end":{"line":502,"column":7}},"154":{"start":{"line":504,"column":4},"end":{"line":504,"column":16}},"155":{"start":{"line":509,"column":30},"end":{"line":533,"column":1}},"156":{"start":{"line":510,"column":43},"end":{"line":510,"column":51}},"157":{"start":{"line":512,"column":2},"end":{"line":532,"column":3}},"158":{"start":{"line":513,"column":17},"end":{"line":513,"column":70}},"159":{"start":{"line":515,"column":4},"end":{"line":520,"column":5}},"160":{"start":{"line":516,"column":6},"end":{"line":519,"column":9}},"161":{"start":{"line":522,"column":4},"end":{"line":522,"column":32}},"162":{"start":{"line":523,"column":4},"end":{"line":523,"column":40}},"163":{"start":{"line":524,"column":4},"end":{"line":524,"column":22}},"164":{"start":{"line":526,"column":4},"end":{"line":529,"column":7}},"165":{"start":{"line":531,"column":4},"end":{"line":531,"column":16}},"166":{"start":{"line":536,"column":30},"end":{"line":555,"column":1}},"167":{"start":{"line":537,"column":2},"end":{"line":554,"column":3}},"168":{"start":{"line":538,"column":17},"end":{"line":539,"column":80}},"169":{"start":{"line":541,"column":4},"end":{"line":546,"column":5}},"170":{"start":{"line":542,"column":6},"end":{"line":545,"column":9}},"171":{"start":{"line":548,"column":4},"end":{"line":551,"column":7}},"172":{"start":{"line":553,"column":4},"end":{"line":553,"column":16}},"173":{"start":{"line":558,"column":33},"end":{"line":603,"column":1}},"174":{"start":{"line":559,"column":2},"end":{"line":602,"column":3}},"175":{"start":{"line":560,"column":17},"end":{"line":560,"column":50}},"176":{"start":{"line":562,"column":4},"end":{"line":567,"column":5}},"177":{"start":{"line":563,"column":6},"end":{"line":566,"column":9}},"178":{"start":{"line":569,"column":93},"end":{"line":569,"column":101}},"179":{"start":{"line":571,"column":4},"end":{"line":571,"column":31}},"180":{"start":{"line":571,"column":14},"end":{"line":571,"column":31}},"181":{"start":{"line":572,"column":4},"end":{"line":572,"column":34}},"182":{"start":{"line":572,"column":15},"end":{"line":572,"column":34}},"183":{"start":{"line":573,"column":4},"end":{"line":573,"column":52}},"184":{"start":{"line":573,"column":21},"end":{"line":573,"column":52}},"185":{"start":{"line":574,"column":4},"end":{"line":574,"column":37}},"186":{"start":{"line":574,"column":16},"end":{"line":574,"column":37}},"187":{"start":{"line":575,"column":4},"end":{"line":575,"column":37}},"188":{"start":{"line":575,"column":16},"end":{"line":575,"column":37}},"189":{"start":{"line":576,"column":4},"end":{"line":576,"column":46}},"190":{"start":{"line":576,"column":19},"end":{"line":576,"column":46}},"191":{"start":{"line":577,"column":4},"end":{"line":582,"column":5}},"192":{"start":{"line":578,"column":6},"end":{"line":581,"column":8}},"193":{"start":{"line":584,"column":24},"end":{"line":584,"column":41}},"194":{"start":{"line":586,"column":4},"end":{"line":599,"column":7}},"195":{"start":{"line":601,"column":4},"end":{"line":601,"column":16}},"196":{"start":{"line":606,"column":31},"end":{"line":620,"column":1}},"197":{"start":{"line":607,"column":2},"end":{"line":619,"column":3}},"198":{"start":{"line":608,"column":17},"end":{"line":610,"column":33}},"199":{"start":{"line":612,"column":4},"end":{"line":616,"column":7}},"200":{"start":{"line":618,"column":4},"end":{"line":618,"column":16}},"201":{"start":{"line":623,"column":28},"end":{"line":644,"column":1}},"202":{"start":{"line":624,"column":23},"end":{"line":624,"column":33}},"203":{"start":{"line":626,"column":2},"end":{"line":643,"column":3}},"204":{"start":{"line":627,"column":4},"end":{"line":635,"column":6}},"205":{"start":{"line":637,"column":4},"end":{"line":640,"column":7}},"206":{"start":{"line":642,"column":4},"end":{"line":642,"column":16}},"207":{"start":{"line":647,"column":27},"end":{"line":740,"column":1}},"208":{"start":{"line":648,"column":54},"end":{"line":648,"column":62}},"209":{"start":{"line":650,"column":2},"end":{"line":739,"column":3}},"210":{"start":{"line":653,"column":27},"end":{"line":653,"column":62}},"211":{"start":{"line":654,"column":19},"end":{"line":654,"column":35}},"212":{"start":{"line":656,"column":19},"end":{"line":659,"column":6}},"213":{"start":{"line":661,"column":20},"end":{"line":661,"column":39}},"214":{"start":{"line":663,"column":15},"end":{"line":663,"column":59}},"215":{"start":{"line":665,"column":4},"end":{"line":700,"column":5}},"216":{"start":{"line":667,"column":6},"end":{"line":680,"column":9}},"217":{"start":{"line":682,"column":6},"end":{"line":682,"column":34}},"218":{"start":{"line":683,"column":6},"end":{"line":683,"column":24}},"219":{"start":{"line":686,"column":24},"end":{"line":688,"column":7}},"220":{"start":{"line":687,"column":14},"end":{"line":687,"column":71}},"221":{"start":{"line":690,"column":6},"end":{"line":699,"column":7}},"222":{"start":{"line":691,"column":8},"end":{"line":697,"column":11}},"223":{"start":{"line":698,"column":8},"end":{"line":698,"column":26}},"224":{"start":{"line":703,"column":24},"end":{"line":703,"column":47}},"225":{"start":{"line":704,"column":25},"end":{"line":704,"column":47}},"226":{"start":{"line":706,"column":4},"end":{"line":711,"column":7}},"227":{"start":{"line":713,"column":4},"end":{"line":717,"column":7}},"228":{"start":{"line":718,"column":4},"end":{"line":718,"column":22}},"229":{"start":{"line":720,"column":4},"end":{"line":732,"column":7}},"230":{"start":{"line":734,"column":4},"end":{"line":734,"column":48}},"231":{"start":{"line":735,"column":4},"end":{"line":738,"column":7}},"232":{"start":{"line":743,"column":24},"end":{"line":778,"column":1}},"233":{"start":{"line":744,"column":2},"end":{"line":777,"column":3}},"234":{"start":{"line":745,"column":17},"end":{"line":745,"column":50}},"235":{"start":{"line":747,"column":4},"end":{"line":752,"column":5}},"236":{"start":{"line":748,"column":6},"end":{"line":751,"column":9}},"237":{"start":{"line":755,"column":19},"end":{"line":755,"column":60}},"238":{"start":{"line":758,"column":24},"end":{"line":760,"column":5}},"239":{"start":{"line":759,"column":6},"end":{"line":759,"column":57}},"240":{"start":{"line":762,"column":4},"end":{"line":766,"column":6}},"241":{"start":{"line":767,"column":4},"end":{"line":767,"column":22}},"242":{"start":{"line":769,"column":4},"end":{"line":774,"column":7}},"243":{"start":{"line":776,"column":4},"end":{"line":776,"column":16}},"244":{"start":{"line":781,"column":25},"end":{"line":816,"column":1}},"245":{"start":{"line":782,"column":19},"end":{"line":782,"column":27}},"246":{"start":{"line":784,"column":2},"end":{"line":815,"column":3}},"247":{"start":{"line":785,"column":17},"end":{"line":785,"column":50}},"248":{"start":{"line":787,"column":4},"end":{"line":792,"column":5}},"249":{"start":{"line":788,"column":6},"end":{"line":791,"column":9}},"250":{"start":{"line":796,"column":20},"end":{"line":796,"column":37}},"251":{"start":{"line":798,"column":4},"end":{"line":803,"column":5}},"252":{"start":{"line":799,"column":6},"end":{"line":802,"column":9}},"253":{"start":{"line":805,"column":4},"end":{"line":805,"column":28}},"254":{"start":{"line":806,"column":4},"end":{"line":806,"column":37}},"255":{"start":{"line":807,"column":4},"end":{"line":807,"column":22}},"256":{"start":{"line":809,"column":4},"end":{"line":812,"column":7}},"257":{"start":{"line":814,"column":4},"end":{"line":814,"column":16}},"258":{"start":{"line":819,"column":26},"end":{"line":847,"column":1}},"259":{"start":{"line":820,"column":23},"end":{"line":820,"column":31}},"260":{"start":{"line":822,"column":2},"end":{"line":846,"column":3}},"261":{"start":{"line":823,"column":17},"end":{"line":823,"column":70}},"262":{"start":{"line":825,"column":4},"end":{"line":830,"column":5}},"263":{"start":{"line":826,"column":6},"end":{"line":829,"column":9}},"264":{"start":{"line":832,"column":4},"end":{"line":837,"column":6}},"265":{"start":{"line":838,"column":4},"end":{"line":838,"column":22}},"266":{"start":{"line":840,"column":4},"end":{"line":843,"column":7}},"267":{"start":{"line":845,"column":4},"end":{"line":845,"column":16}}},"fnMap":{"0":{"name":"(anonymous_0)","decl":{"start":{"line":9,"column":29},"end":{"line":9,"column":30}},"loc":{"start":{"line":9,"column":35},"end":{"line":11,"column":1}},"line":9},"1":{"name":"(anonymous_1)","decl":{"start":{"line":14,"column":24},"end":{"line":14,"column":25}},"loc":{"start":{"line":14,"column":67},"end":{"line":32,"column":1}},"line":14},"2":{"name":"(anonymous_2)","decl":{"start":{"line":35,"column":28},"end":{"line":35,"column":29}},"loc":{"start":{"line":35,"column":54},"end":{"line":129,"column":1}},"line":35},"3":{"name":"(anonymous_3)","decl":{"start":{"line":132,"column":25},"end":{"line":132,"column":26}},"loc":{"start":{"line":132,"column":51},"end":{"line":248,"column":1}},"line":132},"4":{"name":"(anonymous_4)","decl":{"start":{"line":251,"column":28},"end":{"line":251,"column":29}},"loc":{"start":{"line":251,"column":54},"end":{"line":311,"column":1}},"line":251},"5":{"name":"(anonymous_5)","decl":{"start":{"line":278,"column":6},"end":{"line":278,"column":7}},"loc":{"start":{"line":278,"column":11},"end":{"line":278,"column":35}},"line":278},"6":{"name":"(anonymous_6)","decl":{"start":{"line":314,"column":22},"end":{"line":314,"column":23}},"loc":{"start":{"line":314,"column":48},"end":{"line":350,"column":1}},"line":314},"7":{"name":"(anonymous_7)","decl":{"start":{"line":353,"column":25},"end":{"line":353,"column":26}},"loc":{"start":{"line":353,"column":51},"end":{"line":367,"column":1}},"line":353},"8":{"name":"(anonymous_8)","decl":{"start":{"line":370,"column":27},"end":{"line":370,"column":28}},"loc":{"start":{"line":370,"column":53},"end":{"line":400,"column":1}},"line":370},"9":{"name":"(anonymous_9)","decl":{"start":{"line":403,"column":34},"end":{"line":403,"column":35}},"loc":{"start":{"line":403,"column":60},"end":{"line":428,"column":1}},"line":403},"10":{"name":"(anonymous_10)","decl":{"start":{"line":431,"column":30},"end":{"line":431,"column":31}},"loc":{"start":{"line":431,"column":56},"end":{"line":468,"column":1}},"line":431},"11":{"name":"(anonymous_11)","decl":{"start":{"line":471,"column":29},"end":{"line":471,"column":30}},"loc":{"start":{"line":471,"column":55},"end":{"line":506,"column":1}},"line":471},"12":{"name":"(anonymous_12)","decl":{"start":{"line":509,"column":30},"end":{"line":509,"column":31}},"loc":{"start":{"line":509,"column":56},"end":{"line":533,"column":1}},"line":509},"13":{"name":"(anonymous_13)","decl":{"start":{"line":536,"column":30},"end":{"line":536,"column":31}},"loc":{"start":{"line":536,"column":56},"end":{"line":555,"column":1}},"line":536},"14":{"name":"(anonymous_14)","decl":{"start":{"line":558,"column":33},"end":{"line":558,"column":34}},"loc":{"start":{"line":558,"column":59},"end":{"line":603,"column":1}},"line":558},"15":{"name":"(anonymous_15)","decl":{"start":{"line":606,"column":31},"end":{"line":606,"column":32}},"loc":{"start":{"line":606,"column":57},"end":{"line":620,"column":1}},"line":606},"16":{"name":"(anonymous_16)","decl":{"start":{"line":623,"column":28},"end":{"line":623,"column":29}},"loc":{"start":{"line":623,"column":54},"end":{"line":644,"column":1}},"line":623},"17":{"name":"(anonymous_17)","decl":{"start":{"line":647,"column":27},"end":{"line":647,"column":28}},"loc":{"start":{"line":647,"column":53},"end":{"line":740,"column":1}},"line":647},"18":{"name":"(anonymous_18)","decl":{"start":{"line":687,"column":8},"end":{"line":687,"column":9}},"loc":{"start":{"line":687,"column":14},"end":{"line":687,"column":71}},"line":687},"19":{"name":"(anonymous_19)","decl":{"start":{"line":743,"column":24},"end":{"line":743,"column":25}},"loc":{"start":{"line":743,"column":50},"end":{"line":778,"column":1}},"line":743},"20":{"name":"(anonymous_20)","decl":{"start":{"line":758,"column":49},"end":{"line":758,"column":50}},"loc":{"start":{"line":759,"column":6},"end":{"line":759,"column":57}},"line":759},"21":{"name":"(anonymous_21)","decl":{"start":{"line":781,"column":25},"end":{"line":781,"column":26}},"loc":{"start":{"line":781,"column":51},"end":{"line":816,"column":1}},"line":781},"22":{"name":"(anonymous_22)","decl":{"start":{"line":819,"column":26},"end":{"line":819,"column":27}},"loc":{"start":{"line":819,"column":52},"end":{"line":847,"column":1}},"line":819}},"branchMap":{"0":{"loc":{"start":{"line":14,"column":43},"end":{"line":14,"column":62}},"type":"default-arg","locations":[{"start":{"line":14,"column":58},"end":{"line":14,"column":62}}],"line":14},"1":{"loc":{"start":{"line":24,"column":2},"end":{"line":31,"column":3}},"type":"if","locations":[{"start":{"line":24,"column":2},"end":{"line":31,"column":3}},{"start":{},"end":{}}],"line":24},"2":{"loc":{"start":{"line":41,"column":4},"end":{"line":46,"column":5}},"type":"if","locations":[{"start":{"line":41,"column":4},"end":{"line":46,"column":5}},{"start":{},"end":{}}],"line":41},"3":{"loc":{"start":{"line":64,"column":4},"end":{"line":73,"column":5}},"type":"if","locations":[{"start":{"line":64,"column":4},"end":{"line":73,"column":5}},{"start":{},"end":{}}],"line":64},"4":{"loc":{"start":{"line":66,"column":6},"end":{"line":72,"column":7}},"type":"if","locations":[{"start":{"line":66,"column":6},"end":{"line":72,"column":7}},{"start":{},"end":{}}],"line":66},"5":{"loc":{"start":{"line":140,"column":4},"end":{"line":146,"column":5}},"type":"if","locations":[{"start":{"line":140,"column":4},"end":{"line":146,"column":5}},{"start":{},"end":{}}],"line":140},"6":{"loc":{"start":{"line":149,"column":4},"end":{"line":154,"column":5}},"type":"if","locations":[{"start":{"line":149,"column":4},"end":{"line":154,"column":5}},{"start":{},"end":{}}],"line":149},"7":{"loc":{"start":{"line":159,"column":4},"end":{"line":176,"column":5}},"type":"if","locations":[{"start":{"line":159,"column":4},"end":{"line":176,"column":5}},{"start":{},"end":{}}],"line":159},"8":{"loc":{"start":{"line":179,"column":4},"end":{"line":184,"column":5}},"type":"if","locations":[{"start":{"line":179,"column":4},"end":{"line":184,"column":5}},{"start":{},"end":{}}],"line":179},"9":{"loc":{"start":{"line":224,"column":4},"end":{"line":230,"column":5}},"type":"if","locations":[{"start":{"line":224,"column":4},"end":{"line":230,"column":5}},{"start":{},"end":{}}],"line":224},"10":{"loc":{"start":{"line":255,"column":4},"end":{"line":260,"column":5}},"type":"if","locations":[{"start":{"line":255,"column":4},"end":{"line":260,"column":5}},{"start":{},"end":{}}],"line":255},"11":{"loc":{"start":{"line":269,"column":4},"end":{"line":274,"column":5}},"type":"if","locations":[{"start":{"line":269,"column":4},"end":{"line":274,"column":5}},{"start":{},"end":{}}],"line":269},"12":{"loc":{"start":{"line":280,"column":4},"end":{"line":282,"column":5}},"type":"if","locations":[{"start":{"line":280,"column":4},"end":{"line":282,"column":5}},{"start":{},"end":{}}],"line":280},"13":{"loc":{"start":{"line":297,"column":4},"end":{"line":299,"column":5}},"type":"if","locations":[{"start":{"line":297,"column":4},"end":{"line":299,"column":5}},{"start":{},"end":{}}],"line":297},"14":{"loc":{"start":{"line":318,"column":4},"end":{"line":324,"column":5}},"type":"if","locations":[{"start":{"line":318,"column":4},"end":{"line":324,"column":5}},{"start":{},"end":{}}],"line":318},"15":{"loc":{"start":{"line":318,"column":8},"end":{"line":318,"column":32}},"type":"binary-expr","locations":[{"start":{"line":318,"column":8},"end":{"line":318,"column":20}},{"start":{"line":318,"column":24},"end":{"line":318,"column":32}}],"line":318},"16":{"loc":{"start":{"line":327,"column":4},"end":{"line":338,"column":5}},"type":"if","locations":[{"start":{"line":327,"column":4},"end":{"line":338,"column":5}},{"start":{},"end":{}}],"line":327},"17":{"loc":{"start":{"line":381,"column":4},"end":{"line":386,"column":5}},"type":"if","locations":[{"start":{"line":381,"column":4},"end":{"line":386,"column":5}},{"start":{},"end":{}}],"line":381},"18":{"loc":{"start":{"line":407,"column":4},"end":{"line":412,"column":5}},"type":"if","locations":[{"start":{"line":407,"column":4},"end":{"line":412,"column":5}},{"start":{},"end":{}}],"line":407},"19":{"loc":{"start":{"line":437,"column":4},"end":{"line":443,"column":5}},"type":"if","locations":[{"start":{"line":437,"column":4},"end":{"line":443,"column":5}},{"start":{},"end":{}}],"line":437},"20":{"loc":{"start":{"line":483,"column":4},"end":{"line":488,"column":5}},"type":"if","locations":[{"start":{"line":483,"column":4},"end":{"line":488,"column":5}},{"start":{},"end":{}}],"line":483},"21":{"loc":{"start":{"line":515,"column":4},"end":{"line":520,"column":5}},"type":"if","locations":[{"start":{"line":515,"column":4},"end":{"line":520,"column":5}},{"start":{},"end":{}}],"line":515},"22":{"loc":{"start":{"line":541,"column":4},"end":{"line":546,"column":5}},"type":"if","locations":[{"start":{"line":541,"column":4},"end":{"line":546,"column":5}},{"start":{},"end":{}}],"line":541},"23":{"loc":{"start":{"line":562,"column":4},"end":{"line":567,"column":5}},"type":"if","locations":[{"start":{"line":562,"column":4},"end":{"line":567,"column":5}},{"start":{},"end":{}}],"line":562},"24":{"loc":{"start":{"line":571,"column":4},"end":{"line":571,"column":31}},"type":"if","locations":[{"start":{"line":571,"column":4},"end":{"line":571,"column":31}},{"start":{},"end":{}}],"line":571},"25":{"loc":{"start":{"line":572,"column":4},"end":{"line":572,"column":34}},"type":"if","locations":[{"start":{"line":572,"column":4},"end":{"line":572,"column":34}},{"start":{},"end":{}}],"line":572},"26":{"loc":{"start":{"line":573,"column":4},"end":{"line":573,"column":52}},"type":"if","locations":[{"start":{"line":573,"column":4},"end":{"line":573,"column":52}},{"start":{},"end":{}}],"line":573},"27":{"loc":{"start":{"line":574,"column":4},"end":{"line":574,"column":37}},"type":"if","locations":[{"start":{"line":574,"column":4},"end":{"line":574,"column":37}},{"start":{},"end":{}}],"line":574},"28":{"loc":{"start":{"line":575,"column":4},"end":{"line":575,"column":37}},"type":"if","locations":[{"start":{"line":575,"column":4},"end":{"line":575,"column":37}},{"start":{},"end":{}}],"line":575},"29":{"loc":{"start":{"line":576,"column":4},"end":{"line":576,"column":46}},"type":"if","locations":[{"start":{"line":576,"column":4},"end":{"line":576,"column":46}},{"start":{},"end":{}}],"line":576},"30":{"loc":{"start":{"line":577,"column":4},"end":{"line":582,"column":5}},"type":"if","locations":[{"start":{"line":577,"column":4},"end":{"line":582,"column":5}},{"start":{},"end":{}}],"line":577},"31":{"loc":{"start":{"line":665,"column":4},"end":{"line":700,"column":5}},"type":"if","locations":[{"start":{"line":665,"column":4},"end":{"line":700,"column":5}},{"start":{"line":684,"column":11},"end":{"line":700,"column":5}}],"line":665},"32":{"loc":{"start":{"line":687,"column":14},"end":{"line":687,"column":71}},"type":"binary-expr","locations":[{"start":{"line":687,"column":14},"end":{"line":687,"column":38}},{"start":{"line":687,"column":42},"end":{"line":687,"column":71}}],"line":687},"33":{"loc":{"start":{"line":690,"column":6},"end":{"line":699,"column":7}},"type":"if","locations":[{"start":{"line":690,"column":6},"end":{"line":699,"column":7}},{"start":{},"end":{}}],"line":690},"34":{"loc":{"start":{"line":747,"column":4},"end":{"line":752,"column":5}},"type":"if","locations":[{"start":{"line":747,"column":4},"end":{"line":752,"column":5}},{"start":{},"end":{}}],"line":747},"35":{"loc":{"start":{"line":787,"column":4},"end":{"line":792,"column":5}},"type":"if","locations":[{"start":{"line":787,"column":4},"end":{"line":792,"column":5}},{"start":{},"end":{}}],"line":787},"36":{"loc":{"start":{"line":798,"column":4},"end":{"line":803,"column":5}},"type":"if","locations":[{"start":{"line":798,"column":4},"end":{"line":803,"column":5}},{"start":{},"end":{}}],"line":798},"37":{"loc":{"start":{"line":825,"column":4},"end":{"line":830,"column":5}},"type":"if","locations":[{"start":{"line":825,"column":4},"end":{"line":830,"column":5}},{"start":{},"end":{}}],"line":825}},"s":{"0":4,"1":54,"2":4,"3":0,"4":0,"5":0,"6":4,"7":54,"8":54,"9":54,"10":54,"11":1,"12":53,"13":53,"14":53,"15":53,"16":0,"17":0,"18":0,"19":0,"20":53,"21":53,"22":53,"23":53,"24":53,"25":0,"26":53,"27":53,"28":53,"29":53,"30":53,"31":53,"32":0,"33":4,"34":3,"35":3,"36":3,"37":3,"38":1,"39":2,"40":0,"41":2,"42":2,"43":1,"44":1,"45":1,"46":1,"47":1,"48":0,"49":1,"50":1,"51":1,"52":1,"53":1,"54":1,"55":1,"56":1,"57":1,"58":0,"59":1,"60":0,"61":4,"62":0,"63":0,"64":0,"65":0,"66":0,"67":0,"68":0,"69":0,"70":0,"71":0,"72":0,"73":0,"74":0,"75":0,"76":0,"77":0,"78":0,"79":0,"80":0,"81":4,"82":0,"83":0,"84":0,"85":0,"86":0,"87":0,"88":0,"89":0,"90":0,"91":0,"92":4,"93":0,"94":0,"95":0,"96":0,"97":4,"98":0,"99":0,"100":0,"101":0,"102":0,"103":0,"104":0,"105":0,"106":0,"107":0,"108":0,"109":0,"110":4,"111":0,"112":0,"113":0,"114":0,"115":0,"116":0,"117":0,"118":0,"119":0,"120":0,"121":0,"122":4,"123":2,"124":2,"125":2,"126":2,"127":1,"128":1,"129":1,"130":1,"131":1,"132":0,"133":0,"134":0,"135":0,"136":0,"137":1,"138":0,"139":4,"140":0,"141":0,"142":0,"143":0,"144":0,"145":0,"146":0,"147":0,"148":0,"149":0,"150":0,"151":0,"152":0,"153":0,"154":0,"155":4,"156":0,"157":0,"158":0,"159":0,"160":0,"161":0,"162":0,"163":0,"164":0,"165":0,"166":4,"167":1,"168":1,"169":1,"170":0,"171":1,"172":0,"173":4,"174":0,"175":0,"176":0,"177":0,"178":0,"179":0,"180":0,"181":0,"182":0,"183":0,"184":0,"185":0,"186":0,"187":0,"188":0,"189":0,"190":0,"191":0,"192":0,"193":0,"194":0,"195":0,"196":4,"197":0,"198":0,"199":0,"200":0,"201":4,"202":0,"203":0,"204":0,"205":0,"206":0,"207":4,"208":0,"209":0,"210":0,"211":0,"212":0,"213":0,"214":0,"215":0,"216":0,"217":0,"218":0,"219":0,"220":0,"221":0,"222":0,"223":0,"224":0,"225":0,"226":0,"227":0,"228":0,"229":0,"230":0,"231":0,"232":4,"233":0,"234":0,"235":0,"236":0,"237":0,"238":0,"239":0,"240":0,"241":0,"242":0,"243":0,"244":4,"245":0,"246":0,"247":0,"248":0,"249":0,"250":0,"251":0,"252":0,"253":0,"254":0,"255":0,"256":0,"257":0,"258":4,"259":0,"260":0,"261":0,"262":0,"263":0,"264":0,"265":0,"266":0,"267":0},"f":{"0":54,"1":0,"2":54,"3":3,"4":0,"5":0,"6":0,"7":0,"8":0,"9":0,"10":2,"11":0,"12":0,"13":1,"14":0,"15":0,"16":0,"17":0,"18":0,"19":0,"20":0,"21":0,"22":0},"b":{"0":[0],"1":[0,0],"2":[1,53],"3":[0,53],"4":[0,0],"5":[1,2],"6":[0,2],"7":[1,1],"8":[0,1],"9":[0,1],"10":[0,0],"11":[0,0],"12":[0,0],"13":[0,0],"14":[0,0],"15":[0,0],"16":[0,0],"17":[0,0],"18":[0,0],"19":[1,1],"20":[0,0],"21":[0,0],"22":[0,1],"23":[0,0],"24":[0,0],"25":[0,0],"26":[0,0],"27":[0,0],"28":[0,0],"29":[0,0],"30":[0,0],"31":[0,0],"32":[0,0],"33":[0,0],"34":[0,0],"35":[0,0],"36":[0,0],"37":[0,0]},"inputSourceMap":null,"_coverageSchema":"1a1c01bbd47fc00a2c39e90264f33305004495a9","hash":"7f3ef1af909692ad964797bb3f6258d7be5cd90b"}
,"D:\\Working Folder\\ecommerce-platform\\backend\\src\\controllers\\cartController.js": {"path":"D:\\Working Folder\\ecommerce-platform\\backend\\src\\controllers\\cartController.js","statementMap":{"0":{"start":{"line":4,"column":23},"end":{"line":16,"column":1}},"1":{"start":{"line":5,"column":2},"end":{"line":15,"column":3}},"2":{"start":{"line":6,"column":15},"end":{"line":6,"column":120}},"3":{"start":{"line":8,"column":4},"end":{"line":10,"column":5}},"4":{"start":{"line":9,"column":6},"end":{"line":9,"column":66}},"5":{"start":{"line":12,"column":4},"end":{"line":12,"column":38}},"6":{"start":{"line":14,"column":4},"end":{"line":14,"column":16}},"7":{"start":{"line":19,"column":25},"end":{"line":46,"column":1}},"8":{"start":{"line":20,"column":34},"end":{"line":20,"column":42}},"9":{"start":{"line":22,"column":2},"end":{"line":45,"column":3}},"10":{"start":{"line":23,"column":15},"end":{"line":23,"column":57}},"11":{"start":{"line":25,"column":4},"end":{"line":27,"column":5}},"12":{"start":{"line":26,"column":6},"end":{"line":26,"column":66}},"13":{"start":{"line":29,"column":22},"end":{"line":29,"column":89}},"14":{"start":{"line":29,"column":51},"end":{"line":29,"column":88}},"15":{"start":{"line":31,"column":4},"end":{"line":37,"column":5}},"16":{"start":{"line":33,"column":6},"end":{"line":33,"column":57}},"17":{"start":{"line":36,"column":6},"end":{"line":36,"column":74}},"18":{"start":{"line":39,"column":4},"end":{"line":39,"column":22}},"19":{"start":{"line":41,"column":24},"end":{"line":41,"column":129}},"20":{"start":{"line":42,"column":4},"end":{"line":42,"column":51}},"21":{"start":{"line":44,"column":4},"end":{"line":44,"column":16}},"22":{"start":{"line":49,"column":38},"end":{"line":71,"column":1}},"23":{"start":{"line":50,"column":34},"end":{"line":50,"column":42}},"24":{"start":{"line":52,"column":2},"end":{"line":70,"column":3}},"25":{"start":{"line":53,"column":17},"end":{"line":53,"column":59}},"26":{"start":{"line":54,"column":4},"end":{"line":56,"column":5}},"27":{"start":{"line":55,"column":6},"end":{"line":55,"column":81}},"28":{"start":{"line":58,"column":22},"end":{"line":58,"column":89}},"29":{"start":{"line":58,"column":51},"end":{"line":58,"column":88}},"30":{"start":{"line":59,"column":4},"end":{"line":61,"column":5}},"31":{"start":{"line":60,"column":6},"end":{"line":60,"column":89}},"32":{"start":{"line":63,"column":4},"end":{"line":63,"column":54}},"33":{"start":{"line":64,"column":4},"end":{"line":64,"column":22}},"34":{"start":{"line":66,"column":24},"end":{"line":66,"column":129}},"35":{"start":{"line":67,"column":4},"end":{"line":67,"column":51}},"36":{"start":{"line":69,"column":4},"end":{"line":69,"column":16}},"37":{"start":{"line":74,"column":30},"end":{"line":91,"column":1}},"38":{"start":{"line":75,"column":24},"end":{"line":75,"column":34}},"39":{"start":{"line":77,"column":2},"end":{"line":90,"column":3}},"40":{"start":{"line":78,"column":17},"end":{"line":78,"column":59}},"41":{"start":{"line":79,"column":4},"end":{"line":81,"column":5}},"42":{"start":{"line":80,"column":6},"end":{"line":80,"column":81}},"43":{"start":{"line":83,"column":4},"end":{"line":83,"column":82}},"44":{"start":{"line":83,"column":43},"end":{"line":83,"column":80}},"45":{"start":{"line":84,"column":4},"end":{"line":84,"column":22}},"46":{"start":{"line":86,"column":24},"end":{"line":86,"column":129}},"47":{"start":{"line":87,"column":4},"end":{"line":87,"column":51}},"48":{"start":{"line":89,"column":4},"end":{"line":89,"column":16}},"49":{"start":{"line":94,"column":25},"end":{"line":121,"column":1}},"50":{"start":{"line":95,"column":29},"end":{"line":95,"column":37}},"51":{"start":{"line":97,"column":2},"end":{"line":120,"column":3}},"52":{"start":{"line":98,"column":15},"end":{"line":98,"column":57}},"53":{"start":{"line":99,"column":4},"end":{"line":101,"column":5}},"54":{"start":{"line":100,"column":6},"end":{"line":100,"column":66}},"55":{"start":{"line":103,"column":4},"end":{"line":114,"column":5}},"56":{"start":{"line":104,"column":6},"end":{"line":112,"column":9}},"57":{"start":{"line":105,"column":26},"end":{"line":105,"column":101}},"58":{"start":{"line":105,"column":55},"end":{"line":105,"column":100}},"59":{"start":{"line":106,"column":8},"end":{"line":111,"column":9}},"60":{"start":{"line":108,"column":10},"end":{"line":108,"column":63}},"61":{"start":{"line":110,"column":10},"end":{"line":110,"column":88}},"62":{"start":{"line":113,"column":6},"end":{"line":113,"column":24}},"63":{"start":{"line":116,"column":24},"end":{"line":116,"column":129}},"64":{"start":{"line":117,"column":4},"end":{"line":117,"column":51}},"65":{"start":{"line":119,"column":4},"end":{"line":119,"column":16}}},"fnMap":{"0":{"name":"(anonymous_0)","decl":{"start":{"line":4,"column":23},"end":{"line":4,"column":24}},"loc":{"start":{"line":4,"column":49},"end":{"line":16,"column":1}},"line":4},"1":{"name":"(anonymous_1)","decl":{"start":{"line":19,"column":25},"end":{"line":19,"column":26}},"loc":{"start":{"line":19,"column":51},"end":{"line":46,"column":1}},"line":19},"2":{"name":"(anonymous_2)","decl":{"start":{"line":29,"column":43},"end":{"line":29,"column":44}},"loc":{"start":{"line":29,"column":51},"end":{"line":29,"column":88}},"line":29},"3":{"name":"(anonymous_3)","decl":{"start":{"line":49,"column":38},"end":{"line":49,"column":39}},"loc":{"start":{"line":49,"column":64},"end":{"line":71,"column":1}},"line":49},"4":{"name":"(anonymous_4)","decl":{"start":{"line":58,"column":43},"end":{"line":58,"column":44}},"loc":{"start":{"line":58,"column":51},"end":{"line":58,"column":88}},"line":58},"5":{"name":"(anonymous_5)","decl":{"start":{"line":74,"column":30},"end":{"line":74,"column":31}},"loc":{"start":{"line":74,"column":56},"end":{"line":91,"column":1}},"line":74},"6":{"name":"(anonymous_6)","decl":{"start":{"line":83,"column":35},"end":{"line":83,"column":36}},"loc":{"start":{"li
[...]
,"D:\\Working Folder\\ecommerce-platform\\backend\\src\\utils\\generateToken.js": {"path":"D:\\Working Folder\\ecommerce-platform\\backend\\src\\utils\\generateToken.js","statementMap":{"0":{"start":{"line":3,"column":22},"end":{"line":12,"column":1}},"1":{"start":{"line":4,"column":17},"end":{"line":4,"column":39}},"2":{"start":{"line":5,"column":2},"end":{"line":7,"column":3}},"3":{"start":{"line":6,"column":4},"end":{"line":6,"column":67}},"4":{"start":{"line":9,"column":2},"end":{"line":11,"column":5}}},"fnMap":{"0":{"name":"(anonymous_0)","decl":{"start":{"line":3,"column":22},"end":{"line":3,"column":23}},"loc":{"start":{"line":3,"column":30},"end":{"line":12,"column":1}},"line":3}},"branchMap":{"0":{"loc":{"start":{"line":5,"column":2},"end":{"line":7,"column":3}},"type":"if","locations":[{"start":{"line":5,"column":2},"end":{"line":7,"column":3}},{"start":{},"end":{}}],"line":5},"1":{"loc":{"start":{"line":10,"column":15},"end":{"line":10,"column":49}},"type":"binary-expr","locations":[{"start":{"line":10,"column":15},"end":{"line":10,"column":41}},{"start":{"line":10,"column":45},"end":{"line":10,"column":49}}],"line":10}},"s":{"0":4,"1":54,"2":54,"3":0,"4":54},"f":{"0":54},"b":{"0":[0,54],"1":[54,0]},"inputSourceMap":null,"_coverageSchema":"1a1c01bbd47fc00a2c39e90264f33305004495a9","hash":"f90c00a493dac008457c9b32a87cefc2c7e017a0"}
,"D:\\Working Folder\\ecommerce-platform\\backend\\src\\utils\\invoiceGenerator.js": {"path":"D:\\Working Folder\\ecommerce-platform\\backend\\src\\utils\\invoiceGenerator.js","statementMap":{"0":{"start":{"line":3,"column":34},"end":{"line":87,"column":1}},"1":{"start":{"line":4,"column":14},"end":{"line":4,"column":57}},"2":{"start":{"line":6,"column":2},"end":{"line":6,"column":19}},"3":{"start":{"line":9,"column":2},"end":{"line":11,"column":65}},"4":{"start":{"line":13,"column":2},"end":{"line":17,"column":71}},"5":{"start":{"line":20,"column":2},"end":{"line":21,"column":62}},"6":{"start":{"line":23,"column":36},"end":{"line":23,"column":41}},"7":{"start":{"line":24,"column":2},"end":{"line":28,"column":45}},"8":{"start":{"line":31,"column":2},"end":{"line":31,"column":57}},"9":{"start":{"line":34,"column":10},"end":{"line":34,"column":13}},"10":{"start":{"line":35,"column":2},"end":{"line":39,"column":59}},"11":{"start":{"line":41,"column":2},"end":{"line":41,"column":63}},"12":{"start":{"line":42,"column":2},"end":{"line":42,"column":10}},"13":{"start":{"line":45,"column":2},"end":{"line":52,"column":5}},"14":{"start":{"line":46,"column":4},"end":{"line":50,"column":99}},"15":{"start":{"line":51,"column":4},"end":{"line":51,"column":12}},"16":{"start":{"line":54,"column":2},"end":{"line":54,"column":61}},"17":{"start":{"line":55,"column":2},"end":{"line":55,"column":10}},"18":{"start":{"line":58,"column":26},"end":{"line":63,"column":3}},"19":{"start":{"line":59,"column":4},"end":{"line":61,"column":59}},"20":{"start":{"line":62,"column":4},"end":{"line":62,"column":12}},"21":{"start":{"line":65,"column":19},"end":{"line":65,"column":94}},"22":{"start":{"line":65,"column":58},"end":{"line":65,"column":90}},"23":{"start":{"line":66,"column":2},"end":{"line":66,"column":58}},"24":{"start":{"line":67,"column":2},"end":{"line":67,"column":65}},"25":{"start":{"line":68,"column":2},"end":{"line":68,"column":69}},"26":{"start":{"line":69,"column":2},"end":{"line":71,"column":3}},"27":{"start":{"line":70,"column":4},"end":{"line":70,"column":79}},"28":{"start":{"line":73,"column":2},"end":{"line":73,"column":54}},"29":{"start":{"line":74,"column":2},"end":{"line":74,"column":10}},"30":{"start":{"line":76,"column":2},"end":{"line":79,"column":97}},"31":{"start":{"line":82,"column":2},"end":{"line":84,"column":127}},"32":{"start":{"line":86,"column":2},"end":{"line":86,"column":12}}},"fnMap":{"0":{"name":"(anonymous_0)","decl":{"start":{"line":3,"column":34},"end":{"line":3,"column":35}},"loc":{"start":{"line":3,"column":53},"end":{"line":87,"column":1}},"line":3},"1":{"name":"(anonymous_1)","decl":{"start":{"line":45,"column":27},"end":{"line":45,"column":28}},"loc":{"start":{"line":45,"column":35},"end":{"line":52,"column":3}},"line":45},"2":{"name":"(anonymous_2)","decl":{"start":{"line":58,"column":26},"end":{"line":58,"column":27}},"loc":{"start":{"line":58,"column":44},"end":{"line":63,"column":3}},"line":58},"3":{"name":"(anonymous_3)","decl":{"start":{"line":65,"column":43},"end":{"line":65,"column":44}},"loc":{"start":{"line":65,"column":58},"end":{"line":65,"column":90}},"line":65}},"branchMap":{"0":{"loc":{"start":{"line":25,"column":11},"end":{"line":25,"column":40}},"type":"binary-expr","locations":[{"start":{"line":25,"column":11},"end":{"line":25,"column":21}},{"start":{"line":25,"column":25},"end":{"line":25,"column":40}}],"line":25},"1":{"loc":{"start":{"line":69,"column":2},"end":{"line":71,"column":3}},"type":"if","locations":[{"start":{"line":69,"column":2},"end":{"line":71,"column":3}},{"start":{},"end":{}}],"line":69}},"s":{"0":4,"1":0,"2":0,"3":0,"4":0,"5":0,"6":0,"7":0,"8":0,"9":0,"10":0,"11":0,"12":0,"13":0,"14":0,"15":0,"16":0,"17":0,"18":0,"19":0,"20":0,"21":0,"22":0,"23":0,"24":0,"25":0,"26":0,"27":0,"28":0,"29":0,"30":0,"31":0,"32":0},"f":{"0":0,"1":0,"2":0,"3":0},"b":{"0":[0,0],"1":[0,0]},"inputSourceMap":null,"_coverageSchema":"1a1c01bbd47fc00a2c39e90264f33305004495a9","hash":"236fcff5bc4ab8fe0a8a45ff2b51bc86e5f2cef5"}
,"D:\\Working Folder\\ecommerce-platform\\backend\\src\\utils\\orderPricing.js": {"path":"D:\\Working Folder\\ecommerce-platform\\backend\\src\\utils\\orderPricing.js","statementMap":{"0":{"start":{"line":4,"column":24},"end":{"line":10,"column":1}},"1":{"start":{"line":5,"column":2},"end":{"line":8,"column":3}},"2":{"start":{"line":6,"column":20},"end":{"line":6,"column":84}},"3":{"start":{"line":6,"column":49},"end":{"line":6,"column":62}},"4":{"start":{"line":7,"column":4},"end":{"line":7,"column":76}},"5":{"start":{"line":9,"column":2},"end":{"line":9,"column":18}},"6":{"start":{"line":12,"column":37},"end":{"line":96,"column":1}},"7":{"start":{"line":18,"column":24},"end":{"line":18,"column":26}},"8":{"start":{"line":19,"column":17},"end":{"line":19,"column":18}},"9":{"start":{"line":21,"column":2},"end":{"line":55,"column":3}},"10":{"start":{"line":22,"column":20},"end":{"line":22,"column":56}},"11":{"start":{"line":23,"column":4},"end":{"line":27,"column":5}},"12":{"start":{"line":24,"column":20},"end":{"line":24,"column":90}},"13":{"start":{"line":25,"column":6},"end":{"line":25,"column":29}},"14":{"start":{"line":26,"column":6},"end":{"line":26,"column":18}},"15":{"start":{"line":29,"column":4},"end":{"line":33,"column":5}},"16":{"start":{"line":30,"column":20},"end":{"line":30,"column":89}},"17":{"start":{"line":31,"column":6},"end":{"line":31,"column":29}},"18":{"start":{"line":32,"column":6},"end":{"line":32,"column":18}},"19":{"start":{"line":35,"column":4},"end":{"line":41,"column":5}},"20":{"start":{"line":36,"column":20},"end":{"line":38,"column":7}},"21":{"start":{"line":39,"column":6},"end":{"line":39,"column":29}},"22":{"start":{"line":40,"column":6},"end":{"line":40,"column":18}},"23":{"start":{"line":43,"column":18},"end":{"line":43,"column":31}},"24":{"start":{"line":44,"column":4},"end":{"line":44,"column":38}},"25":{"start":{"line":46,"column":4},"end":{"line":54,"column":7}},"26":{"start":{"line":57,"column":22},"end":{"line":57,"column":23}},"27":{"start":{"line":58,"column":22},"end":{"line":58,"column":26}},"28":{"start":{"line":60,"column":2},"end":{"line":81,"column":3}},"29":{"start":{"line":61,"column":19},"end":{"line":61,"column":82}},"30":{"start":{"line":62,"column":4},"end":{"line":66,"column":5}},"31":{"start":{"line":63,"column":20},"end":{"line":63,"column":52}},"32":{"start":{"line":64,"column":6},"end":{"line":64,"column":29}},"33":{"start":{"line":65,"column":6},"end":{"line":65,"column":18}},"34":{"start":{"line":68,"column":4},"end":{"line":72,"column":5}},"35":{"start":{"line":69,"column":20},"end":{"line":69,"column":111}},"36":{"start":{"line":70,"column":6},"end":{"line":70,"column":29}},"37":{"start":{"line":71,"column":6},"end":{"line":71,"column":18}},"38":{"start":{"line":74,"column":4},"end":{"line":78,"column":5}},"39":{"start":{"line":75,"column":6},"end":{"line":75,"column":63}},"40":{"start":{"line":77,"column":6},"end":{"line":77,"column":44}},"41":{"start":{"line":79,"column":4},"end":{"line":79,"column":54}},"42":{"start":{"line":80,"column":4},"end":{"line":80,"column":27}},"43":{"start":{"line":83,"column":24},"end":{"line":83,"column":58}},"44":{"start":{"line":84,"column":29},"end":{"line":84,"column":68}},"45":{"start":{"line":85,"column":21},"end":{"line":85,"column":95}},"46":{"start":{"line":87,"column":2},"end":{"line":95,"column":4}}},"fnMap":{"0":{"name":"(anonymous_0)","decl":{"start":{"line":4,"column":24},"end":{"line":4,"column":25}},"loc":{"start":{"line":4,"column":52},"end":{"line":10,"column":1}},"line":4},"1":{"name":"(anonymous_1)","decl":{"start":{"line":6,"column":40},"end":{"line":6,"column":41}},"loc":{"start":{"line":6,"column":49},"end":{"line":6,"column":62}},"line":6},"2":{"name":"(anonymous_2)","decl":{"start":{"line":12,"column":37},"end":{"line":12,"column":38}},"loc":{"start":{"line":17,"column":6},"end":{"line":96,"column":1}},"line":17}},"branchMap":{"0":{"loc":{"start":{"line":4,"column":34},"end":{"line":4,"column":47}},"type":"default-arg","locations":[{"start":{"line":4,"column":45},"end":{"line":4,"column":47}}],"line":4},"1":{"loc":{"start":{"line":5,"column":2},"end":{"line":8,"column":3}},"type":"if","locations":[{"start":{"line":5,"column":2},"end":{"line":8,"column":3}},{"start":{},"end":{}}],"line":5},"2":{"loc":{"start":{"line":6,"column":20},"end":{"line":6,"column":84}},"type":"binary-expr","locations":[{"start":{"line":6,"column":20},"end":{"line":6,"column":63}},{"start":{"line":6,"column":67},"end":{"line":6,"column":84}}],"line":6},"3":{"loc":{"start":{"line":7,"column":11},"end":{"line":7,"column":75}},"type":"cond-expr","locations":[{"start":{"line":7,"column":41},"end":{"line":7,"column":48}},{"start":{"line":7,"column":51},"end":{"line":7,"column":75}}],"line":7},"4":{"loc":{"start":{"line":7,"column":51},"end":{"line":7,"column":75}},"type":"binary-expr","locations":[{"start":{"line":7,"column":51},"end":{"line":7,"column":63}},{"start":{"line":7,"column":67},"end":{"line":7,"column":75}}],"line":7},"5":{"loc":{"start":{"line":15,"column":2},"end":{"line":15,"column":14}},"type":"default-arg","locations":[{"start":{"line":15,"column":13},"end":{"line":15,"column":14}}],"line":15},"6":{"loc":{"start":{"line":16,"column":2},"end":{"line":16,"column":19}},"type":"default-arg","locations":[{"start":{"line":16,"column":18},"end":{"line":16,"column":19}}],"line":16},"7":{"loc":{"start":{"line":23,"column":4},"end":{"line":27,"column":5}},"type":"if","locations":[{"start":{"line":23,"column":4},"end":{"line":27,"column":5}},{"start":{},"end":{}}],"line":23},"8":{"loc":{"start":{"line":24,"column":61},"end":{"line":24,"column":87}},"type":"binary-expr","locations":[{"start":{"line":24,"column":61},"end":{"line":24,"column":71}},{"start":{"line":24,"column":75},"end":{"line":24,"column":87}}],"line":24},"9":{"loc":{"start":{"line":29,"column":4},"end":{"line":33,"column":5}},"type":"if","locations":[{"start":{"line":29,"column":4},"end":{"line":33,"column":5}},{"start":{},"end":{}}],"line":29},"10":{"loc":{"start":{"line":35,"column":4},"end":{"line":41,"column":5}},"type":"if","locations":[{"start":{"line":35,"column":4},"end":{"line":41,"column":5}},{"start":{},"end":{}}],"line":35},"11":{"loc":{"start":{"line":35,"column":8},"end":{"line":35,"column":77}},"type":"binary-expr","locations":[{"start":{"line":35,"column":8},"end":{"line":35,"column":40}},{"start":{"line":35,"column":44},"end":{"line":35,"column":77}}],"line":35},"12":{"loc":{"start":{"line":60,"column":2},"end":{"line":81,"column":3}},"type":"if","locations":[{"start":{"line":60,"column":2},"end":{"line":81,"column":3}},{"start":{},"end":{}}],"line":60},"13":{"loc":{"start":{"line":62,"column":4},"end":{"line":66,"column":5}},"type":"if","locations":[{"start":{"line":62,"column":4},"end":{"line":66,"column":5}},{"start":{},"end":{}}],"line":62},"14":{"loc":{"start":{"line":68,"column":4},"end":{"line":72,"column":5}},"type":"if","locations":[{"start":{"line":68,"column":4},"end":{"line":72,"column":5}},{"start":{},"end":{}}],"line":68},"15":{"loc":{"start":{"line":74,"column":4},"end":{"line":78,"column":5}},"type":"if","locations":[{"start":{"line":74,"column":4},"end":{"line":78,"column":5}},{"start":{"line":76,"column":11},"end":{"line":78,"column":5}}],"line":74},"16":{"loc":{"start":{"line":83,"column":36},"end":{"line":83,"column":57}},"type":"binary-expr","locations":[{"start":{"line":83,"column":36},"end":{"line":83,"column":52}},{"start":{"line":83,"column":56},"end":{"line":83,"column":57}}],"line":83},"17":{"loc":{"start":{"line":84,"column":41},"end":{"line":84,"column":67}},"type":"binary-expr","locations":[{"start":{"line":84,"column":41},"end":{"line":84,"column":62}},{"start":{"line":84,"column":66},"end":{"line":84,"column":67}}],"line":84}},"s":{"0":5,"1":3,"2":3,"3":3,"4":3,"5":0,"6":5,"7":4,"8":4,"9":4,"10":4,"11":4,"12":0,"13":0,"14":0,"15":4,"16":0,"17":0,"18":0,"19":4,"20":1,"21":1,"22":1,"23":3,"24":3,"25":3,"26":3,"27":3,"28":3,"29":1,"30":1,"31":0,"32":0,"33":0,"34":1,"35":0,"36":0,"37":0,"38":1,"39":1,"40":0,"41":1,"42":1,"43":3,"44":3,"45":3,"46":3},"f":{"0":3,"1":3,"2":4},"b":{"0":[0],"1":[3,0],"2":[3,0],"3":[0,3],"4":[3,0],"5":[0],"6":[0],"7":[0,4],"8":[0,0],"9":[0,4],"10":[1,3],"11":[4,4],"12":[1,2],"13":[0,1],"14":[0,1],"15":[1,0],"16":[3,1],"17":[3,1]},"inputSourceMap":null,"_coverageSchema":"1a1c01bbd47fc00a2c39e90264f33305004495a9","hash":"f2b51fc34baaf8301cfc367297ad3903a425afaf"}
,"D:\\Working Folder\\ecommerce-platform\\backend\\src\\utils\\refundConstants.js": {"path":"D:\\Working Folder\\ecommerce-platform\\backend\\src\\utils\\refundConstants.js","statementMap":{"0":{"start":{"line":1,"column":34},"end":{"line":1,"column":36}},"1":{"start":{"line":2,"column":32},"end":{"line":2,"column":33}},"2":{"start":{"line":3,"column":36},"end":{"line":3,"column":46}},"3":{"start":{"line":5,"column":31},"end":{"line":14,"column":1}},"4":{"start":{"line":16,"column":36},"end":{"line":21,"column":1}},"5":{"start":{"line":23,"column":32},"end":{"line":29,"column":1}},"6":{"start":{"line":31,"column":31},"end":{"line":35,"column":1}},"7":{"start":{"line":32,"column":2},"end":{"line":32,"column":61}},"8":{"start":{"line":32,"column":30},"end":{"line":32,"column":61}},"9":{"start":{"line":33,"column":2},"end":{"line":33,"column":62}},"10":{"start":{"line":33,"column":30},"end":{"line":33,"column":62}},"11":{"start":{"line":34,"column":2},"end":{"line":34,"column":16}},"12":{"start":{"line":37,"column":29},"end":{"line":48,"column":1}},"13":{"start":{"line":50,"column":30},"end":{"line":59,"column":1}}},"fnMap":{"0":{"name":"(anonymous_0)","decl":{"start":{"line":31,"column":31},"end":{"line":31,"column":32}},"loc":{"start":{"line":31,"column":43},"end":{"line":35,"column":1}},"line":31}},"branchMap":{"0":{"loc":{"start":{"line":32,"column":2},"end":{"line":32,"column":61}},"type":"if","locations":[{"start":{"line":32,"column":2},"end":{"line":32,"column":61}},{"start":{},"end":{}}],"line":32},"1":{"loc":{"start":{"line":33,"column":2},"end":{"line":33,"column":62}},"type":"if","locations":[{"start":{"line":33,"column":2},"end":{"line":33,"column":62}},{"start":{},"end":{}}],"line":33}},"s":{"0":4,"1":4,"2":4,"3":4,"4":4,"5":4,"6":4,"7":16,"8":0,"9":16,"10":0,"11":16,"12":4,"13":4},"f":{"0":16},"b":{"0":[0,16],"1":[0,16]},"inputSourceMap":null,"_coverageSchema":"1a1c01bbd47fc00a2c39e90264f33305004495a9","hash":"85efa04c1e544d8f3dde2174e2040bb17bcc42e7"}
,"D:\\Working Folder\\ecommerce-platform\\backend\\src\\validation\\schemas.js": {"path":"D:\\Working Folder\\ecommerce-platform\\backend\\src\\validation\\schemas.js","statementMap":{"0":{"start":{"line":3,"column":30},"end":{"line":22,"column":2}},"1":{"start":{"line":24,"column":27},"end":{"line":32,"column":2}},"2":{"start":{"line":34,"column":36},"end":{"line":47,"column":2}},"3":{"start":{"line":49,"column":29},"end":{"line":58,"column":2}},"4":{"start":{"line":60,"column":29},"end":{"line":123,"column":2}},"5":{"start":{"line":125,"column":28},"end":{"line":129,"column":2}},"6":{"start":{"line":131,"column":27},"end":{"line":153,"column":2}},"7":{"start":{"line":155,"column":28},"end":{"line":167,"column":2}},"8":{"start":{"line":169,"column":30},"end":{"line":176,"column":2}},"9":{"start":{"line":178,"column":27},"end":{"line":187,"column":2}},"10":{"start":{"line":189,"column":35},"end":{"line":215,"column":2}},"11":{"start":{"line":207,"column":20},"end":{"line":207,"column":47}},"12":{"start":{"line":208,"column":24},"end":{"line":208,"column":82}},"13":{"start":{"line":209,"column":6},"end":{"line":211,"column":7}},"14":{"start":{"line":210,"column":8},"end":{"line":210,"column":44}},"15":{"start":{"line":212,"column":6},"end":{"line":212,"column":19}},"16":{"start":{"line":217,"column":34},"end":{"line":224,"column":2}},"17":{"start":{"line":226,"column":35},"end":{"line":231,"column":2}},"18":{"start":{"line":233,"column":39},"end":{"line":236,"column":2}},"19":{"start":{"line":238,"column":34},"end":{"line":251,"column":2}},"20":{"start":{"line":253,"column":36},"end":{"line":289,"column":2}},"21":{"start":{"line":291,"column":31},"end":{"line":307,"column":2}},"22":{"start":{"line":309,"column":31},"end":{"line":328,"column":2}},"23":{"start":{"line":330,"column":30},"end":{"line":339,"column":2}},"24":{"start":{"line":341,"column":35},"end":{"line":356,"column":2}},"25":{"start":{"line":358,"column":41},"end":{"line":362,"column":2}}},"fnMap":{"0":{"name":"(anonymous_0)","decl":{"start":{"line":206,"column":36},"end":{"line":206,"column":37}},"loc":{"start":{"line":206,"column":56},"end":{"line":213,"column":5}},"line":206}},"branchMap":{"0":{"loc":{"start":{"line":209,"column":6},"end":{"line":211,"column":7}},"type":"if","locations":[{"start":{"line":209,"column":6},"end":{"line":211,"column":7}},{"start":{},"end":{}}],"line":209},"1":{"loc":{"start":{"line":209,"column":10},"end":{"line":209,"column":30}},"type":"binary-expr","locations":[{"start":{"line":209,"column":10},"end":{"line":209,"column":16}},{"start":{"line":209,"column":20},"end":{"line":209,"column":30}}],"line":209}},"s":{"0":4,"1":4,"2":4,"3":4,"4":4,"5":4,"6":4,"7":4,"8":4,"9":4,"10":4,"11":0,"12":0,"13":0,"14":0,"15":0,"16":4,"17":4,"18":4,"19":4,"20":4,"21":4,"22":4,"23":4,"24":4,"25":4},"f":{"0":0},"b":{"0":[0,0],"1":[0,0]},"inputSourceMap":null,"_coverageSchema":"1a1c01bbd47fc00a2c39e90264f33305004495a9","hash":"94ad9c028448568c9d4d5a3b9d5eb75387b6e12d"}
}
