TN:
SF:src\app.js
FN:127,(anonymous_0)
FNF:1
FNH:0
FNDA:0,(anonymous_0)
DA:12,3
DA:37,3
DA:38,3
DA:41,3
DA:47,3
DA:50,3
DA:51,0
DA:55,3
DA:58,3
DA:59,3
DA:60,3
DA:63,3
DA:67,3
DA:70,3
DA:81,3
DA:90,3
DA:99,3
DA:100,3
DA:101,3
DA:102,3
DA:103,3
DA:106,3
DA:109,3
DA:110,3
DA:111,3
DA:112,3
DA:113,3
DA:114,3
DA:115,3
DA:116,3
DA:117,3
DA:118,3
DA:119,3
DA:120,3
DA:121,3
DA:122,3
DA:123,3
DA:124,3
DA:127,3
DA:128,0
DA:132,3
DA:133,3
LF:42
LH:40
BRDA:42,0,0,3
BRDA:42,0,1,0
BRDA:50,1,0,0
BRDA:50,1,1,3
BRF:4
BRH:2
end_of_record
TN:
SF:src\server.js
FN:20,findAvailablePort
FN:21,(anonymous_1)
FN:25,(anonymous_2)
FN:33,(anonymous_3)
FN:45,(anonymous_4)
FN:60,startServer
FN:64,(anonymous_6)
FN:73,(anonymous_7)
FN:94,(anonymous_8)
FN:98,(anonymous_9)
FN:104,(anonymous_10)
FN:114,(anonymous_11)
FN:115,(anonymous_12)
FN:118,(anonymous_13)
FN:122,(anonymous_14)
FN:129,(anonymous_15)
FN:134,(anonymous_16)
FNF:17
FNH:0
FNDA:0,findAvailablePort
FNDA:0,(anonymous_1)
FNDA:0,(anonymous_2)
FNDA:0,(anonymous_3)
FNDA:0,(anonymous_4)
FNDA:0,startServer
FNDA:0,(anonymous_6)
FNDA:0,(anonymous_7)
FNDA:0,(anonymous_8)
FNDA:0,(anonymous_9)
FNDA:0,(anonymous_10)
FNDA:0,(anonymous_11)
FNDA:0,(anonymous_12)
FNDA:0,(anonymous_13)
FNDA:0,(anonymous_14)
FNDA:0,(anonymous_15)
FNDA:0,(anonymous_16)
DA:7,0
DA:10,0
DA:12,0
DA:13,0
DA:15,0
DA:21,0
DA:22,0
DA:23,0
DA:25,0
DA:26,0
DA:27,0
DA:28,0
DA:31,0
DA:33,0
DA:34,0
DA:35,0
DA:36,0
DA:37,0
DA:38,0
DA:39,0
DA:41,0
DA:45,0
DA:46,0
DA:47,0
DA:50,0
DA:53,0
DA:61,0
DA:62,0
DA:64,0
DA:65,0
DA:67,0
DA:68,0
DA:73,0
DA:74,0
DA:75,0
DA:76,0
DA:77,0
DA:79,0
DA:80,0
DA:85,0
DA:86,0
DA:91,0
DA:94,0
DA:95,0
DA:97,0
DA:98,0
DA:99,0
DA:100,0
DA:104,0
DA:105,0
DA:106,0
DA:109,0
DA:114,0
DA:115,0
DA:118,0
DA:119,0
DA:121,0
DA:122,0
DA:124,0
DA:129,0
DA:130,0
DA:131,0
DA:133,0
DA:134,0
DA:136,0
LF:65
LH:0
BRDA:12,0,0,0
BRDA:12,0,1,0
BRDA:26,1,0,0
BRDA:26,1,1,0
BRDA:34,2,0,0
BRDA:34,2,1,0
BRDA:65,3,0,0
BRDA:65,3,1,0
BRDA:67,4,0,0
BRDA:67,4,1,0
BRDA:74,5,0,0
BRDA:74,5,1,0
BRDA:97,6,0,0
BRDA:97,6,1,0
BRDA:121,7,0,0
BRDA:121,7,1,0
BRDA:133,8,0,0
BRDA:133,8,1,0
BRF:18
BRH:0
end_of_record
TN:
SF:src\config\db.js
FN:10,(anonymous_0)
FN:34,(anonymous_1)
FNF:2
FNH:1
FNDA:60,(anonymous_0)
FNDA:0,(anonymous_1)
DA:4,3
DA:6,3
DA:7,3
DA:10,3
DA:11,60
DA:12,60
DA:16,0
DA:17,0
DA:20,0
DA:21,0
DA:25,0
DA:32,0
DA:35,0
DA:36,0
DA:40,0
DA:41,0
DA:43,0
DA:44,0
DA:45,0
DA:48,0
LF:20
LH:6
BRDA:6,0,0,3
BRDA:6,0,1,0
BRDA:11,1,0,60
BRDA:11,1,1,0
BRDA:16,2,0,0
BRDA:16,2,1,0
BRDA:20,3,0,0
BRDA:20,3,1,0
BRDA:21,4,0,0
BRDA:21,4,1,0
BRDA:22,5,0,0
BRDA:22,5,1,0
BRF:12
BRH:2
end_of_record
TN:
SF:src\config\swagger.js
FNF:0
FNH:0
DA:3,3
DA:38,3
LF:2
LH:2
BRF:0
BRH:0
end_of_record
TN:
SF:src\controllers\adminController.js
FN:10,(anonymous_0)
FN:40,(anonymous_1)
FN:64,(anonymous_2)
FN:78,(anonymous_3)
FN:85,(anonymous_4)
FN:103,(anonymous_5)
FN:115,(anonymous_6)
FN:137,(anonymous_7)
FN:161,(anonymous_8)
FN:186,(anonymous_9)
FN:211,(anonymous_10)
FN:246,(anonymous_11)
FN:258,(anonymous_12)
FN:367,(anonymous_13)
FN:376,(anonymous_14)
FN:391,(anonymous_15)
FN:413,(anonymous_16)
FNF:17
FNH:0
FNDA:0,(anonymous_0)
FNDA:0,(anonymous_1)
FNDA:0,(anonymous_2)
FNDA:0,(anonymous_3)
FNDA:0,(anonymous_4)
FNDA:0,(anonymous_5)
FNDA:0,(anonymous_6)
FNDA:0,(anonymous_7)
FNDA:0,(anonymous_8)
FNDA:0,(anonymous_9)
FNDA:0,(anonymous_10)
FNDA:0,(anonymous_11)
FNDA:0,(anonymous_12)
FNDA:0,(anonymous_13)
FNDA:0,(anonymous_14)
FNDA:0,(anonymous_15)
FNDA:0,(anonymous_16)
DA:10,3
DA:11,0
DA:12,0
DA:13,0
DA:16,0
DA:17,0
DA:19,0
DA:33,0
DA:35,0
DA:40,3
DA:41,0
DA:42,0
DA:43,0
DA:44,0
DA:45,0
DA:48,0
DA:49,0
DA:50,0
DA:51,0
DA:54,0
DA:55,0
DA:57,0
DA:59,0
DA:64,3
DA:65,0
DA:66,0
DA:67,0
DA:68,0
DA:69,0
DA:71,0
DA:73,0
DA:78,3
DA:79,0
DA:80,0
DA:81,0
DA:82,0
DA:85,0
DA:86,0
DA:87,0
DA:93,0
DA:94,0
DA:96,0
DA:103,3
DA:104,0
DA:105,0
DA:106,0
DA:107,0
DA:108,0
DA:110,0
DA:115,3
DA:116,0
DA:117,0
DA:118,0
DA:119,0
DA:120,0
DA:123,0
DA:124,0
DA:127,0
DA:128,0
DA:130,0
DA:132,0
DA:137,3
DA:138,0
DA:139,0
DA:141,0
DA:142,0
DA:143,0
DA:146,0
DA:147,0
DA:148,0
DA:151,0
DA:152,0
DA:154,0
DA:161,3
DA:162,0
DA:163,0
DA:164,0
DA:166,0
DA:167,0
DA:173,0
DA:181,0
DA:186,3
DA:187,0
DA:188,0
DA:190,0
DA:191,0
DA:192,0
DA:193,0
DA:196,0
DA:198,0
DA:199,0
DA:200,0
DA:203,0
DA:204,0
DA:206,0
DA:211,3
DA:212,0
DA:213,0
DA:214,0
DA:215,0
DA:216,0
DA:219,0
DA:220,0
DA:223,0
DA:224,0
DA:228,0
DA:229,0
DA:234,0
DA:235,0
DA:237,0
DA:239,0
DA:246,3
DA:247,0
DA:248,0
DA:249,0
DA:251,0
DA:258,3
DA:259,0
DA:261,0
DA:265,0
DA:268,0
DA:269,0
DA:270,0
DA:273,0
DA:278,0
DA:309,0
DA:326,0
DA:327,0
DA:329,0
DA:346,0
DA:361,0
DA:367,3
DA:368,0
DA:369,0
DA:370,0
DA:372,0
DA:376,3
DA:377,0
DA:378,0
DA:382,0
DA:384,0
DA:385,0
DA:387,0
DA:391,3
DA:392,0
DA:393,0
DA:394,0
DA:395,0
DA:398,0
DA:403,0
DA:404,0
DA:407,0
DA:409,0
DA:413,3
DA:414,0
DA:415,0
DA:416,0
DA:417,0
DA:419,0
DA:421,0
LF:160
LH:16
BRDA:17,0,0,0
BRDA:17,0,1,0
BRDA:44,1,0,0
BRDA:44,1,1,0
BRDA:48,2,0,0
BRDA:48,2,1,0
BRDA:48,3,0,0
BRDA:48,3,1,0
BRDA:51,4,0,0
BRDA:51,4,1,0
BRDA:68,5,0,0
BRDA:68,5,1,0
BRDA:81,6,0,0
BRDA:81,6,1,0
BRDA:119,7,0,0
BRDA:119,7,1,0
BRDA:123,8,0,0
BRDA:123,8,1,0
BRDA:123,9,0,0
BRDA:123,9,1,0
BRDA:142,10,0,0
BRDA:142,10,1,0
BRDA:147,11,0,0
BRDA:147,11,1,0
BRDA:163,12,0,0
BRDA:163,12,1,0
BRDA:164,13,0,0
BRDA:164,13,1,0
BRDA:192,14,0,0
BRDA:192,14,1,0
BRDA:198,15,0,0
BRDA:198,15,1,0
BRDA:215,16,0,0
BRDA:215,16,1,0
BRDA:219,17,0,0
BRDA:219,17,1,0
BRDA:223,18,0,0
BRDA:223,18,1,0
BRDA:265,19,0,0
BRDA:265,19,1,0
BRDA:384,20,0,0
BRDA:384,20,1,0
BRDA:394,21,0,0
BRDA:394,21,1,0
BRDA:403,22,0,0
BRDA:403,22,1,0
BRDA:416,23,0,0
BRDA:416,23,1,0
BRF:48
BRH:0
end_of_record
TN:
SF:src\controllers\authController.js
FN:9,(anonymous_0)
FN:14,(anonymous_1)
FN:35,(anonymous_2)
FN:132,(anonymous_3)
FN:251,(anonymous_4)
FN:278,(anonymous_5)
FN:314,(anonymous_6)
FN:353,(anonymous_7)
FN:370,(anonymous_8)
FN:403,(anonymous_9)
FN:431,(anonymous_10)
FN:471,(anonymous_11)
FN:509,(anonymous_12)
FN:536,(anonymous_13)
FN:558,(anonymous_14)
FN:606,(anonymous_15)
FN:623,(anonymous_16)
FN:647,(anonymous_17)
FN:687,(anonymous_18)
FN:743,(anonymous_19)
FN:758,(anonymous_20)
FN:781,(anonymous_21)
FN:819,(anonymous_22)
FNF:23
FNH:5
FNDA:29,(anonymous_0)
FNDA:0,(anonymous_1)
FNDA:29,(anonymous_2)
FNDA:3,(anonymous_3)
FNDA:0,(anonymous_4)
FNDA:0,(anonymous_5)
FNDA:0,(anonymous_6)
FNDA:0,(anonymous_7)
FNDA:0,(anonymous_8)
FNDA:0,(anonymous_9)
FNDA:2,(anonymous_10)
FNDA:0,(anonymous_11)
FNDA:0,(anonymous_12)
FNDA:1,(anonymous_13)
FNDA:0,(anonymous_14)
FNDA:0,(anonymous_15)
FNDA:0,(anonymous_16)
FNDA:0,(anonymous_17)
FNDA:0,(anonymous_18)
FNDA:0,(anonymous_19)
FNDA:0,(anonymous_20)
FNDA:0,(anonymous_21)
FNDA:0,(anonymous_22)
DA:9,3
DA:10,29
DA:14,3
DA:16,0
DA:24,0
DA:25,0
DA:35,3
DA:36,29
DA:38,29
DA:39,29
DA:41,29
DA:42,1
DA:49,28
DA:50,28
DA:53,28
DA:64,28
DA:65,0
DA:66,0
DA:67,0
DA:69,0
DA:75,28
DA:78,28
DA:79,28
DA:82,28
DA:83,28
DA:85,0
DA:89,28
DA:90,28
DA:93,28
DA:99,28
DA:102,28
DA:113,28
DA:127,0
DA:132,3
DA:133,3
DA:135,3
DA:137,3
DA:140,3
DA:142,1
DA:149,2
DA:150,0
DA:157,2
DA:159,2
DA:161,1
DA:164,1
DA:169,1
DA:171,1
DA:179,1
DA:180,0
DA:187,1
DA:190,1
DA:191,1
DA:194,1
DA:201,1
DA:208,1
DA:209,1
DA:212,1
DA:224,1
DA:225,0
DA:232,1
DA:246,0
DA:251,3
DA:252,0
DA:254,0
DA:255,0
DA:256,0
DA:263,0
DA:269,0
DA:270,0
DA:277,0
DA:278,0
DA:280,0
DA:281,0
DA:285,0
DA:286,0
DA:289,0
DA:297,0
DA:298,0
DA:301,0
DA:303,0
DA:309,0
DA:314,3
DA:315,0
DA:317,0
DA:318,0
DA:320,0
DA:327,0
DA:328,0
DA:340,0
DA:341,0
DA:343,0
DA:348,0
DA:353,3
DA:354,0
DA:355,0
DA:360,0
DA:365,0
DA:370,3
DA:371,0
DA:373,0
DA:374,0
DA:376,0
DA:381,0
DA:382,0
DA:388,0
DA:389,0
DA:390,0
DA:391,0
DA:393,0
DA:398,0
DA:403,3
DA:404,0
DA:405,0
DA:407,0
DA:408,0
DA:414,0
DA:415,0
DA:416,0
DA:417,0
DA:419,0
DA:421,0
DA:426,0
DA:431,3
DA:432,2
DA:434,2
DA:435,2
DA:437,2
DA:439,1
DA:445,1
DA:446,1
DA:448,1
DA:449,1
DA:451,0
DA:452,0
DA:453,0
DA:454,0
DA:455,0
DA:461,1
DA:466,0
DA:471,3
DA:472,0
DA:473,0
DA:475,0
DA:476,0
DA:478,0
DA:483,0
DA:484,0
DA:490,0
DA:491,0
DA:492,0
DA:493,0
DA:496,0
DA:497,0
DA:499,0
DA:504,0
DA:509,3
DA:510,0
DA:512,0
DA:513,0
DA:515,0
DA:516,0
DA:522,0
DA:523,0
DA:524,0
DA:526,0
DA:531,0
DA:536,3
DA:537,1
DA:538,1
DA:541,1
DA:542,0
DA:548,1
DA:553,0
DA:558,3
DA:559,0
DA:560,0
DA:562,0
DA:563,0
DA:569,0
DA:571,0
DA:572,0
DA:573,0
DA:574,0
DA:575,0
DA:576,0
DA:577,0
DA:578,0
DA:584,0
DA:586,0
DA:601,0
DA:606,3
DA:607,0
DA:608,0
DA:612,0
DA:618,0
DA:623,3
DA:624,0
DA:626,0
DA:627,0
DA:637,0
DA:642,0
DA:647,3
DA:648,0
DA:650,0
DA:653,0
DA:654,0
DA:656,0
DA:661,0
DA:663,0
DA:665,0
DA:667,0
DA:682,0
DA:683,0
DA:686,0
DA:687,0
DA:690,0
DA:691,0
DA:698,0
DA:703,0
DA:704,0
DA:706,0
DA:713,0
DA:718,0
DA:720,0
DA:734,0
DA:735,0
DA:743,3
DA:744,0
DA:745,0
DA:747,0
DA:748,0
DA:755,0
DA:758,0
DA:759,0
DA:762,0
DA:767,0
DA:769,0
DA:776,0
DA:781,3
DA:782,0
DA:784,0
DA:785,0
DA:787,0
DA:788,0
DA:796,0
DA:798,0
DA:799,0
DA:805,0
DA:806,0
DA:807,0
DA:809,0
DA:814,0
DA:819,3
DA:820,0
DA:822,0
DA:823,0
DA:825,0
DA:826,0
DA:832,0
DA:838,0
DA:840,0
DA:845,0
LF:262
LH:78
BRDA:14,0,0,0
BRDA:24,1,0,0
BRDA:24,1,1,0
BRDA:41,2,0,1
BRDA:41,2,1,28
BRDA:64,3,0,0
BRDA:64,3,1,28
BRDA:66,4,0,0
BRDA:66,4,1,0
BRDA:140,5,0,1
BRDA:140,5,1,2
BRDA:149,6,0,0
BRDA:149,6,1,2
BRDA:159,7,0,1
BRDA:159,7,1,1
BRDA:179,8,0,0
BRDA:179,8,1,1
BRDA:224,9,0,0
BRDA:224,9,1,1
BRDA:255,10,0,0
BRDA:255,10,1,0
BRDA:269,11,0,0
BRDA:269,11,1,0
BRDA:280,12,0,0
BRDA:280,12,1,0
BRDA:297,13,0,0
BRDA:297,13,1,0
BRDA:318,14,0,0
BRDA:318,14,1,0
BRDA:318,15,0,0
BRDA:318,15,1,0
BRDA:327,16,0,0
BRDA:327,16,1,0
BRDA:381,17,0,0
BRDA:381,17,1,0
BRDA:407,18,0,0
BRDA:407,18,1,0
BRDA:437,19,0,1
BRDA:437,19,1,1
BRDA:483,20,0,0
BRDA:483,20,1,0
BRDA:515,21,0,0
BRDA:515,21,1,0
BRDA:541,22,0,0
BRDA:541,22,1,1
BRDA:562,23,0,0
BRDA:562,23,1,0
BRDA:571,24,0,0
BRDA:571,24,1,0
BRDA:572,25,0,0
BRDA:572,25,1,0
BRDA:573,26,0,0
BRDA:573,26,1,0
BRDA:574,27,0,0
BRDA:574,27,1,0
BRDA:575,28,0,0
BRDA:575,28,1,0
BRDA:576,29,0,0
BRDA:576,29,1,0
BRDA:577,30,0,0
BRDA:577,30,1,0
BRDA:665,31,0,0
BRDA:665,31,1,0
BRDA:687,32,0,0
BRDA:687,32,1,0
BRDA:690,33,0,0
BRDA:690,33,1,0
BRDA:747,34,0,0
BRDA:747,34,1,0
BRDA:787,35,0,0
BRDA:787,35,1,0
BRDA:798,36,0,0
BRDA:798,36,1,0
BRDA:825,37,0,0
BRDA:825,37,1,0
BRF:75
BRH:13
end_of_record
TN:
SF:src\controllers\cartController.js
FN:4,(anonymous_0)
FN:19,(anonymous_1)
FN:29,(anonymous_2)
FN:49,(anonymous_3)
FN:58,(anonymous_4)
FN:74,(anonymous_5)
FN:83,(anonymous_6)
FN:94,(anonymous_7)
FN:104,(anonymous_8)
FN:105,(anonymous_9)
FNF:10
FNH:0
FNDA:0,(anonymous_0)
FNDA:0,(anonymous_1)
FNDA:0,(anonymous_2)
FNDA:0,(anonymous_3)
FNDA:0,(anonymous_4)
FNDA:0,(anonymous_5)
FNDA:0,(anonymous_6)
FNDA:0,(anonymous_7)
FNDA:0,(anonymous_8)
FNDA:0,(anonymous_9)
DA:4,3
DA:5,0
DA:6,0
DA:8,0
DA:9,0
DA:12,0
DA:14,0
DA:19,3
DA:20,0
DA:22,0
DA:23,0
DA:25,0
DA:26,0
DA:29,0
DA:31,0
DA:33,0
DA:36,0
DA:39,0
DA:41,0
DA:42,0
DA:44,0
DA:49,3
DA:50,0
DA:52,0
DA:53,0
DA:54,0
DA:55,0
DA:58,0
DA:59,0
DA:60,0
DA:63,0
DA:64,0
DA:66,0
DA:67,0
DA:69,0
DA:74,3
DA:75,0
DA:77,0
DA:78,0
DA:79,0
DA:80,0
DA:83,0
DA:84,0
DA:86,0
DA:87,0
DA:89,0
DA:94,3
DA:95,0
DA:97,0
DA:98,0
DA:99,0
DA:100,0
DA:103,0
DA:104,0
DA:105,0
DA:106,0
DA:108,0
DA:110,0
DA:113,0
DA:116,0
DA:117,0
DA:119,0
LF:62
LH:5
BRDA:8,0,0,0
BRDA:8,0,1,0
BRDA:25,1,0,0
BRDA:25,1,1,0
BRDA:31,2,0,0
BRDA:31,2,1,0
BRDA:54,3,0,0
BRDA:54,3,1,0
BRDA:59,4,0,0
BRDA:59,4,1,0
BRDA:79,5,0,0
BRDA:79,5,1,0
BRDA:99,6,0,0
BRDA:99,6,1,0
BRDA:103,7,0,0
BRDA:103,7,1,0
BRDA:106,8,0,0
BRDA:106,8,1,0
BRF:18
BRH:0
end_of_record
TN:
SF:src\controllers\categoryController.js
FN:5,(anonymous_0)
FN:11,(anonymous_1)
FN:13,(anonymous_2)
FN:35,(anonymous_3)
FNF:4
FNH:0
FNDA:0,(anonymous_0)
FNDA:0,(anonymous_1)
FNDA:0,(anonymous_2)
FNDA:0,(anonymous_3)
DA:5,3
DA:6,0
DA:7,0
DA:10,0
DA:12,0
DA:13,0
DA:14,0
DA:18,0
DA:25,0
DA:30,0
DA:35,3
DA:36,0
DA:37,0
DA:38,0
DA:39,0
DA:40,0
DA:42,0
DA:47,0
LF:18
LH:2
BRDA:39,0,0,0
BRDA:39,0,1,0
BRF:2
BRH:0
end_of_record
TN:
SF:src\controllers\contactController.js
FN:4,(anonymous_0)
FN:70,(anonymous_1)
FNF:2
FNH:0
FNDA:0,(anonymous_0)
FNDA:0,(anonymous_1)
DA:4,3
DA:5,0
DA:6,0
DA:9,0
DA:10,0
DA:17,0
DA:18,0
DA:19,0
DA:26,0
DA:27,0
DA:40,0
DA:45,0
DA:46,0
DA:57,0
DA:60,0
DA:65,0
DA:70,3
DA:71,0
DA:73,0
DA:93,0
LF:20
LH:2
BRDA:9,0,0,0
BRDA:9,0,1,0
BRDA:9,1,0,0
BRDA:9,1,1,0
BRDA:9,1,2,0
BRDA:9,1,3,0
BRDA:18,2,0,0
BRDA:18,2,1,0
BRDA:28,3,0,0
BRDA:28,3,1,0
BRDA:53,4,0,0
BRDA:53,4,1,0
BRDA:76,5,0,0
BRDA:76,5,1,0
BRF:14
BRH:0
end_of_record
TN:
SF:src\controllers\couponController.js
FN:4,(anonymous_0)
FNF:1
FNH:0
FNDA:0,(anonymous_0)
DA:4,3
DA:5,0
DA:7,0
DA:8,0
DA:10,0
DA:11,0
DA:14,0
DA:15,0
DA:22,0
DA:23,0
DA:24,0
DA:26,0
DA:30,0
DA:32,0
DA:43,0
LF:15
LH:1
BRDA:10,0,0,0
BRDA:10,0,1,0
BRDA:14,1,0,0
BRDA:14,1,1,0
BRDA:23,2,0,0
BRDA:23,2,1,0
BRF:6
BRH:0
end_of_record
TN:
SF:src\controllers\inventoryController.js
FN:9,(anonymous_0)
FN:23,(anonymous_1)
FN:48,(anonymous_2)
FN:66,(anonymous_3)
FN:78,(anonymous_4)
FN:101,(anonymous_5)
FN:120,(anonymous_6)
FN:154,(anonymous_7)
FN:180,(anonymous_8)
FN:206,(anonymous_9)
FN:220,(anonymous_10)
FN:237,(anonymous_11)
FN:262,(anonymous_12)
FNF:13
FNH:0
FNDA:0,(anonymous_0)
FNDA:0,(anonymous_1)
FNDA:0,(anonymous_2)
FNDA:0,(anonymous_3)
FNDA:0,(anonymous_4)
FNDA:0,(anonymous_5)
FNDA:0,(anonymous_6)
FNDA:0,(anonymous_7)
FNDA:0,(anonymous_8)
FNDA:0,(anonymous_9)
FNDA:0,(anonymous_10)
FNDA:0,(anonymous_11)
FNDA:0,(anonymous_12)
DA:9,3
DA:10,0
DA:12,0
DA:13,0
DA:14,0
DA:16,0
DA:23,3
DA:24,0
DA:25,0
DA:27,0
DA:28,0
DA:35,0
DA:41,0
DA:48,3
DA:49,0
DA:51,0
DA:52,0
DA:54,0
DA:59,0
DA:66,3
DA:67,0
DA:68,0
DA:69,0
DA:71,0
DA:78,3
DA:79,0
DA:81,0
DA:82,0
DA:92,0
DA:94,0
DA:101,3
DA:102,0
DA:103,0
DA:111,0
DA:113,0
DA:120,3
DA:121,0
DA:122,0
DA:124,0
DA:125,0
DA:126,0
DA:128,0
DA:135,0
DA:137,0
DA:147,0
DA:154,3
DA:155,0
DA:156,0
DA:158,0
DA:159,0
DA:167,0
DA:173,0
DA:180,3
DA:181,0
DA:182,0
DA:184,0
DA:185,0
DA:193,0
DA:199,0
DA:206,3
DA:207,0
DA:208,0
DA:211,0
DA:213,0
DA:220,3
DA:221,0
DA:222,0
DA:224,0
DA:230,0
DA:237,3
DA:238,0
DA:240,0
DA:241,0
DA:243,0
DA:244,0
DA:250,0
DA:255,0
DA:262,3
DA:263,0
DA:265,0
DA:266,0
DA:268,0
DA:269,0
DA:275,0
DA:280,0
LF:85
LH:13
BRDA:86,0,0,0
BRDA:86,0,1,0
BRDA:122,1,0,0
BRDA:122,2,0,0
BRDA:126,3,0,0
BRDA:126,3,1,0
BRDA:243,4,0,0
BRDA:243,4,1,0
BRDA:268,5,0,0
BRDA:268,5,1,0
BRF:10
BRH:0
end_of_record
TN:
SF:src\controllers\orderController.js
FN:9,(anonymous_0)
FN:75,(anonymous_1)
FN:99,(anonymous_2)
FN:123,(anonymous_3)
FN:168,(anonymous_4)
FNF:5
FNH:3
FNDA:2,(anonymous_0)
FNDA:0,(anonymous_1)
FNDA:1,(anonymous_2)
FNDA:2,(anonymous_3)
FNDA:0,(anonymous_4)
DA:9,3
DA:19,2
DA:21,2
DA:22,2
DA:29,1
DA:44,1
DA:45,0
DA:46,0
DA:49,1
DA:50,1
DA:55,1
DA:56,1
DA:57,1
DA:59,1
DA:61,1
DA:67,1
DA:68,1
DA:70,0
DA:75,3
DA:76,0
DA:78,0
DA:79,0
DA:81,0
DA:82,0
DA:85,0
DA:86,0
DA:89,0
DA:94,0
DA:99,3
DA:100,1
DA:101,1
DA:102,1
DA:104,1
DA:105,1
DA:110,1
DA:118,0
DA:123,3
DA:124,2
DA:126,2
DA:127,2
DA:129,2
DA:130,0
DA:133,2
DA:134,0
DA:137,2
DA:138,2
DA:139,1
DA:145,1
DA:146,0
DA:147,0
DA:151,0
DA:154,1
DA:155,1
DA:157,1
DA:163,0
DA:168,3
DA:169,0
DA:171,0
DA:172,0
DA:174,0
DA:175,0
DA:178,0
DA:179,0
DA:182,0
DA:183,0
DA:185,0
DA:187,0
LF:67
LH:37
BRDA:44,0,0,0
BRDA:44,0,1,1
BRDA:56,1,0,1
BRDA:56,1,1,0
BRDA:67,2,0,1
BRDA:67,2,1,0
BRDA:81,3,0,0
BRDA:81,3,1,0
BRDA:85,4,0,0
BRDA:85,4,1,0
BRDA:101,5,0,1
BRDA:101,5,1,1
BRDA:102,6,0,1
BRDA:102,6,1,1
BRDA:129,7,0,0
BRDA:129,7,1,2
BRDA:133,8,0,0
BRDA:133,8,1,2
BRDA:138,9,0,1
BRDA:138,9,1,1
BRDA:145,10,0,0
BRDA:145,10,1,1
BRDA:174,11,0,0
BRDA:174,11,1,0
BRDA:178,12,0,0
BRDA:178,12,1,0
BRF:26
BRH:12
end_of_record
TN:
SF:src\controllers\paymentController.js
FN:9,(anonymous_0)
FN:18,(anonymous_1)
FN:90,(anonymous_2)
FN:147,(anonymous_3)
FN:204,(anonymous_4)
FNF:5
FNH:0
FNDA:0,(anonymous_0)
FNDA:0,(anonymous_1)
FNDA:0,(anonymous_2)
FNDA:0,(anonymous_3)
FNDA:0,(anonymous_4)
DA:9,3
DA:10,0
DA:11,0
DA:12,0
DA:14,0
DA:18,3
DA:19,0
DA:21,0
DA:22,0
DA:23,0
DA:24,0
DA:27,0
DA:29,0
DA:30,0
DA:33,0
DA:35,0
DA:37,0
DA:42,0
DA:48,0
DA:52,0
DA:53,0
DA:58,0
DA:62,0
DA:67,0
DA:73,0
DA:77,0
DA:80,0
DA:85,0
DA:90,3
DA:91,0
DA:93,0
DA:94,0
DA:99,0
DA:100,0
DA:103,0
DA:104,0
DA:105,0
DA:108,0
DA:110,0
DA:111,0
DA:112,0
DA:113,0
DA:119,0
DA:121,0
DA:122,0
DA:123,0
DA:127,0
DA:128,0
DA:131,0
DA:140,0
DA:142,0
DA:147,3
DA:148,0
DA:150,0
DA:151,0
DA:152,0
DA:153,0
DA:156,0
DA:158,0
DA:159,0
DA:160,0
DA:166,0
DA:167,0
DA:168,0
DA:169,0
DA:176,0
DA:178,0
DA:179,0
DA:180,0
DA:184,0
DA:185,0
DA:188,0
DA:197,0
DA:199,0
DA:204,3
DA:205,0
DA:208,0
DA:209,0
DA:211,0
DA:214,0
DA:215,0
DA:216,0
DA:218,0
DA:219,0
DA:220,0
DA:221,0
DA:222,0
DA:223,0
DA:224,0
DA:230,0
DA:232,0
DA:233,0
DA:234,0
DA:238,0
DA:239,0
DA:242,0
DA:252,0
DA:255,0
DA:256,0
DA:260,0
LF:100
LH:5
BRDA:10,0,0,0
BRDA:10,0,1,0
BRDA:23,1,0,0
BRDA:23,1,1,0
BRDA:27,2,0,0
BRDA:27,2,1,0
BRDA:29,3,0,0
BRDA:29,3,1,0
BRDA:35,4,0,0
BRDA:35,4,1,0
BRDA:35,4,2,0
BRDA:35,4,3,0
BRDA:99,5,0,0
BRDA:99,5,1,0
BRDA:104,6,0,0
BRDA:104,6,1,0
BRDA:108,7,0,0
BRDA:108,7,1,0
BRDA:121,8,0,0
BRDA:121,8,1,0
BRDA:152,9,0,0
BRDA:152,9,1,0
BRDA:156,10,0,0
BRDA:156,10,1,0
BRDA:159,11,0,0
BRDA:159,11,1,0
BRDA:173,12,0,0
BRDA:173,12,1,0
BRDA:178,13,0,0
BRDA:178,13,1,0
BRDA:214,14,0,0
BRDA:214,14,1,0
BRDA:220,15,0,0
BRDA:220,15,1,0
BRDA:220,16,0,0
BRDA:220,16,1,0
BRDA:232,17,0,0
BRDA:232,17,1,0
BRF:38
BRH:0
end_of_record
TN:
SF:src\controllers\productController.js
FN:6,(anonymous_0)
FN:31,(anonymous_1)
FN:90,(anonymous_2)
FN:114,(anonymous_3)
FNF:4
FNH:3
FNDA:4,(anonymous_0)
FNDA:0,(anonymous_1)
FNDA:2,(anonymous_2)
FNDA:3,(anonymous_3)
DA:6,3
DA:7,4
DA:8,4
DA:9,4
DA:11,4
DA:14,4
DA:15,1
DA:19,4
DA:21,1
DA:28,1
DA:30,1
DA:31,1
DA:32,1
DA:37,4
DA:38,0
DA:39,0
DA:40,0
DA:44,4
DA:45,0
DA:49,4
DA:50,4
DA:51,0
DA:53,0
DA:54,0
DA:56,0
DA:57,0
DA:59,0
DA:60,0
DA:63,0
DA:64,0
DA:67,4
DA:70,4
DA:71,4
DA:77,4
DA:85,0
DA:90,3
DA:91,2
DA:92,2
DA:93,2
DA:94,2
DA:95,1
DA:99,1
DA:103,1
DA:109,0
DA:114,3
DA:115,3
DA:116,3
DA:118,3
DA:119,3
DA:121,3
DA:122,0
DA:125,3
DA:130,3
DA:131,1
DA:134,2
DA:143,2
DA:149,0
LF:57
LH:40
BRDA:8,0,0,4
BRDA:8,0,1,3
BRDA:9,1,0,4
BRDA:9,1,1,3
BRDA:14,2,0,1
BRDA:14,2,1,3
BRDA:19,3,0,1
BRDA:19,3,1,3
BRDA:23,4,0,0
BRDA:23,4,1,1
BRDA:28,5,0,1
BRDA:28,5,1,0
BRDA:37,6,0,0
BRDA:37,6,1,4
BRDA:37,7,0,4
BRDA:37,7,1,4
BRDA:39,8,0,0
BRDA:39,8,1,0
BRDA:40,9,0,0
BRDA:40,9,1,0
BRDA:44,10,0,0
BRDA:44,10,1,4
BRDA:50,11,0,0
BRDA:50,11,1,4
BRDA:51,12,0,0
BRDA:51,12,1,0
BRDA:51,12,2,0
BRDA:51,12,3,0
BRDA:51,12,4,0
BRDA:94,13,0,1
BRDA:94,13,1,1
BRDA:121,14,0,0
BRDA:121,14,1,3
BRDA:130,15,0,1
BRDA:130,15,1,2
BRF:35
BRH:20
end_of_record
TN:
SF:src\controllers\returnController.js
FN:11,(anonymous_0)
FN:47,(anonymous_1)
FN:67,(anonymous_2)
FN:69,(anonymous_3)
FN:118,(anonymous_4)
FN:134,(anonymous_5)
FN:170,(anonymous_6)
FN:203,(anonymous_7)
FN:261,(anonymous_8)
FN:308,(anonymous_9)
FN:344,(anonymous_10)
FN:414,(anonymous_11)
FN:415,(anonymous_12)
FNF:13
FNH:0
FNDA:0,(anonymous_0)
FNDA:0,(anonymous_1)
FNDA:0,(anonymous_2)
FNDA:0,(anonymous_3)
FNDA:0,(anonymous_4)
FNDA:0,(anonymous_5)
FNDA:0,(anonymous_6)
FNDA:0,(anonymous_7)
FNDA:0,(anonymous_8)
FNDA:0,(anonymous_9)
FNDA:0,(anonymous_10)
FNDA:0,(anonymous_11)
FNDA:0,(anonymous_12)
DA:11,3
DA:12,0
DA:14,0
DA:16,0
DA:18,0
DA:19,0
DA:26,0
DA:27,0
DA:33,0
DA:37,0
DA:38,0
DA:45,0
DA:46,0
DA:47,0
DA:50,0
DA:51,0
DA:57,0
DA:58,0
DA:66,0
DA:67,0
DA:68,0
DA:69,0
DA:71,0
DA:72,0
DA:79,0
DA:96,0
DA:105,0
DA:111,0
DA:118,3
DA:119,0
DA:120,0
DA:125,0
DA:127,0
DA:134,3
DA:135,0
DA:137,0
DA:138,0
DA:143,0
DA:144,0
DA:151,0
DA:152,0
DA:154,0
DA:155,0
DA:161,0
DA:163,0
DA:170,3
DA:171,0
DA:173,0
DA:174,0
DA:175,0
DA:177,0
DA:184,0
DA:186,0
DA:196,0
DA:203,3
DA:204,0
DA:205,0
DA:207,0
DA:208,0
DA:210,0
DA:211,0
DA:217,0
DA:218,0
DA:225,0
DA:226,0
DA:227,0
DA:228,0
DA:229,0
DA:230,0
DA:236,0
DA:239,0
DA:248,0
DA:254,0
DA:261,3
DA:262,0
DA:263,0
DA:265,0
DA:266,0
DA:268,0
DA:269,0
DA:275,0
DA:276,0
DA:277,0
DA:283,0
DA:286,0
DA:295,0
DA:301,0
DA:308,3
DA:309,0
DA:311,0
DA:312,0
DA:314,0
DA:315,0
DA:321,0
DA:322,0
DA:323,0
DA:329,0
DA:331,0
DA:337,0
DA:344,3
DA:345,0
DA:347,0
DA:348,0
DA:351,0
DA:352,0
DA:358,0
DA:361,0
DA:363,0
DA:365,0
DA:371,0
DA:380,0
DA:382,0
DA:388,0
DA:389,0
DA:402,0
DA:403,0
DA:404,0
DA:405,0
DA:411,0
DA:414,0
DA:415,0
DA:417,0
DA:418,0
DA:419,0
DA:423,0
DA:432,0
DA:438,0
LF:127
LH:8
BRDA:18,0,0,0
BRDA:18,0,1,0
BRDA:26,1,0,0
BRDA:26,1,1,0
BRDA:37,2,0,0
BRDA:37,2,1,0
BRDA:50,3,0,0
BRDA:50,3,1,0
BRDA:57,4,0,0
BRDA:57,4,1,0
BRDA:143,5,0,0
BRDA:143,5,1,0
BRDA:154,6,0,0
BRDA:154,6,1,0
BRDA:154,7,0,0
BRDA:154,7,1,0
BRDA:171,8,0,0
BRDA:171,9,0,0
BRDA:175,10,0,0
BRDA:175,10,1,0
BRDA:210,11,0,0
BRDA:210,11,1,0
BRDA:217,12,0,0
BRDA:217,12,1,0
BRDA:232,13,0,0
BRDA:232,13,1,0
BRDA:268,14,0,0
BRDA:268,14,1,0
BRDA:314,15,0,0
BRDA:314,15,1,0
BRDA:351,16,0,0
BRDA:351,16,1,0
BRDA:361,17,0,0
BRDA:361,17,1,0
BRDA:365,18,0,0
BRDA:365,18,1,0
BRDA:380,19,0,0
BRDA:380,19,1,0
BRDA:417,20,0,0
BRDA:417,20,1,0
BRF:40
BRH:0
end_of_record
TN:
SF:src\controllers\shippingController.js
FN:8,(anonymous_0)
FN:69,calculateOrderMetrics
FN:105,methodAppliesToAddress
FN:113,(anonymous_3)
FN:132,calculateShippingCost
FN:172,(anonymous_5)
FN:184,(anonymous_6)
FN:196,(anonymous_7)
FN:215,(anonymous_8)
FN:234,(anonymous_9)
FN:248,(anonymous_10)
FN:260,(anonymous_11)
FN:280,(anonymous_12)
FN:299,(anonymous_13)
FN:319,(anonymous_14)
FNF:15
FNH:0
FNDA:0,(anonymous_0)
FNDA:0,calculateOrderMetrics
FNDA:0,methodAppliesToAddress
FNDA:0,(anonymous_3)
FNDA:0,calculateShippingCost
FNDA:0,(anonymous_5)
FNDA:0,(anonymous_6)
FNDA:0,(anonymous_7)
FNDA:0,(anonymous_8)
FNDA:0,(anonymous_9)
FNDA:0,(anonymous_10)
FNDA:0,(anonymous_11)
FNDA:0,(anonymous_12)
FNDA:0,(anonymous_13)
FNDA:0,(anonymous_14)
DA:8,3
DA:9,0
DA:11,0
DA:13,0
DA:14,0
DA:21,0
DA:26,0
DA:29,0
DA:31,0
DA:33,0
DA:35,0
DA:38,0
DA:41,0
DA:44,0
DA:57,0
DA:62,0
DA:70,0
DA:71,0
DA:72,0
DA:73,0
DA:75,0
DA:76,0
DA:78,0
DA:79,0
DA:80,0
DA:82,0
DA:83,0
DA:86,0
DA:87,0
DA:88,0
DA:89,0
DA:94,0
DA:106,0
DA:107,0
DA:108,0
DA:109,0
DA:111,0
DA:112,0
DA:113,0
DA:114,0
DA:115,0
DA:117,0
DA:121,0
DA:122,0
DA:126,0
DA:133,0
DA:135,0
DA:138,0
DA:139,0
DA:141,0
DA:144,0
DA:147,0
DA:148,0
DA:150,0
DA:153,0
DA:156,0
DA:157,0
DA:159,0
DA:162,0
DA:165,0
DA:172,3
DA:173,0
DA:174,0
DA:175,0
DA:177,0
DA:184,3
DA:185,0
DA:186,0
DA:187,0
DA:189,0
DA:196,3
DA:197,0
DA:199,0
DA:200,0
DA:202,0
DA:203,0
DA:206,0
DA:208,0
DA:215,3
DA:216,0
DA:218,0
DA:219,0
DA:221,0
DA:222,0
DA:225,0
DA:227,0
DA:234,3
DA:235,0
DA:236,0
DA:239,0
DA:241,0
DA:248,3
DA:249,0
DA:250,0
DA:251,0
DA:253,0
DA:260,3
DA:261,0
DA:263,0
DA:264,0
DA:267,0
DA:268,0
DA:271,0
DA:273,0
DA:280,3
DA:281,0
DA:283,0
DA:284,0
DA:286,0
DA:287,0
DA:290,0
DA:292,0
DA:299,3
DA:300,0
DA:302,0
DA:303,0
DA:306,0
DA:307,0
DA:310,0
DA:312,0
DA:319,3
DA:320,0
DA:321,0
DA:323,0
DA:324,0
DA:326,0
DA:327,0
DA:331,0
DA:332,0
DA:335,0
DA:336,0
DA:337,0
DA:345,0
DA:348,0
DA:349,0
DA:356,0
DA:358,0
LF:137
LH:11
BRDA:13,0,0,0
BRDA:13,0,1,0
BRDA:13,1,0,0
BRDA:13,1,1,0
BRDA:35,2,0,0
BRDA:35,2,1,0
BRDA:41,3,0,0
BRDA:41,3,1,0
BRDA:49,4,0,0
BRDA:49,4,1,0
BRDA:78,5,0,0
BRDA:78,5,1,0
BRDA:82,6,0,0
BRDA:82,6,1,0
BRDA:86,7,0,0
BRDA:86,7,1,0
BRDA:87,8,0,0
BRDA:87,8,1,0
BRDA:88,9,0,0
BRDA:88,9,1,0
BRDA:89,10,0,0
BRDA:89,10,1,0
BRDA:107,11,0,0
BRDA:107,11,1,0
BRDA:108,12,0,0
BRDA:108,12,1,0
BRDA:109,13,0,0
BRDA:109,13,1,0
BRDA:112,14,0,0
BRDA:112,14,1,0
BRDA:114,15,0,0
BRDA:114,15,1,0
BRDA:114,16,0,0
BRDA:114,16,1,0
BRDA:115,17,0,0
BRDA:115,17,1,0
BRDA:121,18,0,0
BRDA:121,18,1,0
BRDA:121,19,0,0
BRDA:121,19,1,0
BRDA:121,19,2,0
BRDA:121,19,3,0
BRDA:133,20,0,0
BRDA:133,20,1,0
BRDA:133,20,2,0
BRDA:133,20,3,0
BRDA:133,20,4,0
BRDA:139,21,0,0
BRDA:139,21,1,0
BRDA:139,22,0,0
BRDA:139,22,1,0
BRDA:139,23,0,0
BRDA:139,23,1,0
BRDA:140,24,0,0
BRDA:140,24,1,0
BRDA:148,25,0,0
BRDA:148,25,1,0
BRDA:148,26,0,0
BRDA:148,26,1,0
BRDA:148,27,0,0
BRDA:148,27,1,0
BRDA:149,28,0,0
BRDA:149,28,1,0
BRDA:157,29,0,0
BRDA:157,29,1,0
BRDA:157,30,0,0
BRDA:157,30,1,0
BRDA:157,31,0,0
BRDA:157,31,1,0
BRDA:158,32,0,0
BRDA:158,32,1,0
BRDA:202,33,0,0
BRDA:202,33,1,0
BRDA:221,34,0,0
BRDA:221,34,1,0
BRDA:267,35,0,0
BRDA:267,35,1,0
BRDA:286,36,0,0
BRDA:286,36,1,0
BRDA:306,37,0,0
BRDA:306,37,1,0
BRDA:326,38,0,0
BRDA:326,38,1,0
BRDA:331,39,0,0
BRDA:331,39,1,0
BRDA:332,40,0,0
BRDA:332,40,1,0
BRDA:335,41,0,0
BRDA:335,41,1,0
BRDA:348,42,0,0
BRDA:348,42,1,0
BRF:91
BRH:0
end_of_record
TN:
SF:src\controllers\wishlistController.js
FN:5,(anonymous_0)
FN:18,(anonymous_1)
FN:41,(anonymous_2)
FN:49,(anonymous_3)
FN:60,(anonymous_4)
FN:69,(anonymous_5)
FN:78,(anonymous_6)
FNF:7
FNH:0
FNDA:0,(anonymous_0)
FNDA:0,(anonymous_1)
FNDA:0,(anonymous_2)
FNDA:0,(anonymous_3)
FNDA:0,(anonymous_4)
FNDA:0,(anonymous_5)
FNDA:0,(anonymous_6)
DA:5,3
DA:6,0
DA:7,0
DA:8,0
DA:9,0
DA:11,0
DA:13,0
DA:18,3
DA:19,0
DA:20,0
DA:21,0
DA:22,0
DA:23,0
DA:26,0
DA:27,0
DA:30,0
DA:31,0
DA:33,0
DA:34,0
DA:36,0
DA:41,3
DA:42,0
DA:43,0
DA:44,0
DA:45,0
DA:46,0
DA:49,0
DA:50,0
DA:52,0
DA:53,0
DA:55,0
DA:60,3
DA:61,0
DA:62,0
DA:63,0
DA:64,0
DA:65,0
DA:69,0
DA:70,0
DA:73,0
DA:74,0
DA:75,0
DA:78,0
DA:79,0
DA:80,0
DA:82,0
DA:84,0
DA:86,0
DA:87,0
DA:93,0
LF:50
LH:4
BRDA:8,0,0,0
BRDA:8,0,1,0
BRDA:22,1,0,0
BRDA:22,1,1,0
BRDA:26,2,0,0
BRDA:26,2,1,0
BRDA:45,3,0,0
BRDA:45,3,1,0
BRDA:64,4,0,0
BRDA:64,4,1,0
BRDA:64,5,0,0
BRDA:64,5,1,0
BRDA:74,6,0,0
BRDA:74,6,1,0
BRDA:79,7,0,0
BRDA:79,7,1,0
BRF:16
BRH:0
end_of_record
TN:
SF:src\middleware\authMiddleware.js
FN:6,(anonymous_0)
FN:61,(anonymous_1)
FN:73,(anonymous_2)
FN:85,(anonymous_3)
FN:86,(anonymous_4)
FN:100,(anonymous_5)
FN:116,(anonymous_6)
FN:117,(anonymous_7)
FN:137,(anonymous_8)
FN:148,(anonymous_9)
FN:149,(anonymous_10)
FN:169,(anonymous_11)
FN:187,(anonymous_12)
FN:188,(anonymous_13)
FN:192,(anonymous_14)
FN:211,(anonymous_15)
FN:222,(anonymous_16)
FN:225,(anonymous_17)
FN:236,(anonymous_18)
FN:255,(anonymous_19)
FNF:20
FNH:2
FNDA:13,(anonymous_0)
FNDA:0,(anonymous_1)
FNDA:0,(anonymous_2)
FNDA:0,(anonymous_3)
FNDA:0,(anonymous_4)
FNDA:0,(anonymous_5)
FNDA:12,(anonymous_6)
FNDA:0,(anonymous_7)
FNDA:0,(anonymous_8)
FNDA:0,(anonymous_9)
FNDA:0,(anonymous_10)
FNDA:0,(anonymous_11)
FNDA:0,(anonymous_12)
FNDA:0,(anonymous_13)
FNDA:0,(anonymous_14)
FNDA:0,(anonymous_15)
FNDA:0,(anonymous_16)
FNDA:0,(anonymous_17)
FNDA:0,(anonymous_18)
FNDA:0,(anonymous_19)
DA:6,3
DA:9,13
DA:10,10
DA:11,10
DA:14,10
DA:17,9
DA:19,9
DA:20,0
DA:27,9
DA:28,0
DA:35,9
DA:36,0
DA:42,9
DA:44,1
DA:45,1
DA:52,12
DA:53,3
DA:61,3
DA:62,0
DA:63,0
DA:65,0
DA:73,3
DA:74,0
DA:75,0
DA:77,0
DA:85,3
DA:86,0
DA:87,0
DA:88,0
DA:95,0
DA:96,0
DA:100,0
DA:101,0
DA:104,0
DA:105,0
DA:111,0
DA:116,3
DA:117,12
DA:118,0
DA:119,0
DA:125,0
DA:126,0
DA:132,0
DA:137,3
DA:138,0
DA:139,0
DA:144,0
DA:148,3
DA:149,0
DA:150,0
DA:154,0
DA:155,0
DA:157,0
DA:158,0
DA:161,0
DA:169,3
DA:172,0
DA:173,0
DA:174,0
DA:175,0
DA:176,0
DA:179,0
DA:183,0
DA:187,3
DA:188,0
DA:190,0
DA:192,0
DA:194,0
DA:197,0
DA:198,0
DA:211,0
DA:214,0
DA:217,0
DA:222,3
DA:223,0
DA:225,0
DA:226,0
DA:228,0
DA:229,0
DA:230,0
DA:233,0
DA:236,0
DA:239,0
DA:240,0
DA:247,0
DA:248,0
DA:250,0
DA:255,3
DA:256,0
DA:257,0
DA:260,0
DA:262,0
DA:263,0
DA:272,0
LF:94
LH:25
BRDA:9,0,0,10
BRDA:9,0,1,3
BRDA:9,1,0,13
BRDA:9,1,1,10
BRDA:19,2,0,0
BRDA:19,2,1,9
BRDA:27,3,0,0
BRDA:27,3,1,9
BRDA:35,4,0,0
BRDA:35,4,1,9
BRDA:52,5,0,3
BRDA:52,5,1,9
BRDA:62,6,0,0
BRDA:62,6,1,0
BRDA:62,7,0,0
BRDA:62,7,1,0
BRDA:62,7,2,0
BRDA:74,8,0,0
BRDA:74,8,1,0
BRDA:74,9,0,0
BRDA:74,9,1,0
BRDA:87,10,0,0
BRDA:87,10,1,0
BRDA:95,11,0,0
BRDA:95,11,1,0
BRDA:104,12,0,0
BRDA:104,12,1,0
BRDA:118,13,0,0
BRDA:118,13,1,0
BRDA:125,14,0,0
BRDA:125,14,1,0
BRDA:138,15,0,0
BRDA:138,15,1,0
BRDA:148,16,0,0
BRDA:150,17,0,0
BRDA:150,17,1,0
BRDA:150,17,2,0
BRDA:154,18,0,0
BRDA:154,18,1,0
BRDA:157,19,0,0
BRDA:157,19,1,0
BRDA:157,20,0,0
BRDA:157,20,1,0
BRDA:172,21,0,0
BRDA:172,21,1,0
BRDA:172,22,0,0
BRDA:172,22,1,0
BRDA:197,23,0,0
BRDA:197,23,1,0
BRDA:204,24,0,0
BRDA:204,24,1,0
BRDA:206,25,0,0
BRDA:206,25,1,0
BRDA:210,26,0,0
BRDA:210,26,1,0
BRDA:222,27,0,0
BRDA:222,28,0,0
BRDA:226,29,0,0
BRDA:226,29,1,0
BRDA:233,30,0,0
BRDA:233,30,1,0
BRDA:239,31,0,0
BRDA:239,31,1,0
BRDA:256,32,0,0
BRDA:256,32,1,0
BRDA:262,33,0,0
BRDA:262,33,1,0
BRF:67
BRH:9
end_of_record
TN:
SF:src\middleware\db.js
FN:3,(anonymous_0)
FNF:1
FNH:1
FNDA:60,(anonymous_0)
DA:3,3
DA:4,60
DA:5,60
DA:6,60
DA:8,0
LF:5
LH:4
BRF:0
BRH:0
end_of_record
TN:
SF:src\middleware\errorMiddleware.js
FN:2,(anonymous_0)
FN:9,(anonymous_1)
FN:29,(anonymous_2)
FN:35,(anonymous_3)
FNF:4
FNH:0
FNDA:0,(anonymous_0)
FNDA:0,(anonymous_1)
FNDA:0,(anonymous_2)
FNDA:0,(anonymous_3)
DA:2,3
DA:3,0
DA:4,0
DA:5,0
DA:9,3
DA:10,0
DA:11,0
DA:14,0
DA:15,0
DA:16,0
DA:20,0
DA:21,0
DA:22,0
DA:23,0
DA:27,0
DA:28,0
DA:29,0
DA:33,0
DA:34,0
DA:35,0
DA:38,0
DA:40,0
LF:22
LH:2
BRDA:10,0,0,0
BRDA:10,0,1,0
BRDA:14,1,0,0
BRDA:14,1,1,0
BRDA:14,2,0,0
BRDA:14,2,1,0
BRDA:20,3,0,0
BRDA:20,3,1,0
BRDA:27,4,0,0
BRDA:27,4,1,0
BRDA:33,5,0,0
BRDA:33,5,1,0
BRDA:35,6,0,0
BRDA:35,6,1,0
BRDA:43,7,0,0
BRDA:43,7,1,0
BRF:16
BRH:0
end_of_record
TN:
SF:src\middleware\validationMiddleware.js
FN:1,(anonymous_0)
FN:2,(anonymous_1)
FN:6,(anonymous_2)
FN:18,(anonymous_3)
FN:19,(anonymous_4)
FN:23,(anonymous_5)
FNF:6
FNH:3
FNDA:33,(anonymous_0)
FNDA:44,(anonymous_1)
FNDA:8,(anonymous_2)
FNDA:0,(anonymous_3)
FNDA:0,(anonymous_4)
FNDA:0,(anonymous_5)
DA:1,3
DA:2,33
DA:3,44
DA:5,44
DA:6,8
DA:7,7
DA:13,37
DA:14,37
DA:18,3
DA:19,0
DA:20,0
DA:22,0
DA:23,0
DA:24,0
DA:30,0
DA:31,0
LF:16
LH:9
BRDA:5,0,0,7
BRDA:5,0,1,37
BRDA:22,1,0,0
BRDA:22,1,1,0
BRF:4
BRH:2
end_of_record
TN:
SF:src\models\AuditLog.js
FNF:0
FNH:0
DA:3,3
DA:77,3
DA:78,3
DA:79,3
DA:80,3
DA:83,3
DA:85,3
LF:7
LH:7
BRF:0
BRH:0
end_of_record
TN:
SF:src\models\Brand.js
FNF:0
FNH:0
DA:3,3
DA:39,3
DA:40,3
DA:42,3
LF:4
LH:4
BRF:0
BRH:0
end_of_record
TN:
SF:src\models\Cart.js
FNF:0
FNH:0
DA:3,3
DA:17,3
DA:29,3
LF:3
LH:3
BRF:0
BRH:0
end_of_record
TN:
SF:src\models\Category.js
FNF:0
FNH:0
DA:3,4
DA:30,4
DA:32,4
LF:3
LH:3
BRF:0
BRH:0
end_of_record
TN:
SF:src\models\Coupon.js
FN:46,(anonymous_0)
FNF:1
FNH:1
FNDA:1,(anonymous_0)
DA:3,4
DA:46,4
DA:47,1
DA:48,1
DA:49,1
DA:51,1
DA:54,4
LF:7
LH:7
BRDA:51,0,0,1
BRDA:51,0,1,1
BRDA:51,0,2,1
BRDA:51,0,3,1
BRF:4
BRH:4
end_of_record
TN:
SF:src\models\FlashSale.js
FN:70,(anonymous_0)
FN:76,(anonymous_1)
FN:77,(anonymous_2)
FNF:3
FNH:0
FNDA:0,(anonymous_0)
FNDA:0,(anonymous_1)
FNDA:0,(anonymous_2)
DA:3,3
DA:65,3
DA:66,3
DA:67,3
DA:70,3
DA:71,0
DA:72,0
DA:76,3
DA:77,0
DA:78,0
DA:81,0
DA:84,3
LF:12
LH:7
BRDA:72,0,0,0
BRDA:72,0,1,0
BRDA:72,0,2,0
BRDA:72,0,3,0
BRDA:76,1,0,0
BRDA:78,2,0,0
BRDA:78,2,1,0
BRDA:78,2,2,0
BRDA:78,2,3,0
BRDA:81,3,0,0
BRDA:81,3,1,0
BRF:11
BRH:0
end_of_record
TN:
SF:src\models\GiftCard.js
FN:94,(anonymous_0)
FN:102,(anonymous_1)
FN:110,(anonymous_2)
FNF:3
FNH:0
FNDA:0,(anonymous_0)
FNDA:0,(anonymous_1)
FNDA:0,(anonymous_2)
DA:4,0
DA:88,0
DA:89,0
DA:90,0
DA:91,0
DA:94,0
DA:95,0
DA:96,0
DA:97,0
DA:98,0
DA:102,0
DA:103,0
DA:104,0
DA:105,0
DA:106,0
DA:110,0
DA:111,0
DA:112,0
DA:114,0
DA:115,0
DA:118,0
DA:119,0
DA:121,0
DA:122,0
DA:125,0
DA:126,0
DA:129,0
LF:27
LH:0
BRDA:103,0,0,0
BRDA:103,0,1,0
BRDA:104,1,0,0
BRDA:104,1,1,0
BRDA:105,2,0,0
BRDA:105,2,1,0
BRDA:105,3,0,0
BRDA:105,3,1,0
BRDA:105,3,2,0
BRDA:111,4,0,0
BRDA:111,4,1,0
BRDA:114,5,0,0
BRDA:114,5,1,0
BRDA:121,6,0,0
BRDA:121,6,1,0
BRF:15
BRH:0
end_of_record
TN:
SF:src\models\Notification.js
FNF:0
FNH:0
DA:3,3
DA:63,3
DA:64,3
DA:65,3
DA:67,3
LF:5
LH:5
BRF:0
BRH:0
end_of_record
TN:
SF:src\models\Order.js
FN:165,(anonymous_0)
FNF:1
FNH:1
FNDA:6,(anonymous_0)
DA:3,3
DA:19,3
DA:158,3
DA:159,3
DA:160,3
DA:161,3
DA:162,3
DA:165,3
DA:166,6
DA:167,4
DA:168,4
DA:169,4
DA:170,4
DA:173,4
DA:174,4
DA:178,4
DA:179,4
DA:181,6
DA:184,3
LF:19
LH:19
BRDA:166,0,0,4
BRDA:166,0,1,2
BRDA:166,1,0,6
BRDA:166,1,1,4
BRF:4
BRH:4
end_of_record
TN:
SF:src\models\Payment.js
FNF:0
FNH:0
DA:3,3
DA:41,3
LF:2
LH:2
BRF:0
BRH:0
end_of_record
TN:
SF:src\models\Product.js
FN:110,(anonymous_0)
FN:269,(anonymous_1)
FN:275,(anonymous_2)
FN:283,(anonymous_3)
FN:290,(anonymous_4)
FN:307,(anonymous_5)
FN:326,(anonymous_6)
FNF:7
FNH:5
FNDA:32,(anonymous_0)
FNDA:19,(anonymous_1)
FNDA:10,(anonymous_2)
FNDA:11,(anonymous_3)
FNDA:32,(anonymous_4)
FNDA:0,(anonymous_5)
FNDA:0,(anonymous_6)
DA:3,4
DA:12,4
DA:18,4
DA:32,4
DA:39,4
DA:45,4
DA:52,4
DA:59,4
DA:66,4
DA:77,4
DA:111,32
DA:257,4
DA:258,4
DA:259,4
DA:260,4
DA:261,4
DA:262,4
DA:263,4
DA:264,4
DA:265,4
DA:266,4
DA:269,4
DA:270,19
DA:271,19
DA:275,4
DA:276,10
DA:277,1
DA:279,9
DA:283,4
DA:284,11
DA:285,11
DA:286,10
DA:290,4
DA:292,32
DA:293,0
DA:299,32
DA:300,32
DA:303,32
DA:307,4
DA:308,0
DA:310,0
DA:324,0
DA:325,0
DA:326,0
DA:327,0
DA:330,0
DA:338,0
DA:348,4
LF:48
LH:39
BRDA:270,0,0,0
BRDA:270,0,1,19
BRDA:276,1,0,1
BRDA:276,1,1,9
BRDA:284,2,0,0
BRDA:284,2,1,11
BRDA:285,3,0,1
BRDA:285,3,1,10
BRDA:292,4,0,0
BRDA:292,4,1,32
BRDA:292,5,0,32
BRDA:292,5,1,32
BRDA:299,6,0,32
BRDA:299,6,1,0
BRDA:299,7,0,32
BRDA:299,7,1,32
BRDA:299,7,2,32
BRDA:324,8,0,0
BRDA:324,8,1,0
BRDA:327,9,0,0
BRDA:327,9,1,0
BRF:21
BRH:13
end_of_record
TN:
SF:src\models\Return.js
FN:117,(anonymous_0)
FNF:1
FNH:0
FNDA:0,(anonymous_0)
DA:3,3
DA:111,3
DA:112,3
DA:113,3
DA:114,3
DA:117,3
DA:118,0
DA:119,0
DA:120,0
DA:122,0
DA:125,3
LF:11
LH:7
BRDA:118,0,0,0
BRDA:118,0,1,0
BRF:2
BRH:0
end_of_record
TN:
SF:src\models\Review.js
FN:42,(anonymous_0)
FN:72,(anonymous_1)
FN:77,(anonymous_2)
FNF:3
FNH:2
FNDA:2,(anonymous_0)
FNDA:2,(anonymous_1)
FNDA:0,(anonymous_2)
DA:3,3
DA:39,3
DA:42,3
DA:43,2
DA:54,2
DA:55,2
DA:56,2
DA:61,0
DA:67,0
DA:72,3
DA:73,2
DA:77,3
DA:78,0
DA:79,0
DA:83,3
LF:15
LH:11
BRDA:55,0,0,2
BRDA:55,0,1,0
BRDA:78,1,0,0
BRDA:78,1,1,0
BRF:4
BRH:1
end_of_record
TN:
SF:src\models\Shipping.js
FNF:0
FNH:0
DA:3,3
DA:26,3
DA:105,3
DA:188,3
DA:189,3
DA:190,3
DA:191,3
DA:192,3
DA:193,3
DA:195,3
DA:196,3
DA:197,3
LF:12
LH:12
BRF:0
BRH:0
end_of_record
TN:
SF:src\models\StockMovement.js
FNF:0
FNH:0
DA:3,3
DA:59,3
DA:60,3
DA:61,3
DA:62,3
DA:64,3
LF:6
LH:6
BRF:0
BRH:0
end_of_record
TN:
SF:src\models\Tax.js
FNF:0
FNH:0
DA:3,0
DA:20,0
DA:32,0
DA:87,0
DA:88,0
DA:90,0
DA:91,0
DA:92,0
LF:8
LH:0
BRF:0
BRH:0
end_of_record
TN:
SF:src\models\User.js
FN:72,(anonymous_0)
FN:183,(anonymous_1)
FN:188,(anonymous_2)
FN:206,(anonymous_3)
FN:211,(anonymous_4)
FN:219,(anonymous_5)
FN:227,(anonymous_6)
FN:247,(anonymous_7)
FN:255,(anonymous_8)
FN:261,(anonymous_9)
FNF:10
FNH:8
FNDA:87,(anonymous_0)
FNDA:11,(anonymous_1)
FNDA:87,(anonymous_2)
FNDA:2,(anonymous_3)
FNDA:1,(anonymous_4)
FNDA:0,(anonymous_5)
FNDA:1,(anonymous_6)
FNDA:1,(anonymous_7)
FNDA:0,(anonymous_8)
FNDA:28,(anonymous_9)
DA:5,3
DA:16,3
DA:30,3
DA:40,3
DA:47,3
DA:55,3
DA:74,87
DA:177,3
DA:178,3
DA:179,3
DA:180,3
DA:183,3
DA:184,11
DA:188,3
DA:189,87
DA:190,59
DA:194,28
DA:195,28
DA:196,0
DA:197,0
DA:200,28
DA:201,28
DA:202,28
DA:206,3
DA:207,2
DA:211,3
DA:212,1
DA:213,1
DA:214,1
DA:215,1
DA:219,3
DA:220,0
DA:221,0
DA:222,0
DA:223,0
DA:227,3
DA:229,1
DA:230,0
DA:236,1
DA:239,1
DA:240,0
DA:243,1
DA:247,3
DA:248,1
DA:255,3
DA:256,0
DA:257,0
DA:261,3
DA:262,28
DA:263,28
DA:264,28
DA:267,3
LF:52
LH:42
BRDA:184,0,0,11
BRDA:184,0,1,0
BRDA:189,1,0,59
BRDA:189,1,1,28
BRDA:195,2,0,0
BRDA:195,2,1,28
BRDA:195,3,0,28
BRDA:195,3,1,28
BRDA:229,4,0,0
BRDA:229,4,1,1
BRDA:229,5,0,1
BRDA:229,5,1,0
BRDA:239,6,0,0
BRDA:239,6,1,1
BRDA:256,7,0,0
BRDA:256,7,1,0
BRF:16
BRH:9
end_of_record
TN:
SF:src\models\Warehouse.js
FNF:0
FNH:0
DA:3,3
DA:58,3
LF:2
LH:2
BRF:0
BRH:0
end_of_record
TN:
SF:src\models\Wishlist.js
FNF:0
FNH:0
DA:3,3
DA:18,3
LF:2
LH:2
BRF:0
BRH:0
end_of_record
TN:
SF:src\models\index.js
FNF:0
FNH:0
LF:0
LH:0
BRF:0
BRH:0
end_of_record
TN:
SF:src\routes\adminRoutes.js
FN:36,(anonymous_0)
FN:42,(anonymous_1)
FN:57,(anonymous_2)
FNF:3
FNH:3
FNDA:84,(anonymous_0)
FNDA:3,(anonymous_1)
FNDA:33,(anonymous_2)
DA:24,3
DA:27,3
DA:30,3
DA:33,3
DA:34,3
DA:35,3
DA:36,84
DA:40,3
DA:41,3
DA:42,3
DA:46,3
DA:47,3
DA:48,3
DA:51,3
DA:54,3
DA:55,3
DA:56,3
DA:57,33
LF:18
LH:18
BRF:0
BRH:0
end_of_record
TN:
SF:src\routes\authRoutes.js
FNF:0
FNH:0
DA:26,3
DA:29,3
DA:30,3
DA:31,3
DA:32,3
DA:33,3
DA:34,3
DA:35,3
DA:38,3
DA:41,3
DA:42,3
DA:43,3
DA:44,3
DA:47,3
DA:52,3
DA:53,3
DA:56,3
DA:57,3
DA:58,3
LF:19
LH:19
BRF:0
BRH:0
end_of_record
TN:
SF:src\routes\brandRoutes.js
FN:10,(anonymous_0)
FN:22,(anonymous_1)
FN:34,(anonymous_2)
FN:58,(anonymous_3)
FN:92,(anonymous_4)
FN:114,(anonymous_5)
FNF:6
FNH:0
FNDA:0,(anonymous_0)
FNDA:0,(anonymous_1)
FNDA:0,(anonymous_2)
FNDA:0,(anonymous_3)
FNDA:0,(anonymous_4)
FNDA:0,(anonymous_5)
DA:5,3
DA:10,3
DA:11,0
DA:12,0
DA:15,0
DA:17,0
DA:22,3
DA:23,0
DA:24,0
DA:27,0
DA:29,0
DA:34,3
DA:35,0
DA:36,0
DA:41,0
DA:42,0
DA:48,0
DA:50,0
DA:55,3
DA:58,3
DA:59,0
DA:60,0
DA:62,0
DA:64,0
DA:75,0
DA:81,0
DA:82,0
DA:87,0
DA:92,3
DA:93,0
DA:94,0
DA:100,0
DA:101,0
DA:107,0
DA:109,0
DA:114,3
DA:115,0
DA:116,0
DA:118,0
DA:119,0
DA:125,0
DA:127,0
LF:42
LH:8
BRDA:41,0,0,0
BRDA:41,0,1,0
BRDA:81,1,0,0
BRDA:81,1,1,0
BRDA:100,2,0,0
BRDA:100,2,1,0
BRDA:118,3,0,0
BRDA:118,3,1,0
BRF:8
BRH:0
end_of_record
TN:
SF:src\routes\cartRoutes.js
FNF:0
FNH:0
DA:11,3
DA:13,3
DA:15,3
DA:20,3
DA:21,3
LF:5
LH:5
BRF:0
BRH:0
end_of_record
TN:
SF:src\routes\categoryRoutes.js
FNF:0
FNH:0
DA:4,3
DA:6,3
DA:7,3
LF:3
LH:3
BRF:0
BRH:0
end_of_record
TN:
SF:src\routes\contactRoutes.js
FNF:0
FNH:0
DA:5,3
DA:8,3
DA:9,3
LF:3
LH:3
BRF:0
BRH:0
end_of_record
TN:
SF:src\routes\couponRoutes.js
FNF:0
FNH:0
DA:5,3
DA:7,3
LF:2
LH:2
BRF:0
BRH:0
end_of_record
TN:
SF:src\routes\flashSaleRoutes.js
FN:10,(anonymous_0)
FN:28,(anonymous_1)
FN:45,(anonymous_2)
FN:75,(anonymous_3)
FN:97,(anonymous_4)
FN:115,(anonymous_5)
FN:137,(anonymous_6)
FN:155,(anonymous_7)
FNF:8
FNH:0
FNDA:0,(anonymous_0)
FNDA:0,(anonymous_1)
FNDA:0,(anonymous_2)
FNDA:0,(anonymous_3)
FNDA:0,(anonymous_4)
FNDA:0,(anonymous_5)
FNDA:0,(anonymous_6)
FNDA:0,(anonymous_7)
DA:5,3
DA:10,3
DA:11,0
DA:12,0
DA:13,0
DA:21,0
DA:23,0
DA:28,3
DA:29,0
DA:30,0
DA:31,0
DA:38,0
DA:40,0
DA:45,3
DA:46,0
DA:47,0
DA:49,0
DA:50,0
DA:52,0
DA:58,0
DA:60,0
DA:70,0
DA:75,3
DA:76,0
DA:77,0
DA:80,0
DA:81,0
DA:87,0
DA:89,0
DA:94,3
DA:97,3
DA:98,0
DA:99,0
DA:104,0
DA:110,0
DA:115,3
DA:116,0
DA:117,0
DA:123,0
DA:124,0
DA:130,0
DA:132,0
DA:137,3
DA:138,0
DA:139,0
DA:141,0
DA:142,0
DA:148,0
DA:150,0
DA:155,3
DA:156,0
DA:158,0
DA:159,0
DA:165,0
DA:166,0
DA:172,0
DA:174,0
LF:57
LH:10
BRDA:47,0,0,0
BRDA:47,1,0,0
BRDA:50,2,0,0
BRDA:50,2,1,0
BRDA:80,3,0,0
BRDA:80,3,1,0
BRDA:123,4,0,0
BRDA:123,4,1,0
BRDA:141,5,0,0
BRDA:141,5,1,0
BRDA:165,6,0,0
BRDA:165,6,1,0
BRF:12
BRH:0
end_of_record
TN:
SF:src\routes\inventoryRoutes.js
FNF:0
FNH:0
DA:19,3
DA:21,3
DA:24,3
DA:25,3
DA:26,3
DA:29,3
DA:30,3
DA:31,3
DA:32,3
DA:35,3
DA:41,3
DA:42,3
DA:44,3
DA:49,3
DA:54,3
LF:15
LH:15
BRF:0
BRH:0
end_of_record
TN:
SF:src\routes\notificationRoutes.js
FN:11,(anonymous_0)
FN:26,(anonymous_1)
FN:40,(anonymous_2)
FN:53,(anonymous_3)
FN:63,(anonymous_4)
FNF:5
FNH:0
FNDA:0,(anonymous_0)
FNDA:0,(anonymous_1)
FNDA:0,(anonymous_2)
FNDA:0,(anonymous_3)
FNDA:0,(anonymous_4)
DA:5,3
DA:8,3
DA:11,3
DA:12,0
DA:13,0
DA:14,0
DA:19,0
DA:21,0
DA:26,3
DA:27,0
DA:28,0
DA:33,0
DA:35,0
DA:40,3
DA:41,0
DA:42,0
DA:46,0
DA:48,0
DA:53,3
DA:54,0
DA:55,0
DA:56,0
DA:58,0
DA:63,3
DA:64,0
DA:65,0
DA:66,0
DA:68,0
LF:28
LH:7
BRDA:15,0,0,0
BRDA:15,0,1,0
BRDA:16,1,0,0
BRDA:16,1,1,0
BRF:4
BRH:0
end_of_record
TN:
SF:src\routes\orderRoutes.js
FNF:0
FNH:0
DA:13,3
DA:15,3
DA:17,3
DA:21,3
DA:23,3
LF:5
LH:5
BRF:0
BRH:0
end_of_record
TN:
SF:src\routes\paymentRoutes.js
FNF:0
FNH:0
DA:10,3
DA:12,3
DA:13,3
DA:14,3
DA:15,3
LF:5
LH:5
BRF:0
BRH:0
end_of_record
TN:
SF:src\routes\productRoutes.js
FNF:0
FNH:0
DA:7,3
DA:9,3
DA:10,3
DA:11,3
LF:4
LH:4
BRF:0
BRH:0
end_of_record
TN:
SF:src\routes\returnRoutes.js
FNF:0
FNH:0
DA:14,3
DA:16,3
DA:19,3
DA:20,3
DA:23,3
DA:24,3
DA:25,3
DA:26,3
DA:27,3
DA:30,3
LF:10
LH:10
BRF:0
BRH:0
end_of_record
TN:
SF:src\routes\shippingRoutes.js
FNF:0
FNH:0
DA:17,3
DA:20,3
DA:23,3
DA:26,3
DA:29,3
DA:32,3
DA:36,3
DA:41,3
DA:45,3
DA:50,3
LF:10
LH:10
BRF:0
BRH:0
end_of_record
TN:
SF:src\routes\wishlistRoutes.js
FNF:0
FNH:0
DA:10,3
DA:12,3
DA:14,3
DA:18,3
DA:19,3
LF:5
LH:5
BRF:0
BRH:0
end_of_record
TN:
SF:src\services\EmailService.js
FN:4,(anonymous_0)
FN:19,(anonymous_1)
FN:46,(anonymous_2)
FN:66,(anonymous_3)
FNF:4
FNH:4
FNDA:3,(anonymous_0)
FNDA:29,(anonymous_1)
FNDA:28,(anonymous_2)
FNDA:1,(anonymous_3)
DA:5,3
DA:7,3
DA:20,29
DA:21,29
DA:22,29
DA:23,29
DA:24,29
DA:25,29
DA:26,29
DA:27,29
DA:28,29
DA:31,0
DA:32,0
DA:39,0
DA:41,0
DA:42,0
DA:47,28
DA:48,28
DA:67,1
DA:68,1
LF:20
LH:15
BRDA:5,0,0,3
BRDA:5,0,1,0
BRDA:5,0,2,0
BRDA:7,1,0,0
BRDA:7,1,1,3
BRDA:10,2,0,0
BRDA:10,2,1,0
BRDA:20,3,0,29
BRDA:20,3,1,0
BRDA:21,4,0,29
BRDA:21,4,1,0
BRDA:47,5,0,28
BRDA:47,5,1,0
BRDA:67,6,0,1
BRDA:67,6,1,0
BRF:15
BRH:6
end_of_record
TN:
SF:src\services\InventoryService.js
FN:11,(anonymous_0)
FN:53,(anonymous_1)
FN:87,(anonymous_2)
FN:133,(anonymous_3)
FN:166,(anonymous_4)
FN:200,(anonymous_5)
FN:213,(anonymous_6)
FN:216,(anonymous_7)
FN:268,(anonymous_8)
FN:287,(anonymous_9)
FN:329,(anonymous_10)
FN:381,(anonymous_11)
FNF:12
FNH:0
FNDA:0,(anonymous_0)
FNDA:0,(anonymous_1)
FNDA:0,(anonymous_2)
FNDA:0,(anonymous_3)
FNDA:0,(anonymous_4)
FNDA:0,(anonymous_5)
FNDA:0,(anonymous_6)
FNDA:0,(anonymous_7)
FNDA:0,(anonymous_8)
FNDA:0,(anonymous_9)
FNDA:0,(anonymous_10)
FNDA:0,(anonymous_11)
DA:12,0
DA:14,0
DA:15,0
DA:17,0
DA:18,0
DA:22,0
DA:23,0
DA:24,0
DA:28,0
DA:29,0
DA:32,0
DA:44,0
DA:47,0
DA:54,0
DA:56,0
DA:57,0
DA:59,0
DA:62,0
DA:63,0
DA:66,0
DA:78,0
DA:81,0
DA:88,0
DA:90,0
DA:91,0
DA:93,0
DA:95,0
DA:98,0
DA:99,0
DA:102,0
DA:104,0
DA:107,0
DA:121,0
DA:124,0
DA:127,0
DA:134,0
DA:136,0
DA:137,0
DA:140,0
DA:141,0
DA:142,0
DA:145,0
DA:160,0
DA:167,0
DA:169,0
DA:170,0
DA:173,0
DA:174,0
DA:176,0
DA:177,0
DA:180,0
DA:192,0
DA:194,0
DA:201,0
DA:203,0
DA:204,0
DA:208,0
DA:209,0
DA:212,0
DA:213,0
DA:215,0
DA:216,0
DA:219,0
DA:220,0
DA:224,0
DA:225,0
DA:226,0
DA:228,0
DA:234,0
DA:237,0
DA:262,0
DA:269,0
DA:271,0
DA:275,0
DA:276,0
DA:279,0
DA:281,0
DA:288,0
DA:291,0
DA:292,0
DA:296,0
DA:302,0
DA:303,0
DA:304,0
DA:308,0
DA:336,0
DA:369,0
DA:382,0
DA:384,0
DA:385,0
DA:386,0
DA:392,0
DA:398,0
DA:406,0
LF:94
LH:0
BRDA:17,0,0,0
BRDA:17,0,1,0
BRDA:23,1,0,0
BRDA:23,1,1,0
BRDA:23,2,0,0
BRDA:23,2,1,0
BRDA:59,3,0,0
BRDA:59,3,1,0
BRDA:93,4,0,0
BRDA:93,4,1,0
BRDA:118,5,0,0
BRDA:118,5,1,0
BRDA:133,6,0,0
BRDA:136,7,0,0
BRDA:136,7,1,0
BRDA:156,8,0,0
BRDA:156,8,1,0
BRDA:169,9,0,0
BRDA:169,9,1,0
BRDA:203,10,0,0
BRDA:203,10,1,0
BRDA:208,11,0,0
BRDA:208,11,1,0
BRDA:208,12,0,0
BRDA:208,12,1,0
BRDA:219,13,0,0
BRDA:219,13,1,0
BRDA:219,14,0,0
BRDA:219,14,1,0
BRDA:225,15,0,0
BRDA:225,15,1,0
BRDA:253,16,0,0
BRDA:253,16,1,0
BRDA:254,17,0,0
BRDA:254,17,1,0
BRDA:269,18,0,0
BRDA:269,18,1,0
BRDA:275,19,0,0
BRDA:275,19,1,0
BRDA:291,20,0,0
BRDA:291,20,1,0
BRDA:304,21,0,0
BRDA:304,21,1,0
BRDA:305,22,0,0
BRDA:305,22,1,0
BRDA:374,23,0,0
BRDA:374,23,1,0
BRDA:389,24,0,0
BRDA:389,24,1,0
BRF:49
BRH:0
end_of_record
TN:
SF:src\services\Logger.js
FN:18,(anonymous_0)
FN:63,(anonymous_1)
FNF:2
FNH:0
FNDA:0,(anonymous_0)
FNDA:0,(anonymous_1)
DA:4,0
DA:7,0
DA:15,0
DA:19,0
DA:20,0
DA:21,0
DA:23,0
DA:28,0
DA:62,0
DA:64,0
LF:10
LH:0
BRDA:20,0,0,0
BRDA:20,0,1,0
BRDA:29,1,0,0
BRDA:29,1,1,0
BRDA:35,2,0,0
BRDA:35,2,1,0
BRF:6
BRH:0
end_of_record
TN:
SF:src\services\NotificationService.js
FN:9,(anonymous_0)
FN:93,(anonymous_1)
FN:113,(anonymous_2)
FN:123,(anonymous_3)
FN:132,(anonymous_4)
FN:164,(anonymous_5)
FN:176,(anonymous_6)
FN:187,(anonymous_7)
FN:198,(anonymous_8)
FN:211,(anonymous_9)
FN:224,(anonymous_10)
FN:237,(anonymous_11)
FN:250,(anonymous_12)
FN:264,(anonymous_13)
FN:283,(anonymous_14)
FN:301,(anonymous_15)
FN:319,(anonymous_16)
FNF:17
FNH:0
FNDA:0,(anonymous_0)
FNDA:0,(anonymous_1)
FNDA:0,(anonymous_2)
FNDA:0,(anonymous_3)
FNDA:0,(anonymous_4)
FNDA:0,(anonymous_5)
FNDA:0,(anonymous_6)
FNDA:0,(anonymous_7)
FNDA:0,(anonymous_8)
FNDA:0,(anonymous_9)
FNDA:0,(anonymous_10)
FNDA:0,(anonymous_11)
FNDA:0,(anonymous_12)
FNDA:0,(anonymous_13)
FNDA:0,(anonymous_14)
FNDA:0,(anonymous_15)
FNDA:0,(anonymous_16)
DA:22,0
DA:24,0
DA:44,0
DA:46,0
DA:47,0
DA:48,0
DA:52,0
DA:53,0
DA:54,0
DA:58,0
DA:59,0
DA:60,0
DA:61,0
DA:62,0
DA:63,0
DA:65,0
DA:66,0
DA:71,0
DA:72,0
DA:73,0
DA:74,0
DA:75,0
DA:76,0
DA:78,0
DA:79,0
DA:83,0
DA:85,0
DA:86,0
DA:94,0
DA:116,0
DA:117,0
DA:125,0
DA:126,0
DA:133,0
DA:135,0
DA:136,0
DA:139,0
DA:144,0
DA:145,0
DA:150,0
DA:165,0
DA:170,0
DA:177,0
DA:181,0
DA:188,0
DA:192,0
DA:199,0
DA:212,0
DA:225,0
DA:238,0
DA:251,0
DA:265,0
DA:266,0
DA:267,0
DA:278,0
DA:280,0
DA:284,0
DA:285,0
DA:286,0
DA:296,0
DA:298,0
DA:302,0
DA:303,0
DA:304,0
DA:314,0
DA:316,0
DA:320,0
LF:67
LH:0
BRDA:18,0,0,0
BRDA:19,1,0,0
BRDA:20,2,0,0
BRDA:36,3,0,0
BRDA:36,3,1,0
BRDA:46,4,0,0
BRDA:46,4,1,0
BRDA:52,5,0,0
BRDA:52,5,1,0
BRDA:58,6,0,0
BRDA:58,6,1,0
BRDA:58,7,0,0
BRDA:58,7,1,0
BRDA:71,8,0,0
BRDA:71,8,1,0
BRDA:71,9,0,0
BRDA:71,9,1,0
BRDA:102,10,0,0
BRDA:102,10,1,0
BRDA:132,11,0,0
BRDA:132,12,0,0
BRDA:132,13,0,0
BRDA:135,14,0,0
BRDA:135,14,1,0
BRF:24
BRH:0
end_of_record
TN:
SF:src\services\PayPalService.js
FN:4,(anonymous_0)
FN:14,(anonymous_1)
FN:36,(anonymous_2)
FN:77,(anonymous_3)
FNF:4
FNH:1
FNDA:3,(anonymous_0)
FNDA:0,(anonymous_1)
FNDA:0,(anonymous_2)
FNDA:0,(anonymous_3)
DA:5,3
DA:6,3
DA:7,3
DA:8,3
DA:11,3
DA:15,0
DA:17,0
DA:18,0
DA:19,0
DA:29,0
DA:31,0
DA:32,0
DA:37,0
DA:38,0
DA:39,0
DA:48,0
DA:49,0
DA:50,0
DA:70,0
DA:72,0
DA:73,0
DA:78,0
DA:79,0
DA:80,0
DA:87,0
DA:88,0
DA:89,0
DA:99,0
DA:101,0
DA:102,0
LF:30
LH:5
BRDA:7,0,0,3
BRDA:7,0,1,3
BRDA:8,1,0,0
BRDA:8,1,1,3
BRDA:11,2,0,3
BRDA:11,2,1,0
BRDA:15,3,0,0
BRDA:15,3,1,0
BRDA:31,4,0,0
BRDA:31,4,1,0
BRDA:36,5,0,0
BRDA:38,6,0,0
BRDA:38,6,1,0
BRDA:72,7,0,0
BRDA:72,7,1,0
BRDA:79,8,0,0
BRDA:79,8,1,0
BRDA:79,9,0,0
BRDA:79,9,1,0
BRDA:101,10,0,0
BRDA:101,10,1,0
BRF:21
BRH:4
end_of_record
TN:
SF:src\services\RazorpayService.js
FN:5,(anonymous_0)
FN:18,(anonymous_1)
FN:43,(anonymous_2)
FNF:3
FNH:1
FNDA:3,(anonymous_0)
FNDA:0,(anonymous_1)
FNDA:0,(anonymous_2)
DA:6,3
DA:7,3
DA:8,3
DA:10,3
DA:19,0
DA:20,0
DA:21,0
DA:30,0
DA:31,0
DA:36,0
DA:38,0
DA:39,0
DA:44,0
DA:45,0
DA:46,0
DA:49,0
DA:50,0
DA:51,0
DA:56,0
DA:58,0
DA:59,0
LF:21
LH:4
BRDA:8,0,0,3
BRDA:8,0,1,0
BRDA:10,1,0,0
BRDA:10,1,1,3
BRDA:18,2,0,0
BRDA:20,3,0,0
BRDA:20,3,1,0
BRDA:44,4,0,0
BRDA:44,4,1,0
BRF:9
BRH:2
end_of_record
TN:
SF:src\services\StripeService.js
FN:4,(anonymous_0)
FN:10,(anonymous_1)
FN:40,(anonymous_2)
FNF:3
FNH:1
FNDA:3,(anonymous_0)
FNDA:0,(anonymous_1)
FNDA:0,(anonymous_2)
DA:5,3
DA:11,0
DA:12,0
DA:13,0
DA:14,0
DA:22,0
DA:23,0
DA:28,0
DA:35,0
DA:36,0
DA:41,0
DA:42,0
DA:43,0
DA:46,0
DA:47,0
DA:49,0
DA:50,0
LF:17
LH:1
BRDA:5,0,0,0
BRDA:5,0,1,3
BRDA:5,1,0,3
BRDA:5,1,1,0
BRDA:10,2,0,0
BRDA:12,3,0,0
BRDA:12,3,1,0
BRDA:41,4,0,0
BRDA:41,4,1,0
BRDA:41,5,0,0
BRDA:41,5,1,0
BRDA:41,5,2,0
BRF:12
BRH:2
end_of_record
TN:
SF:src\services\TaxService.js
FN:7,(anonymous_0)
FN:76,(anonymous_1)
FN:85,(anonymous_2)
FN:100,(anonymous_3)
FN:125,(anonymous_4)
FN:142,(anonymous_5)
FN:152,(anonymous_6)
FN:190,(anonymous_7)
FN:204,(anonymous_8)
FN:214,(anonymous_9)
FNF:10
FNH:0
FNDA:0,(anonymous_0)
FNDA:0,(anonymous_1)
FNDA:0,(anonymous_2)
FNDA:0,(anonymous_3)
FNDA:0,(anonymous_4)
FNDA:0,(anonymous_5)
FNDA:0,(anonymous_6)
FNDA:0,(anonymous_7)
FNDA:0,(anonymous_8)
FNDA:0,(anonymous_9)
DA:8,0
DA:9,0
DA:13,0
DA:15,0
DA:16,0
DA:20,0
DA:33,0
DA:34,0
DA:38,0
DA:39,0
DA:40,0
DA:42,0
DA:43,0
DA:46,0
DA:47,0
DA:49,0
DA:50,0
DA:54,0
DA:57,0
DA:58,0
DA:61,0
DA:62,0
DA:64,0
DA:72,0
DA:76,0
DA:86,0
DA:88,0
DA:89,0
DA:90,0
DA:94,0
DA:102,0
DA:103,0
DA:104,0
DA:109,0
DA:110,0
DA:111,0
DA:116,0
DA:117,0
DA:118,0
DA:123,0
DA:124,0
DA:125,0
DA:126,0
DA:127,0
DA:129,0
DA:131,0
DA:132,0
DA:136,0
DA:143,0
DA:153,0
DA:154,0
DA:157,0
DA:158,0
DA:160,0
DA:161,0
DA:164,0
DA:170,0
DA:171,0
DA:174,0
DA:176,0
DA:191,0
DA:193,0
DA:205,0
DA:215,0
DA:217,0
DA:219,0
DA:220,0
DA:221,0
DA:223,0
DA:226,0
LF:70
LH:0
BRDA:8,0,0,0
BRDA:8,0,1,0
BRDA:15,1,0,0
BRDA:15,1,1,0
BRDA:33,2,0,0
BRDA:33,2,1,0
BRDA:46,3,0,0
BRDA:46,3,1,0
BRDA:49,4,0,0
BRDA:49,4,1,0
BRDA:57,5,0,0
BRDA:57,5,1,0
BRDA:75,6,0,0
BRDA:75,6,1,0
BRDA:89,7,0,0
BRDA:89,7,1,0
BRDA:102,8,0,0
BRDA:102,8,1,0
BRDA:103,9,0,0
BRDA:103,9,1,0
BRDA:109,10,0,0
BRDA:109,10,1,0
BRDA:110,11,0,0
BRDA:110,11,1,0
BRDA:116,12,0,0
BRDA:116,12,1,0
BRDA:117,13,0,0
BRDA:117,13,1,0
BRDA:123,14,0,0
BRDA:123,14,1,0
BRDA:126,15,0,0
BRDA:126,15,1,0
BRDA:126,16,0,0
BRDA:126,16,1,0
BRDA:127,17,0,0
BRDA:127,17,1,0
BRDA:131,18,0,0
BRDA:131,18,1,0
BRDA:144,19,0,0
BRDA:144,19,1,0
BRDA:153,20,0,0
BRDA:153,20,1,0
BRDA:160,21,0,0
BRDA:160,21,1,0
BRDA:160,22,0,0
BRDA:160,22,1,0
BRDA:170,23,0,0
BRDA:170,23,1,0
BRDA:219,24,0,0
BRDA:219,24,1,0
BRF:50
BRH:0
end_of_record
TN:
SF:src\utils\authHelpers.js
FN:1,(anonymous_0)
FN:3,(anonymous_1)
FNF:2
FNH:1
FNDA:0,(anonymous_0)
FNDA:2,(anonymous_1)
DA:1,3
DA:3,3
DA:4,2
DA:5,2
DA:6,2
LF:5
LH:5
BRDA:4,0,0,0
BRDA:4,0,1,2
BRDA:4,1,0,2
BRDA:4,1,1,2
BRDA:5,2,0,2
BRDA:5,2,1,0
BRDA:6,3,0,2
BRDA:6,3,1,0
BRF:8
BRH:5
end_of_record
TN:
SF:src\utils\generateToken.js
FN:3,(anonymous_0)
FNF:1
FNH:1
FNDA:29,(anonymous_0)
DA:3,3
DA:4,29
DA:5,29
DA:6,0
DA:9,29
LF:5
LH:4
BRDA:5,0,0,0
BRDA:5,0,1,29
BRDA:10,1,0,29
BRDA:10,1,1,0
BRF:4
BRH:2
end_of_record
TN:
SF:src\utils\invoiceGenerator.js
FN:3,(anonymous_0)
FN:45,(anonymous_1)
FN:58,(anonymous_2)
FN:65,(anonymous_3)
FNF:4
FNH:0
FNDA:0,(anonymous_0)
FNDA:0,(anonymous_1)
FNDA:0,(anonymous_2)
FNDA:0,(anonymous_3)
DA:3,3
DA:4,0
DA:6,0
DA:9,0
DA:13,0
DA:20,0
DA:23,0
DA:24,0
DA:31,0
DA:34,0
DA:35,0
DA:41,0
DA:42,0
DA:45,0
DA:46,0
DA:51,0
DA:54,0
DA:55,0
DA:58,0
DA:59,0
DA:62,0
DA:65,0
DA:66,0
DA:67,0
DA:68,0
DA:69,0
DA:70,0
DA:73,0
DA:74,0
DA:76,0
DA:82,0
DA:86,0
LF:32
LH:1
BRDA:25,0,0,0
BRDA:25,0,1,0
BRDA:69,1,0,0
BRDA:69,1,1,0
BRF:4
BRH:0
end_of_record
TN:
SF:src\utils\orderPricing.js
FN:4,(anonymous_0)
FN:6,(anonymous_1)
FN:12,(anonymous_2)
FNF:3
FNH:3
FNDA:3,(anonymous_0)
FNDA:3,(anonymous_1)
FNDA:4,(anonymous_2)
DA:4,4
DA:5,3
DA:6,3
DA:7,3
DA:9,0
DA:12,4
DA:18,4
DA:19,4
DA:21,4
DA:22,4
DA:23,4
DA:24,0
DA:25,0
DA:26,0
DA:29,4
DA:30,0
DA:31,0
DA:32,0
DA:35,4
DA:36,1
DA:39,1
DA:40,1
DA:43,3
DA:44,3
DA:46,3
DA:57,3
DA:58,3
DA:60,3
DA:61,1
DA:62,1
DA:63,0
DA:64,0
DA:65,0
DA:68,1
DA:69,0
DA:70,0
DA:71,0
DA:74,1
DA:75,1
DA:77,0
DA:79,1
DA:80,1
DA:83,3
DA:84,3
DA:85,3
DA:87,3
LF:46
LH:32
BRDA:4,0,0,0
BRDA:5,1,0,3
BRDA:5,1,1,0
BRDA:6,2,0,3
BRDA:6,2,1,0
BRDA:7,3,0,0
BRDA:7,3,1,3
BRDA:7,4,0,3
BRDA:7,4,1,0
BRDA:15,5,0,0
BRDA:16,6,0,0
BRDA:23,7,0,0
BRDA:23,7,1,4
BRDA:24,8,0,0
BRDA:24,8,1,0
BRDA:29,9,0,0
BRDA:29,9,1,4
BRDA:35,10,0,1
BRDA:35,10,1,3
BRDA:35,11,0,4
BRDA:35,11,1,4
BRDA:60,12,0,1
BRDA:60,12,1,2
BRDA:62,13,0,0
BRDA:62,13,1,1
BRDA:68,14,0,0
BRDA:68,14,1,1
BRDA:74,15,0,1
BRDA:74,15,1,0
BRDA:83,16,0,3
BRDA:83,16,1,1
BRDA:84,17,0,3
BRDA:84,17,1,1
BRF:33
BRH:19
end_of_record
TN:
SF:src\validation\schemas.js
FNF:0
FNH:0
DA:3,3
DA:24,3
DA:34,3
DA:49,3
DA:60,3
DA:125,3
DA:131,3
DA:155,3
DA:169,3
DA:178,3
DA:189,3
DA:208,3
DA:223,3
DA:261,3
DA:279,3
DA:300,3
DA:311,3
DA:328,3
LF:18
LH:18
BRF:0
BRH:0
end_of_record
